"../../../Engine/Content/Animation/DefaultAnimBoneCompressionSettings.uasset" 0
"../../../Engine/Content/Animation/DefaultAnimBoneCompressionSettings.uexp" 1
"../../../Engine/Content/Animation/DefaultAnimCurveCompressionSettings.uasset" 2
"../../../Engine/Content/Animation/DefaultAnimCurveCompressionSettings.uexp" 3
"../../../Engine/Content/EngineMaterials/T_Default_Material_Grid_N.uasset" 4
"../../../Engine/Content/EngineMaterials/T_Default_Material_Grid_N.uexp" 5
"../../../Engine/Content/EngineMaterials/T_Default_Material_Grid_N.ubulk" 6
"../../../Engine/Content/EngineMaterials/T_Default_Material_Grid_M.uasset" 7
"../../../Engine/Content/EngineMaterials/T_Default_Material_Grid_M.uexp" 8
"../../../Engine/Content/EngineMaterials/T_Default_Material_Grid_M.ubulk" 9
"../../../Engine/Content/Functions/Engine_MaterialFunctions01/Opacity/CameraDepthFade.uasset" 10
"../../../Engine/Content/Functions/Engine_MaterialFunctions01/Opacity/CameraDepthFade.uexp" 11
"../../../Engine/Content/EngineMaterials/WorldGridMaterial.uasset" 12
"../../../Engine/Content/EngineMaterials/WorldGridMaterial.uexp" 13
"../../../Engine/Content/ArtTools/RenderToTexture/Meshes/S_1_Unit_Plane.uasset" 14
"../../../Engine/Content/ArtTools/RenderToTexture/Meshes/S_1_Unit_Plane.uexp" 15
"../../../Engine/Content/EngineMaterials/DefaultMaterial.uasset" 16
"../../../Engine/Content/EngineMaterials/DefaultMaterial.uexp" 17
"../../../Engine/Content/BasicShapes/Cone.uasset" 18
"../../../Engine/Content/BasicShapes/Cone.uexp" 19
"../../../Engine/Content/BasicShapes/Cube.uasset" 20
"../../../Engine/Content/BasicShapes/Cube.uexp" 21
"../../../Engine/Content/BasicShapes/Plane.uasset" 22
"../../../Engine/Content/BasicShapes/Plane.uexp" 23
"../../../Engine/Content/BasicShapes/Sphere.uasset" 24
"../../../Engine/Content/BasicShapes/Sphere.uexp" 25
"../../../Engine/Content/EngineDamageTypes/DmgTypeBP_Environmental.uasset" 26
"../../../Engine/Content/EngineDamageTypes/DmgTypeBP_Environmental.uexp" 27
"../../../Engine/Content/EngineDebugMaterials/DebugEditorMaterial.uasset" 28
"../../../Engine/Content/EngineDebugMaterials/DebugEditorMaterial.uexp" 29
"../../../Engine/Content/EngineDebugMaterials/DebugMeshMaterial.uasset" 30
"../../../Engine/Content/EngineDebugMaterials/DebugMeshMaterial.uexp" 31
"../../../Engine/Content/EngineDebugMaterials/M_SimpleUnlitTranslucent.uasset" 32
"../../../Engine/Content/EngineDebugMaterials/M_SimpleUnlitTranslucent.uexp" 33
"../../../Engine/Content/EngineDebugMaterials/VolumeToRender.uasset" 34
"../../../Engine/Content/EngineDebugMaterials/VolumeToRender.uexp" 35
"../../../Engine/Content/Functions/Engine_MaterialFunctions02/Utility/CameraDirectionVector.uasset" 36
"../../../Engine/Content/Functions/Engine_MaterialFunctions02/Utility/CameraDirectionVector.uexp" 37
"../../../Engine/Content/EngineDebugMaterials/M_VolumeRenderSphereTracePP.uasset" 38
"../../../Engine/Content/EngineDebugMaterials/M_VolumeRenderSphereTracePP.uexp" 39
"../../../Engine/Content/Functions/Engine_MaterialFunctions01/Shading/ConvertFromDiffSpec.uasset" 40
"../../../Engine/Content/Functions/Engine_MaterialFunctions01/Shading/ConvertFromDiffSpec.uexp" 41
"../../../Engine/Content/EngineDebugMaterials/VertexColorMaterial.uasset" 42
"../../../Engine/Content/EngineDebugMaterials/VertexColorMaterial.uexp" 43
"../../../Engine/Content/EngineDebugMaterials/WireframeMaterial.uasset" 44
"../../../Engine/Content/EngineDebugMaterials/WireframeMaterial.uexp" 45
"../../../Engine/Content/EngineFonts/Faces/RobotoRegular.uasset" 46
"../../../Engine/Content/EngineFonts/Faces/RobotoRegular.uexp" 47
"../../../Engine/Content/EngineFonts/Faces/RobotoRegular.ufont" 48
"../../../Engine/Content/EngineFonts/Faces/RobotoLight.uasset" 49
"../../../Engine/Content/EngineFonts/Faces/RobotoLight.uexp" 50
"../../../Engine/Content/EngineFonts/Faces/RobotoLight.ufont" 51
"../../../Engine/Content/EngineFonts/Faces/RobotoItalic.uasset" 52
"../../../Engine/Content/EngineFonts/Faces/RobotoItalic.uexp" 53
"../../../Engine/Content/EngineFonts/Faces/RobotoItalic.ufont" 54
"../../../Engine/Content/EngineFonts/Faces/RobotoBoldItalic.uasset" 55
"../../../Engine/Content/EngineFonts/Faces/RobotoBoldItalic.uexp" 56
"../../../Engine/Content/EngineFonts/Faces/RobotoBoldItalic.ufont" 57
"../../../Engine/Content/EngineFonts/Faces/RobotoBold.uasset" 58
"../../../Engine/Content/EngineFonts/Faces/RobotoBold.uexp" 59
"../../../Engine/Content/EngineFonts/Faces/RobotoBold.ufont" 60
"../../../Engine/Content/EngineFonts/Faces/DroidSansFallback.uasset" 61
"../../../Engine/Content/EngineFonts/Faces/DroidSansFallback.uexp" 62
"../../../Engine/Content/EngineFonts/Faces/DroidSansFallback.ufont" 63
"../../../Engine/Content/EngineFonts/Roboto.uasset" 64
"../../../Engine/Content/EngineFonts/Roboto.uexp" 65
"../../../Engine/Content/EngineMaterials/BaseFlattenNormalMap.uasset" 66
"../../../Engine/Content/EngineMaterials/BaseFlattenNormalMap.uexp" 67
"../../../Engine/Content/EngineMaterials/BaseFlattenGrayscaleMap.uasset" 68
"../../../Engine/Content/EngineMaterials/BaseFlattenGrayscaleMap.uexp" 69
"../../../Engine/Content/EngineMaterials/BaseFlattenEmissiveMap.uasset" 70
"../../../Engine/Content/EngineMaterials/BaseFlattenEmissiveMap.uexp" 71
"../../../Engine/Content/EngineMaterials/BaseFlattenDiffuseMap.uasset" 72
"../../../Engine/Content/EngineMaterials/BaseFlattenDiffuseMap.uexp" 73
"../../../Engine/Content/EngineMaterials/BaseFlattenMaterial.uasset" 74
"../../../Engine/Content/EngineMaterials/BaseFlattenMaterial.uexp" 75
"../../../Engine/Content/EngineMaterials/BlueNoise.uasset" 76
"../../../Engine/Content/EngineMaterials/BlueNoise.uexp" 77
"../../../Engine/Content/EngineMaterials/DefaultBloomKernel.uasset" 78
"../../../Engine/Content/EngineMaterials/DefaultBloomKernel.uexp" 79
"../../../Engine/Content/EngineMaterials/DefaultBokeh.uasset" 80
"../../../Engine/Content/EngineMaterials/DefaultBokeh.uexp" 81
"../../../Engine/Content/EngineMaterials/DefaultDiffuse.uasset" 82
"../../../Engine/Content/EngineMaterials/DefaultDiffuse.uexp" 83
"../../../Engine/Content/EngineMaterials/DefaultDiffuse.ubulk" 84
"../../../Engine/Content/EngineMaterials/DefaultDeferredDecalMaterial.uasset" 85
"../../../Engine/Content/EngineMaterials/DefaultDeferredDecalMaterial.uexp" 86
"../../../Engine/Content/EngineMaterials/DefaultLightFunctionMaterial.uasset" 87
"../../../Engine/Content/EngineMaterials/DefaultLightFunctionMaterial.uexp" 88
"../../../Engine/Content/EngineMaterials/DefaultPhysicalMaterial.uasset" 89
"../../../Engine/Content/EngineMaterials/DefaultPhysicalMaterial.uexp" 90
"../../../Engine/Content/Functions/Engine_MaterialFunctions02/Utility/BreakOutFloat2Components.uasset" 91
"../../../Engine/Content/Functions/Engine_MaterialFunctions02/Utility/BreakOutFloat2Components.uexp" 92
"../../../Engine/Content/EngineMaterials/DefaultPostProcessMaterial.uasset" 93
"../../../Engine/Content/EngineMaterials/DefaultPostProcessMaterial.uexp" 94
"../../../Engine/Content/EngineFonts/RobotoDistanceField.uasset" 95
"../../../Engine/Content/EngineFonts/RobotoDistanceField.uexp" 96
"../../../Engine/Content/EngineMaterials/DefaultTextMaterialOpaque.uasset" 97
"../../../Engine/Content/EngineMaterials/DefaultTextMaterialOpaque.uexp" 98
"../../../Engine/Content/EngineMaterials/DefaultWhiteGrid.uasset" 99
"../../../Engine/Content/EngineMaterials/DefaultWhiteGrid.uexp" 100
"../../../Engine/Content/EngineMaterials/DefaultWhiteGrid.ubulk" 101
"../../../Engine/Content/EngineMaterials/DefaultWhiteGrid_Low.uasset" 102
"../../../Engine/Content/EngineMaterials/DefaultWhiteGrid_Low.uexp" 103
"../../../Engine/Content/EngineMaterials/EmissiveMeshMaterial.uasset" 104
"../../../Engine/Content/EngineMaterials/EmissiveMeshMaterial.uexp" 105
"../../../Engine/Content/EngineMaterials/GizmoMaterial.uasset" 106
"../../../Engine/Content/EngineMaterials/GizmoMaterial.uexp" 107
"../../../Engine/Content/EngineMaterials/Good64x64TilingNoiseHighFreq.uasset" 108
"../../../Engine/Content/EngineMaterials/Good64x64TilingNoiseHighFreq.uexp" 109
"../../../Engine/Content/EngineMaterials/MiniFont.uasset" 110
"../../../Engine/Content/EngineMaterials/MiniFont.uexp" 111
"../../../Engine/Content/EngineMaterials/InvalidLightmapSettings.uasset" 112
"../../../Engine/Content/EngineMaterials/InvalidLightmapSettings.uexp" 113
"../../../Engine/Content/EngineMaterials/InvalidLightmapSettings.ubulk" 114
"../../../Engine/Content/EngineMaterials/M_InvalidLightmapSettings.uasset" 115
"../../../Engine/Content/EngineMaterials/M_InvalidLightmapSettings.uexp" 116
"../../../Engine/Content/Functions/Engine_MaterialFunctions02/WorldPositionOffset/CameraOffset.uasset" 117
"../../../Engine/Content/Functions/Engine_MaterialFunctions02/WorldPositionOffset/CameraOffset.uexp" 118
"../../../Engine/Content/EngineMaterials/PhAT_JointLimitMaterial.uasset" 119
"../../../Engine/Content/EngineMaterials/PhAT_JointLimitMaterial.uexp" 120
"../../../Engine/Content/EngineMaterials/DefaultCalibrationColor.uasset" 121
"../../../Engine/Content/EngineMaterials/DefaultCalibrationColor.uexp" 122
"../../../Engine/Content/EngineMaterials/PPM_DefaultCalibrationColor.uasset" 123
"../../../Engine/Content/EngineMaterials/PPM_DefaultCalibrationColor.uexp" 124
"../../../Engine/Content/EngineMaterials/DefaultCalibrationGrayscale.uasset" 125
"../../../Engine/Content/EngineMaterials/DefaultCalibrationGrayscale.uexp" 126
"../../../Engine/Content/EngineMaterials/PPM_DefaultCalibrationGrayscale.uasset" 127
"../../../Engine/Content/EngineMaterials/PPM_DefaultCalibrationGrayscale.uexp" 128
"../../../Engine/Content/EngineMaterials/PreintegratedSkinBRDF.uasset" 129
"../../../Engine/Content/EngineMaterials/PreintegratedSkinBRDF.uexp" 130
"../../../Engine/Content/EngineMaterials/RemoveSurfaceMaterial.uasset" 131
"../../../Engine/Content/EngineMaterials/RemoveSurfaceMaterial.uexp" 132
"../../../Engine/Content/EngineMaterials/WeightMapPlaceholderTexture.uasset" 133
"../../../Engine/Content/EngineMaterials/WeightMapPlaceholderTexture.uexp" 134
"../../../Engine/Content/EngineResources/WhiteSquareTexture.uasset" 135
"../../../Engine/Content/EngineResources/WhiteSquareTexture.uexp" 136
"../../../Engine/Content/EngineMaterials/Widget3DPassThrough.uasset" 137
"../../../Engine/Content/EngineMaterials/Widget3DPassThrough.uexp" 138
"../../../Engine/Content/EngineMaterials/Widget3DPassThrough_Masked.uasset" 139
"../../../Engine/Content/EngineMaterials/Widget3DPassThrough_Masked.uexp" 140
"../../../Engine/Content/EngineMaterials/Widget3DPassThrough_Opaque.uasset" 141
"../../../Engine/Content/EngineMaterials/Widget3DPassThrough_Opaque.uexp" 142
"../../../Engine/Content/EngineMaterials/Widget3DPassThrough_Masked_OneSided.uasset" 143
"../../../Engine/Content/EngineMaterials/Widget3DPassThrough_Masked_OneSided.uexp" 144
"../../../Engine/Content/EngineMaterials/Widget3DPassThrough_Opaque_OneSided.uasset" 145
"../../../Engine/Content/EngineMaterials/Widget3DPassThrough_Opaque_OneSided.uexp" 146
"../../../Engine/Content/EngineMaterials/Widget3DPassThrough_Translucent.uasset" 147
"../../../Engine/Content/EngineMaterials/Widget3DPassThrough_Translucent.uexp" 148
"../../../Engine/Content/EngineMaterials/Widget3DPassThrough_Translucent_OneSided.uasset" 149
"../../../Engine/Content/EngineMaterials/Widget3DPassThrough_Translucent_OneSided.uexp" 150
"../../../Engine/Content/EngineMeshes/Cylinder.uasset" 151
"../../../Engine/Content/EngineMeshes/Cylinder.uexp" 152
"../../../Engine/Content/EngineMeshes/Sphere.uasset" 153
"../../../Engine/Content/EngineMeshes/Sphere.uexp" 154
"../../../Engine/Content/EngineResources/DefaultTexture.uasset" 155
"../../../Engine/Content/EngineResources/DefaultTexture.uexp" 156
"../../../Engine/Content/EngineResources/DefaultTexture.ubulk" 157
"../../../Engine/Content/EngineResources/DefaultTextureCube.uasset" 158
"../../../Engine/Content/EngineResources/DefaultTextureCube.uexp" 159
"../../../Engine/Content/EngineResources/DefaultVolumeTexture2D.uasset" 160
"../../../Engine/Content/EngineResources/DefaultVolumeTexture2D.uexp" 161
"../../../Engine/Content/EngineResources/DefaultVolumeTexture.uasset" 162
"../../../Engine/Content/EngineResources/DefaultVolumeTexture.uexp" 163
"../../../Engine/Content/EngineResources/GradientTexture0.uasset" 164
"../../../Engine/Content/EngineResources/GradientTexture0.uexp" 165
"../../../Engine/Content/EngineSky/VolumetricClouds/T_NoiseShape64.uasset" 166
"../../../Engine/Content/EngineSky/VolumetricClouds/T_NoiseShape64.uexp" 167
"../../../Engine/Content/EngineSky/VolumetricClouds/T_NoiseShape64.ubulk" 168
"../../../Engine/Content/EngineSky/VolumetricClouds/T_VolumeNoiseShape64.uasset" 169
"../../../Engine/Content/EngineSky/VolumetricClouds/T_VolumeNoiseShape64.uexp" 170
"../../../Engine/Content/EngineSky/VolumetricClouds/T_NoiseErosion.uasset" 171
"../../../Engine/Content/EngineSky/VolumetricClouds/T_NoiseErosion.uexp" 172
"../../../Engine/Content/EngineSky/VolumetricClouds/T_NoiseErosion.ubulk" 173
"../../../Engine/Content/EngineSky/VolumetricClouds/T_VolumeNoiseErosion32.uasset" 174
"../../../Engine/Content/EngineSky/VolumetricClouds/T_VolumeNoiseErosion32.uexp" 175
"../../../Engine/Content/EngineSky/VolumetricClouds/CloudWeatherTexture.uasset" 176
"../../../Engine/Content/EngineSky/VolumetricClouds/CloudWeatherTexture.uexp" 177
"../../../Engine/Content/EngineSky/VolumetricClouds/CloudGradientTexture.uasset" 178
"../../../Engine/Content/EngineSky/VolumetricClouds/CloudGradientTexture.uexp" 179
"../../../Engine/Content/Functions/Engine_MaterialFunctions02/Utility/MakeFloat2.uasset" 180
"../../../Engine/Content/Functions/Engine_MaterialFunctions02/Utility/MakeFloat2.uexp" 181
"../../../Engine/Content/EngineSky/VolumetricClouds/m_SimpleVolumetricCloud.uasset" 182
"../../../Engine/Content/EngineSky/VolumetricClouds/m_SimpleVolumetricCloud.uexp" 183
"../../../Engine/Content/EngineSky/VolumetricClouds/m_SimpleVolumetricCloud_Inst.uasset" 184
"../../../Engine/Content/EngineSky/VolumetricClouds/m_SimpleVolumetricCloud_Inst.uexp" 185
"../../../Engine/Content/EngineSounds/Master.uasset" 186
"../../../Engine/Content/EngineSounds/Master.uexp" 187
"../../../Engine/Content/Functions/Engine_MaterialFunctions01/Shading/PowerToRoughness.uasset" 188
"../../../Engine/Content/Functions/Engine_MaterialFunctions01/Shading/PowerToRoughness.uexp" 189
"../../../Engine/Content/Maps/Templates/Thumbnails/Default.uasset" 190
"../../../Engine/Content/Maps/Templates/Thumbnails/Default.uexp" 191
"../../../Engine/Content/Maps/Templates/Thumbnails/TimeOfDay.uasset" 192
"../../../Engine/Content/Maps/Templates/Thumbnails/TimeOfDay.uexp" 193
"../../../Engine/Content/Maps/Templates/Thumbnails/VR-Basic.uasset" 194
"../../../Engine/Content/Maps/Templates/Thumbnails/VR-Basic.uexp" 195
"../../../Engine/Content/MobileResources/T_MobileControls_texture.uasset" 196
"../../../Engine/Content/MobileResources/T_MobileControls_texture.uexp" 197
"../../../Engine/Content/MobileResources/T_MobileMenu2.uasset" 198
"../../../Engine/Content/MobileResources/T_MobileMenu2.uexp" 199
"../../../Engine/Content/MobileResources/HUD/AnalogHat.uasset" 200
"../../../Engine/Content/MobileResources/HUD/AnalogHat.uexp" 201
"../../../Engine/Content/MobileResources/HUD/VirtualJoystick_Thumb.uasset" 202
"../../../Engine/Content/MobileResources/HUD/VirtualJoystick_Thumb.uexp" 203
"../../../Engine/Content/MobileResources/HUD/VirtualJoystick_Background.uasset" 204
"../../../Engine/Content/MobileResources/HUD/VirtualJoystick_Background.uexp" 205
"../../../Engine/Content/MobileResources/HUD/DefaultVirtualJoysticks.uasset" 206
"../../../Engine/Content/MobileResources/HUD/DefaultVirtualJoysticks.uexp" 207
"../../../Engine/Content/MobileResources/HUD/LeftVirtualJoystickOnly.uasset" 208
"../../../Engine/Content/MobileResources/HUD/LeftVirtualJoystickOnly.uexp" 209
"../../../Engine/Content/MobileResources/HUD/MobileHUDButton1_off.uasset" 210
"../../../Engine/Content/MobileResources/HUD/MobileHUDButton1_off.uexp" 211
"../../../Engine/Content/MobileResources/HUD/MobileHUDButton1_on.uasset" 212
"../../../Engine/Content/MobileResources/HUD/MobileHUDButton1_on.uexp" 213
"../../../Engine/Content/MobileResources/HUD/MobileHUDButton2_off.uasset" 214
"../../../Engine/Content/MobileResources/HUD/MobileHUDButton2_off.uexp" 215
"../../../Engine/Content/MobileResources/HUD/MobileHUDButton2_on.uasset" 216
"../../../Engine/Content/MobileResources/HUD/MobileHUDButton2_on.uexp" 217
"../../../Engine/Content/MobileResources/HUD/MobileHUDButton3.uasset" 218
"../../../Engine/Content/MobileResources/HUD/MobileHUDButton3.uexp" 219
"../../../Engine/Content/MobileResources/HUD/MobileHUDButtonFire.uasset" 220
"../../../Engine/Content/MobileResources/HUD/MobileHUDButtonFire.uexp" 221
"../../../Engine/Content/MobileResources/HUD/MobileHUDDirectionPad.uasset" 222
"../../../Engine/Content/MobileResources/HUD/MobileHUDDirectionPad.uexp" 223
"../../../Engine/Content/MobileResources/HUD/MobileHUDDirectionPad2.uasset" 224
"../../../Engine/Content/MobileResources/HUD/MobileHUDDirectionPad2.uexp" 225
"../../../Engine/Content/MobileResources/HUD/MobileHUDDirectionPad3.uasset" 226
"../../../Engine/Content/MobileResources/HUD/MobileHUDDirectionPad3.uexp" 227
"../../../Engine/Content/MobileResources/HUD/MobileHUDDirectionStick.uasset" 228
"../../../Engine/Content/MobileResources/HUD/MobileHUDDirectionStick.uexp" 229
"../../../Engine/Content/MobileResources/HUD/T_Castle_ThumbstickInner.uasset" 230
"../../../Engine/Content/MobileResources/HUD/T_Castle_ThumbstickInner.uexp" 231
"../../../Engine/Content/MobileResources/HUD/T_Castle_ThumbstickOutter.uasset" 232
"../../../Engine/Content/MobileResources/HUD/T_Castle_ThumbstickOutter.uexp" 233
"../../../Engine/Content/Tutorial/ContentIntroCurve.uasset" 234
"../../../Engine/Content/Tutorial/ContentIntroCurve.uexp" 235
"../../../Engine/Content/Tutorial/Basics/TutorialAssets/icon_tab_Levels_40x.uasset" 236
"../../../Engine/Content/Tutorial/Basics/TutorialAssets/icon_tab_Levels_40x.uexp" 237
"../../../Engine/Content/Tutorial/BlueprintTutorials/TutorialAssets/Blueprint_64x.uasset" 238
"../../../Engine/Content/Tutorial/BlueprintTutorials/TutorialAssets/Blueprint_64x.uexp" 239
"../../../Engine/Plugins/2D/Paper2D/Content/PlaceholderTextures/DummySpriteTexture.uasset" 240
"../../../Engine/Plugins/2D/Paper2D/Content/PlaceholderTextures/DummySpriteTexture.uexp" 241
"../../../Engine/Plugins/2D/Paper2D/Content/PlaceholderTextures/DummySpriteTexture.ubulk" 242
"../../../Engine/Plugins/2D/Paper2D/Content/DummySprite.uasset" 243
"../../../Engine/Plugins/2D/Paper2D/Content/DummySprite.uexp" 244
"../../../Engine/Plugins/2D/Paper2D/Content/DefaultPaperTerrainMaterial.uasset" 245
"../../../Engine/Plugins/2D/Paper2D/Content/DefaultPaperTerrainMaterial.uexp" 246
"../../../Engine/Plugins/2D/Paper2D/Content/DefaultSpriteMaterial.uasset" 247
"../../../Engine/Plugins/2D/Paper2D/Content/DefaultSpriteMaterial.uexp" 248
"../../../Engine/Plugins/2D/Paper2D/Content/MaskedUnlitSpriteMaterial.uasset" 249
"../../../Engine/Plugins/2D/Paper2D/Content/MaskedUnlitSpriteMaterial.uexp" 250
"../../../Engine/Plugins/2D/Paper2D/Content/OpaqueUnlitSpriteMaterial.uasset" 251
"../../../Engine/Plugins/2D/Paper2D/Content/OpaqueUnlitSpriteMaterial.uexp" 252
"../../../Engine/Content/Functions/Engine_MaterialFunctions02/Utility/BreakOutFloat3Components.uasset" 253
"../../../Engine/Content/Functions/Engine_MaterialFunctions02/Utility/BreakOutFloat3Components.uexp" 254
"../../../Engine/Plugins/Editor/SpeedTreeImporter/Content/SpeedTree9/UnpackInteger3.uasset" 255
"../../../Engine/Plugins/Editor/SpeedTreeImporter/Content/SpeedTree9/UnpackInteger3.uexp" 256
"../../../Engine/Plugins/Editor/SpeedTreeImporter/Content/SpeedTree9/UnpackDirection.uasset" 257
"../../../Engine/Plugins/Editor/SpeedTreeImporter/Content/SpeedTree9/UnpackDirection.uexp" 258
"../../../Engine/Plugins/Editor/SpeedTreeImporter/Content/SpeedTree9/game_wind_noise.uasset" 259
"../../../Engine/Plugins/Editor/SpeedTreeImporter/Content/SpeedTree9/game_wind_noise.uexp" 260
"../../../Engine/Plugins/Editor/SpeedTreeImporter/Content/SpeedTree9/game_wind_noise.ubulk" 261
"../../../Engine/Content/Functions/Engine_MaterialFunctions02/SafeNormalize.uasset" 262
"../../../Engine/Content/Functions/Engine_MaterialFunctions02/SafeNormalize.uexp" 263
"../../../Engine/Plugins/Editor/SpeedTreeImporter/Content/SpeedTree9/SpeedTreeWindMotion.uasset" 264
"../../../Engine/Plugins/Editor/SpeedTreeImporter/Content/SpeedTree9/SpeedTreeWindMotion.uexp" 265
"../../../Engine/Plugins/Editor/SpeedTreeImporter/Content/SpeedTree9/SpeedTreeBranchMotion.uasset" 266
"../../../Engine/Plugins/Editor/SpeedTreeImporter/Content/SpeedTree9/SpeedTreeBranchMotion.uexp" 267
"../../../Engine/Content/Functions/Engine_MaterialFunctions02/ObjectLocalBounds.uasset" 268
"../../../Engine/Content/Functions/Engine_MaterialFunctions02/ObjectLocalBounds.uexp" 269
"../../../Engine/Content/Functions/Engine_MaterialFunctions02/UVs/BoundingBoxBased_0-1_UVW.uasset" 270
"../../../Engine/Content/Functions/Engine_MaterialFunctions02/UVs/BoundingBoxBased_0-1_UVW.uexp" 271
"../../../Engine/Content/Functions/Engine_MaterialFunctions02/Utility/VectorLength.uasset" 272
"../../../Engine/Content/Functions/Engine_MaterialFunctions02/Utility/VectorLength.uexp" 273
"../../../Engine/Content/Functions/Engine_MaterialFunctions02/WorldPositionOffset/ObjectScale.uasset" 274
"../../../Engine/Content/Functions/Engine_MaterialFunctions02/WorldPositionOffset/ObjectScale.uexp" 275
"../../../Engine/Plugins/Editor/SpeedTreeImporter/Content/SpeedTree9/SpeedTreeWind.uasset" 276
"../../../Engine/Plugins/Editor/SpeedTreeImporter/Content/SpeedTree9/SpeedTreeWind.uexp" 277
"../../../Engine/Plugins/Editor/SpeedTreeImporter/Content/SpeedTree9/SpeedTreeBillboard.uasset" 278
"../../../Engine/Plugins/Editor/SpeedTreeImporter/Content/SpeedTree9/SpeedTreeBillboard.uexp" 279
"../../../Engine/Plugins/Editor/SpeedTreeImporter/Content/SpeedTree9/EmptyNormal.uasset" 280
"../../../Engine/Plugins/Editor/SpeedTreeImporter/Content/SpeedTree9/EmptyNormal.uexp" 281
"../../../Engine/Plugins/Editor/SpeedTreeImporter/Content/SpeedTree9/Empty.uasset" 282
"../../../Engine/Plugins/Editor/SpeedTreeImporter/Content/SpeedTree9/Empty.uexp" 283
"../../../Engine/Plugins/Editor/SpeedTreeImporter/Content/SpeedTree9/SpeedTreeBillboardMaster.uasset" 284
"../../../Engine/Plugins/Editor/SpeedTreeImporter/Content/SpeedTree9/SpeedTreeBillboardMaster.uexp" 285
"../../../Engine/Plugins/Editor/SpeedTreeImporter/Content/SpeedTree9/SpeedTreeCameraFacing.uasset" 286
"../../../Engine/Plugins/Editor/SpeedTreeImporter/Content/SpeedTree9/SpeedTreeCameraFacing.uexp" 287
"../../../Engine/Plugins/Editor/SpeedTreeImporter/Content/SpeedTree9/SpeedTreeMaster.uasset" 288
"../../../Engine/Plugins/Editor/SpeedTreeImporter/Content/SpeedTree9/SpeedTreeMaster.uexp" 289
"../../../Engine/Content/BasicShapes/Cylinder.uasset" 290
"../../../Engine/Content/BasicShapes/Cylinder.uexp" 291
"../../../Engine/Content/ArtTools/RenderToTexture/Materials/Debug/M_Emissive_Color.uasset" 292
"../../../Engine/Content/ArtTools/RenderToTexture/Materials/Debug/M_Emissive_Color.uexp" 293
"../../../Engine/Plugins/Lumin/MagicLeapPassableWorld/Content/MagicLeapARPinInfoActor.uasset" 294
"../../../Engine/Plugins/Lumin/MagicLeapPassableWorld/Content/MagicLeapARPinInfoActor.uexp" 295
"../../../Engine/Plugins/Runtime/OpenXR/Content/Devices/GoogleDaydream/MRTexture.uasset" 296
"../../../Engine/Plugins/Runtime/OpenXR/Content/Devices/GoogleDaydream/MRTexture.uexp" 297
"../../../Engine/Plugins/Runtime/OpenXR/Content/Devices/GoogleDaydream/MRTexture.ubulk" 298
"../../../Engine/Plugins/Runtime/OpenXR/Content/Devices/GoogleDaydream/BaseTexture.uasset" 299
"../../../Engine/Plugins/Runtime/OpenXR/Content/Devices/GoogleDaydream/BaseTexture.uexp" 300
"../../../Engine/Plugins/Runtime/OpenXR/Content/Devices/GoogleDaydream/BaseTexture.ubulk" 301
"../../../Engine/Content/EngineResources/Black.uasset" 302
"../../../Engine/Content/EngineResources/Black.uexp" 303
"../../../Engine/Plugins/Runtime/OpenXR/Content/Devices/M_XRController.uasset" 304
"../../../Engine/Plugins/Runtime/OpenXR/Content/Devices/M_XRController.uexp" 305
"../../../Engine/Plugins/Runtime/OpenXR/Content/Devices/GoogleDaydream/MI_GoogleDaydream.uasset" 306
"../../../Engine/Plugins/Runtime/OpenXR/Content/Devices/GoogleDaydream/MI_GoogleDaydream.uexp" 307
"../../../Engine/Plugins/Runtime/OpenXR/Content/Devices/GoogleDaydream/GoogleDaydreamController.uasset" 308
"../../../Engine/Plugins/Runtime/OpenXR/Content/Devices/GoogleDaydream/GoogleDaydreamController.uexp" 309
"../../../Engine/Plugins/Runtime/OpenXR/Content/Devices/HTCVive/BaseTexture.uasset" 310
"../../../Engine/Plugins/Runtime/OpenXR/Content/Devices/HTCVive/BaseTexture.uexp" 311
"../../../Engine/Plugins/Runtime/OpenXR/Content/Devices/HTCVive/BaseTexture.ubulk" 312
"../../../Engine/Plugins/Runtime/OpenXR/Content/Devices/HTCVive/MI_HTCVive.uasset" 313
"../../../Engine/Plugins/Runtime/OpenXR/Content/Devices/HTCVive/MI_HTCVive.uexp" 314
"../../../Engine/Plugins/Runtime/OpenXR/Content/Devices/HTCVive/HTCViveController.uasset" 315
"../../../Engine/Plugins/Runtime/OpenXR/Content/Devices/HTCVive/HTCViveController.uexp" 316
"../../../Engine/Plugins/Runtime/OpenXR/Content/Devices/MicrosoftMixedReality/EmissiveTexture.uasset" 317
"../../../Engine/Plugins/Runtime/OpenXR/Content/Devices/MicrosoftMixedReality/EmissiveTexture.uexp" 318
"../../../Engine/Plugins/Runtime/OpenXR/Content/Devices/MicrosoftMixedReality/EmissiveTexture.ubulk" 319
"../../../Engine/Plugins/Runtime/OpenXR/Content/Devices/MicrosoftMixedReality/BaseTexture.uasset" 320
"../../../Engine/Plugins/Runtime/OpenXR/Content/Devices/MicrosoftMixedReality/BaseTexture.uexp" 321
"../../../Engine/Plugins/Runtime/OpenXR/Content/Devices/MicrosoftMixedReality/BaseTexture.ubulk" 322
"../../../Engine/Plugins/Runtime/OpenXR/Content/Devices/MicrosoftMixedReality/NormalTexture.uasset" 323
"../../../Engine/Plugins/Runtime/OpenXR/Content/Devices/MicrosoftMixedReality/NormalTexture.uexp" 324
"../../../Engine/Plugins/Runtime/OpenXR/Content/Devices/MicrosoftMixedReality/NormalTexture.ubulk" 325
"../../../Engine/Plugins/Runtime/OpenXR/Content/Devices/MicrosoftMixedReality/MRTexture.uasset" 326
"../../../Engine/Plugins/Runtime/OpenXR/Content/Devices/MicrosoftMixedReality/MRTexture.uexp" 327
"../../../Engine/Plugins/Runtime/OpenXR/Content/Devices/MicrosoftMixedReality/MRTexture.ubulk" 328
"../../../Engine/Plugins/Runtime/OpenXR/Content/Devices/MicrosoftMixedReality/MI_MicrosoftMixedReality.uasset" 329
"../../../Engine/Plugins/Runtime/OpenXR/Content/Devices/MicrosoftMixedReality/MI_MicrosoftMixedReality.uexp" 330
"../../../Engine/Plugins/Runtime/OpenXR/Content/Devices/MicrosoftMixedReality/Left/left_MicrosoftMixedRealityController.uasset" 331
"../../../Engine/Plugins/Runtime/OpenXR/Content/Devices/MicrosoftMixedReality/Left/left_MicrosoftMixedRealityController.uexp" 332
"../../../Engine/Plugins/Runtime/OpenXR/Content/Devices/MicrosoftMixedReality/Right/right_MicrosoftMixedRealityController.uasset" 333
"../../../Engine/Plugins/Runtime/OpenXR/Content/Devices/MicrosoftMixedReality/Right/right_MicrosoftMixedRealityController.uexp" 334
"../../../Engine/Plugins/Runtime/OpenXR/Content/Devices/OculusGo/BaseTexture.uasset" 335
"../../../Engine/Plugins/Runtime/OpenXR/Content/Devices/OculusGo/BaseTexture.uexp" 336
"../../../Engine/Plugins/Runtime/OpenXR/Content/Devices/OculusGo/BaseTexture.ubulk" 337
"../../../Engine/Plugins/Runtime/OpenXR/Content/Devices/OculusGo/MI_OculusGo.uasset" 338
"../../../Engine/Plugins/Runtime/OpenXR/Content/Devices/OculusGo/MI_OculusGo.uexp" 339
"../../../Engine/Plugins/Runtime/OpenXR/Content/Devices/OculusGo/OculusGoController.uasset" 340
"../../../Engine/Plugins/Runtime/OpenXR/Content/Devices/OculusGo/OculusGoController.uexp" 341
"../../../Engine/Plugins/Runtime/OpenXR/Content/Devices/OculusTouch/MRTexture.uasset" 342
"../../../Engine/Plugins/Runtime/OpenXR/Content/Devices/OculusTouch/MRTexture.uexp" 343
"../../../Engine/Plugins/Runtime/OpenXR/Content/Devices/OculusTouch/MRTexture.ubulk" 344
"../../../Engine/Plugins/Runtime/OpenXR/Content/Devices/OculusTouch/BaseTexture.uasset" 345
"../../../Engine/Plugins/Runtime/OpenXR/Content/Devices/OculusTouch/BaseTexture.uexp" 346
"../../../Engine/Plugins/Runtime/OpenXR/Content/Devices/OculusTouch/BaseTexture.ubulk" 347
"../../../Engine/Plugins/Runtime/OpenXR/Content/Devices/OculusTouch/MI_OculusTouch.uasset" 348
"../../../Engine/Plugins/Runtime/OpenXR/Content/Devices/OculusTouch/MI_OculusTouch.uexp" 349
"../../../Engine/Plugins/Runtime/OpenXR/Content/Devices/OculusTouch/Left/left_OculusTouchController.uasset" 350
"../../../Engine/Plugins/Runtime/OpenXR/Content/Devices/OculusTouch/Left/left_OculusTouchController.uexp" 351
"../../../Engine/Plugins/Runtime/OpenXR/Content/Devices/OculusTouch/Right/right_OculusTouchController.uasset" 352
"../../../Engine/Plugins/Runtime/OpenXR/Content/Devices/OculusTouch/Right/right_OculusTouchController.uexp" 353
"../../../Engine/Plugins/Runtime/OpenXR/Content/Devices/OculusTouch_v2/MRTexture.uasset" 354
"../../../Engine/Plugins/Runtime/OpenXR/Content/Devices/OculusTouch_v2/MRTexture.uexp" 355
"../../../Engine/Plugins/Runtime/OpenXR/Content/Devices/OculusTouch_v2/MRTexture.ubulk" 356
"../../../Engine/Plugins/Runtime/OpenXR/Content/Devices/OculusTouch_v2/BaseTexture.uasset" 357
"../../../Engine/Plugins/Runtime/OpenXR/Content/Devices/OculusTouch_v2/BaseTexture.uexp" 358
"../../../Engine/Plugins/Runtime/OpenXR/Content/Devices/OculusTouch_v2/BaseTexture.ubulk" 359
"../../../Engine/Plugins/Runtime/OpenXR/Content/Devices/OculusTouch_v2/MI_OculusTouch_v2.uasset" 360
"../../../Engine/Plugins/Runtime/OpenXR/Content/Devices/OculusTouch_v2/MI_OculusTouch_v2.uexp" 361
"../../../Engine/Plugins/Runtime/OpenXR/Content/Devices/OculusTouch_v2/Left/left_OculusTouch_v2Controller.uasset" 362
"../../../Engine/Plugins/Runtime/OpenXR/Content/Devices/OculusTouch_v2/Left/left_OculusTouch_v2Controller.uexp" 363
"../../../Engine/Plugins/Runtime/OpenXR/Content/Devices/OculusTouch_v2/Right/right_OculusTouch_v2Controller.uasset" 364
"../../../Engine/Plugins/Runtime/OpenXR/Content/Devices/OculusTouch_v2/Right/right_OculusTouch_v2Controller.uexp" 365
"../../../Engine/Plugins/Runtime/OpenXR/Content/Devices/OculusTouch_v3/MRTexture.uasset" 366
"../../../Engine/Plugins/Runtime/OpenXR/Content/Devices/OculusTouch_v3/MRTexture.uexp" 367
"../../../Engine/Plugins/Runtime/OpenXR/Content/Devices/OculusTouch_v3/MRTexture.ubulk" 368
"../../../Engine/Plugins/Runtime/OpenXR/Content/Devices/OculusTouch_v3/BaseTexture.uasset" 369
"../../../Engine/Plugins/Runtime/OpenXR/Content/Devices/OculusTouch_v3/BaseTexture.uexp" 370
"../../../Engine/Plugins/Runtime/OpenXR/Content/Devices/OculusTouch_v3/BaseTexture.ubulk" 371
"../../../Engine/Plugins/Runtime/OpenXR/Content/Devices/OculusTouch_v3/MI_OculusTouch_v3.uasset" 372
"../../../Engine/Plugins/Runtime/OpenXR/Content/Devices/OculusTouch_v3/MI_OculusTouch_v3.uexp" 373
"../../../Engine/Plugins/Runtime/OpenXR/Content/Devices/OculusTouch_v3/Left/left_OculusTouch_v3Controller.uasset" 374
"../../../Engine/Plugins/Runtime/OpenXR/Content/Devices/OculusTouch_v3/Left/left_OculusTouch_v3Controller.uexp" 375
"../../../Engine/Plugins/Runtime/OpenXR/Content/Devices/OculusTouch_v3/Right/right_OculusTouch_v3Controller.uasset" 376
"../../../Engine/Plugins/Runtime/OpenXR/Content/Devices/OculusTouch_v3/Right/right_OculusTouch_v3Controller.uexp" 377
"../../../Engine/Plugins/Runtime/OpenXR/Content/Devices/ValveIndex/MRTexture.uasset" 378
"../../../Engine/Plugins/Runtime/OpenXR/Content/Devices/ValveIndex/MRTexture.uexp" 379
"../../../Engine/Plugins/Runtime/OpenXR/Content/Devices/ValveIndex/MRTexture.ubulk" 380
"../../../Engine/Plugins/Runtime/OpenXR/Content/Devices/ValveIndex/BaseTexture.uasset" 381
"../../../Engine/Plugins/Runtime/OpenXR/Content/Devices/ValveIndex/BaseTexture.uexp" 382
"../../../Engine/Plugins/Runtime/OpenXR/Content/Devices/ValveIndex/BaseTexture.ubulk" 383
"../../../Engine/Plugins/Runtime/OpenXR/Content/Devices/ValveIndex/Left/MI_left_ValveIndex.uasset" 384
"../../../Engine/Plugins/Runtime/OpenXR/Content/Devices/ValveIndex/Left/MI_left_ValveIndex.uexp" 385
"../../../Engine/Plugins/Runtime/OpenXR/Content/Devices/ValveIndex/Left/left_ValveIndexController.uasset" 386
"../../../Engine/Plugins/Runtime/OpenXR/Content/Devices/ValveIndex/Left/left_ValveIndexController.uexp" 387
"../../../Engine/Plugins/Runtime/OpenXR/Content/Devices/ValveIndex/Right/MI_right_ValveIndex.uasset" 388
"../../../Engine/Plugins/Runtime/OpenXR/Content/Devices/ValveIndex/Right/MI_right_ValveIndex.uexp" 389
"../../../Engine/Plugins/Runtime/OpenXR/Content/Devices/ValveIndex/Right/right_ValveIndexController.uasset" 390
"../../../Engine/Plugins/Runtime/OpenXR/Content/Devices/ValveIndex/Right/right_ValveIndexController.uexp" 391
"../../../Engine/Content/Functions/Engine_MaterialFunctions02/Utility/BreakOutFloat4Components.uasset" 392
"../../../Engine/Content/Functions/Engine_MaterialFunctions02/Utility/BreakOutFloat4Components.uexp" 393
"../../../Engine/Content/Functions/Engine_MaterialFunctions02/Utility/MakeFloat3.uasset" 394
"../../../Engine/Content/Functions/Engine_MaterialFunctions02/Utility/MakeFloat3.uexp" 395
"../../../Engine/Plugins/Runtime/Oculus/OculusVR/Content/Materials/OculusMR_ChromaKey.uasset" 396
"../../../Engine/Plugins/Runtime/Oculus/OculusVR/Content/Materials/OculusMR_ChromaKey.uexp" 397
"../../../Engine/Plugins/Runtime/Oculus/OculusVR/Content/Materials/OculusMR_OpaqueColoredMaterial.uasset" 398
"../../../Engine/Plugins/Runtime/Oculus/OculusVR/Content/Materials/OculusMR_OpaqueColoredMaterial.uexp" 399
"../../../Engine/Plugins/Runtime/Oculus/OculusVR/Content/Materials/PokeAHoleMaterial.uasset" 400
"../../../Engine/Plugins/Runtime/Oculus/OculusVR/Content/Materials/PokeAHoleMaterial.uexp" 401
"../../../Engine/Plugins/Runtime/Oculus/OculusVR/Content/Textures/touchController_controlmap.uasset" 402
"../../../Engine/Plugins/Runtime/Oculus/OculusVR/Content/Textures/touchController_controlmap.uexp" 403
"../../../Engine/Plugins/Runtime/Oculus/OculusVR/Content/Textures/touchController_controlmap.ubulk" 404
"../../../Engine/Plugins/Runtime/Oculus/OculusVR/Content/Textures/touchController_albedo.uasset" 405
"../../../Engine/Plugins/Runtime/Oculus/OculusVR/Content/Textures/touchController_albedo.uexp" 406
"../../../Engine/Plugins/Runtime/Oculus/OculusVR/Content/Textures/touchController_albedo.ubulk" 407
"../../../Engine/Plugins/Runtime/Oculus/OculusVR/Content/Materials/touchController_mat.uasset" 408
"../../../Engine/Plugins/Runtime/Oculus/OculusVR/Content/Materials/touchController_mat.uexp" 409
"../../../Engine/Plugins/Runtime/Oculus/OculusVR/Content/Meshes/LeftTouchController.uasset" 410
"../../../Engine/Plugins/Runtime/Oculus/OculusVR/Content/Meshes/LeftTouchController.uexp" 411
"../../../Engine/Plugins/Runtime/Oculus/OculusVR/Content/Textures/TouchForQuestRiftSController_albedo.uasset" 412
"../../../Engine/Plugins/Runtime/Oculus/OculusVR/Content/Textures/TouchForQuestRiftSController_albedo.uexp" 413
"../../../Engine/Plugins/Runtime/Oculus/OculusVR/Content/Textures/TouchForQuestRiftSController_albedo.ubulk" 414
"../../../Engine/Plugins/Runtime/Oculus/OculusVR/Content/Materials/TouchForQuestRiftSControllerMaterial.uasset" 415
"../../../Engine/Plugins/Runtime/Oculus/OculusVR/Content/Materials/TouchForQuestRiftSControllerMaterial.uexp" 416
"../../../Engine/Plugins/Runtime/Oculus/OculusVR/Content/Meshes/LeftTouchForQuestRiftSController.uasset" 417
"../../../Engine/Plugins/Runtime/Oculus/OculusVR/Content/Meshes/LeftTouchForQuestRiftSController.uexp" 418
"../../../Engine/Plugins/Runtime/Oculus/OculusVR/Content/Meshes/RiftHMD.uasset" 419
"../../../Engine/Plugins/Runtime/Oculus/OculusVR/Content/Meshes/RiftHMD.uexp" 420
"../../../Engine/Plugins/Runtime/Oculus/OculusVR/Content/Meshes/RightTouchController.uasset" 421
"../../../Engine/Plugins/Runtime/Oculus/OculusVR/Content/Meshes/RightTouchController.uexp" 422
"../../../Engine/Plugins/Runtime/Oculus/OculusVR/Content/Meshes/RightTouchForQuestRiftSController.uasset" 423
"../../../Engine/Plugins/Runtime/Oculus/OculusVR/Content/Meshes/RightTouchForQuestRiftSController.uexp" 424
"E:/Program Files (x86)/PaperWind/PaperWind/Content/AssetsvilleTown/Textures/Base/T_colorPalette_METAL.uasset" 425
"E:/Program Files (x86)/PaperWind/PaperWind/Content/AssetsvilleTown/Textures/Base/T_colorPalette_METAL.uexp" 426
"E:/Program Files (x86)/PaperWind/PaperWind/Content/AssetsvilleTown/Textures/Base/T_colorPalette_METAL.ubulk" 427
"E:/Program Files (x86)/PaperWind/PaperWind/Content/AssetsvilleTown/Textures/Base/T_colorPalette2048.uasset" 428
"E:/Program Files (x86)/PaperWind/PaperWind/Content/AssetsvilleTown/Textures/Base/T_colorPalette2048.uexp" 429
"E:/Program Files (x86)/PaperWind/PaperWind/Content/AssetsvilleTown/Textures/Base/T_colorPalette2048.ubulk" 430
"E:/Program Files (x86)/PaperWind/PaperWind/Content/AssetsvilleTown/Materials/MasterMaterials/M_BaseColorPalette.uasset" 431
"E:/Program Files (x86)/PaperWind/PaperWind/Content/AssetsvilleTown/Materials/MasterMaterials/M_BaseColorPalette.uexp" 432
"E:/Program Files (x86)/PaperWind/PaperWind/Content/AssetsvilleTown/Materials/MI_ColorPalette.uasset" 433
"E:/Program Files (x86)/PaperWind/PaperWind/Content/AssetsvilleTown/Materials/MI_ColorPalette.uexp" 434
"E:/Program Files (x86)/PaperWind/PaperWind/Content/AssetsvilleTown/Meshes/InteriorProps/Office/SM_Wardrobe_01.uasset" 435
"E:/Program Files (x86)/PaperWind/PaperWind/Content/AssetsvilleTown/Meshes/InteriorProps/Office/SM_Wardrobe_01.uexp" 436
"E:/Program Files (x86)/PaperWind/PaperWind/Content/AssetsvilleTown/Meshes/InteriorProps/Office/SM_Desk_02.uasset" 437
"E:/Program Files (x86)/PaperWind/PaperWind/Content/AssetsvilleTown/Meshes/InteriorProps/Office/SM_Desk_02.uexp" 438
"E:/Program Files (x86)/PaperWind/PaperWind/Content/Michaels_Work/Widgets/Fonts/QuickPencil-Regular.uasset" 439
"E:/Program Files (x86)/PaperWind/PaperWind/Content/Michaels_Work/Widgets/Fonts/QuickPencil-Regular.uexp" 440
"E:/Program Files (x86)/PaperWind/PaperWind/Content/Michaels_Work/Widgets/Fonts/QuickPencil-Regular.ufont" 441
"E:/Program Files (x86)/PaperWind/PaperWind/Content/Michaels_Work/Widgets/Fonts/QuickPencil-Regular_Font.uasset" 442
"E:/Program Files (x86)/PaperWind/PaperWind/Content/Michaels_Work/Widgets/Fonts/QuickPencil-Regular_Font.uexp" 443
"E:/Program Files (x86)/PaperWind/PaperWind/Content/Michaels_Work/Widgets/You_Lose_Widget.uasset" 444
"E:/Program Files (x86)/PaperWind/PaperWind/Content/Michaels_Work/Widgets/You_Lose_Widget.uexp" 445
"E:/Program Files (x86)/PaperWind/PaperWind/Content/Michaels_Work/Sounds/336998__tim-kahn__awww-01.uasset" 446
"E:/Program Files (x86)/PaperWind/PaperWind/Content/Michaels_Work/Sounds/336998__tim-kahn__awww-01.uexp" 447
"E:/Program Files (x86)/PaperWind/PaperWind/Content/Mannequin/Character/Mesh/SK_Mannequin_PhysicsAsset.uasset" 448
"E:/Program Files (x86)/PaperWind/PaperWind/Content/Mannequin/Character/Mesh/SK_Mannequin_PhysicsAsset.uexp" 449
"E:/Program Files (x86)/PaperWind/PaperWind/Content/Mannequin/Character/Textures/T_UE4Logo_N.uasset" 450
"E:/Program Files (x86)/PaperWind/PaperWind/Content/Mannequin/Character/Textures/T_UE4Logo_N.uexp" 451
"E:/Program Files (x86)/PaperWind/PaperWind/Content/Mannequin/Character/Textures/T_UE4Logo_N.ubulk" 452
"E:/Program Files (x86)/PaperWind/PaperWind/Content/Mannequin/Character/Textures/T_UE4Logo_Mask.uasset" 453
"E:/Program Files (x86)/PaperWind/PaperWind/Content/Mannequin/Character/Textures/T_UE4Logo_Mask.uexp" 454
"E:/Program Files (x86)/PaperWind/PaperWind/Content/Mannequin/Character/Textures/T_UE4Logo_Mask.ubulk" 455
"E:/Program Files (x86)/PaperWind/PaperWind/Content/Mannequin/Character/Textures/T_Male_N.uasset" 456
"E:/Program Files (x86)/PaperWind/PaperWind/Content/Mannequin/Character/Textures/T_Male_N.uexp" 457
"E:/Program Files (x86)/PaperWind/PaperWind/Content/Mannequin/Character/Textures/T_Male_N.ubulk" 458
"E:/Program Files (x86)/PaperWind/PaperWind/Content/Mannequin/Character/Textures/T_Male_Mask.uasset" 459
"E:/Program Files (x86)/PaperWind/PaperWind/Content/Mannequin/Character/Textures/T_Male_Mask.uexp" 460
"E:/Program Files (x86)/PaperWind/PaperWind/Content/Mannequin/Character/Textures/T_Male_Mask.ubulk" 461
"E:/Program Files (x86)/PaperWind/PaperWind/Content/Mannequin/Character/Materials/MaterialLayers/T_ML_Rubber_Blue_01_N.uasset" 462
"E:/Program Files (x86)/PaperWind/PaperWind/Content/Mannequin/Character/Materials/MaterialLayers/T_ML_Rubber_Blue_01_N.uexp" 463
"E:/Program Files (x86)/PaperWind/PaperWind/Content/Mannequin/Character/Materials/MaterialLayers/T_ML_Rubber_Blue_01_N.ubulk" 464
"E:/Program Files (x86)/PaperWind/PaperWind/Content/Mannequin/Character/Materials/MaterialLayers/T_ML_Rubber_Blue_01_D.uasset" 465
"E:/Program Files (x86)/PaperWind/PaperWind/Content/Mannequin/Character/Materials/MaterialLayers/T_ML_Rubber_Blue_01_D.uexp" 466
"E:/Program Files (x86)/PaperWind/PaperWind/Content/Mannequin/Character/Materials/MaterialLayers/T_ML_Rubber_Blue_01_D.ubulk" 467
"E:/Program Files (x86)/PaperWind/PaperWind/Content/Mannequin/Character/Materials/MaterialLayers/T_ML_Aluminum01_N.uasset" 468
"E:/Program Files (x86)/PaperWind/PaperWind/Content/Mannequin/Character/Materials/MaterialLayers/T_ML_Aluminum01_N.uexp" 469
"E:/Program Files (x86)/PaperWind/PaperWind/Content/Mannequin/Character/Materials/MaterialLayers/T_ML_Aluminum01_N.ubulk" 470
"E:/Program Files (x86)/PaperWind/PaperWind/Content/Mannequin/Character/Materials/MaterialLayers/T_ML_Aluminum01.uasset" 471
"E:/Program Files (x86)/PaperWind/PaperWind/Content/Mannequin/Character/Materials/MaterialLayers/T_ML_Aluminum01.uexp" 472
"E:/Program Files (x86)/PaperWind/PaperWind/Content/Mannequin/Character/Materials/MaterialLayers/T_ML_Aluminum01.ubulk" 473
"E:/Program Files (x86)/PaperWind/PaperWind/Content/Mannequin/Character/Materials/MaterialLayers/ML_SoftMetal_UE4.uasset" 474
"E:/Program Files (x86)/PaperWind/PaperWind/Content/Mannequin/Character/Materials/MaterialLayers/ML_SoftMetal_UE4.uexp" 475
"E:/Program Files (x86)/PaperWind/PaperWind/Content/Mannequin/Character/Materials/MaterialLayers/ML_Plastic_Shiny_Beige_LOGO.uasset" 476
"E:/Program Files (x86)/PaperWind/PaperWind/Content/Mannequin/Character/Materials/MaterialLayers/ML_Plastic_Shiny_Beige_LOGO.uexp" 477
"E:/Program Files (x86)/PaperWind/PaperWind/Content/Mannequin/Character/Materials/MaterialLayers/ML_Plastic_Shiny_Beige.uasset" 478
"E:/Program Files (x86)/PaperWind/PaperWind/Content/Mannequin/Character/Materials/MaterialLayers/ML_Plastic_Shiny_Beige.uexp" 479
"E:/Program Files (x86)/PaperWind/PaperWind/Content/Mannequin/Character/Materials/MaterialLayers/ML_GlossyBlack_Latex_UE4.uasset" 480
"E:/Program Files (x86)/PaperWind/PaperWind/Content/Mannequin/Character/Materials/MaterialLayers/ML_GlossyBlack_Latex_UE4.uexp" 481
"../../../Engine/Content/Functions/MaterialLayerFunctions/MatLayerBlend_Simple.uasset" 482
"../../../Engine/Content/Functions/MaterialLayerFunctions/MatLayerBlend_Simple.uexp" 483
"../../../Engine/Content/Functions/Engine_MaterialFunctions02/Utility/BlendAngleCorrectedNormals.uasset" 484
"../../../Engine/Content/Functions/Engine_MaterialFunctions02/Utility/BlendAngleCorrectedNormals.uexp" 485
"../../../Engine/Content/Functions/MaterialLayerFunctions/MatLayerBlend_NormalBlend.uasset" 486
"../../../Engine/Content/Functions/MaterialLayerFunctions/MatLayerBlend_NormalBlend.uexp" 487
"E:/Program Files (x86)/PaperWind/PaperWind/Content/Mannequin/Character/Materials/M_Male_Body.uasset" 488
"E:/Program Files (x86)/PaperWind/PaperWind/Content/Mannequin/Character/Materials/M_Male_Body.uexp" 489
"E:/Program Files (x86)/PaperWind/PaperWind/Content/Mannequin/Character/Materials/M_UE4Man_ChestLogo.uasset" 490
"E:/Program Files (x86)/PaperWind/PaperWind/Content/Mannequin/Character/Materials/M_UE4Man_ChestLogo.uexp" 491
"E:/Program Files (x86)/PaperWind/PaperWind/Content/Mannequin/Character/Mesh/UE4_Mannequin_Skeleton.uasset" 492
"E:/Program Files (x86)/PaperWind/PaperWind/Content/Mannequin/Character/Mesh/UE4_Mannequin_Skeleton.uexp" 493
"E:/Program Files (x86)/PaperWind/PaperWind/Content/Mannequin/Character/Mesh/SK_Mannequin.uasset" 494
"E:/Program Files (x86)/PaperWind/PaperWind/Content/Mannequin/Character/Mesh/SK_Mannequin.uexp" 495
"E:/Program Files (x86)/PaperWind/PaperWind/Content/Mannequin/Animations/ThirdPersonWalk.uasset" 496
"E:/Program Files (x86)/PaperWind/PaperWind/Content/Mannequin/Animations/ThirdPersonWalk.uexp" 497
"E:/Program Files (x86)/PaperWind/PaperWind/Content/Mannequin/Animations/ThirdPersonRun.uasset" 498
"E:/Program Files (x86)/PaperWind/PaperWind/Content/Mannequin/Animations/ThirdPersonRun.uexp" 499
"E:/Program Files (x86)/PaperWind/PaperWind/Content/Mannequin/Animations/ThirdPersonIdle.uasset" 500
"E:/Program Files (x86)/PaperWind/PaperWind/Content/Mannequin/Animations/ThirdPersonIdle.uexp" 501
"E:/Program Files (x86)/PaperWind/PaperWind/Content/Mannequin/Animations/ThirdPerson_IdleRun_2D.uasset" 502
"E:/Program Files (x86)/PaperWind/PaperWind/Content/Mannequin/Animations/ThirdPerson_IdleRun_2D.uexp" 503
"E:/Program Files (x86)/PaperWind/PaperWind/Content/Mannequin/Animations/ThirdPerson_Jump.uasset" 504
"E:/Program Files (x86)/PaperWind/PaperWind/Content/Mannequin/Animations/ThirdPerson_Jump.uexp" 505
"E:/Program Files (x86)/PaperWind/PaperWind/Content/Mannequin/Animations/ThirdPersonJump_Start.uasset" 506
"E:/Program Files (x86)/PaperWind/PaperWind/Content/Mannequin/Animations/ThirdPersonJump_Start.uexp" 507
"E:/Program Files (x86)/PaperWind/PaperWind/Content/Mannequin/Animations/ThirdPersonJump_Loop.uasset" 508
"E:/Program Files (x86)/PaperWind/PaperWind/Content/Mannequin/Animations/ThirdPersonJump_Loop.uexp" 509
"E:/Program Files (x86)/PaperWind/PaperWind/Content/Mannequin/Animations/ThirdPerson_AnimBP.uasset" 510
"E:/Program Files (x86)/PaperWind/PaperWind/Content/Mannequin/Animations/ThirdPerson_AnimBP.uexp" 511
"E:/Program Files (x86)/PaperWind/PaperWind/Content/Michaels_Work/Blueprints/ThirdPersonCharacter.uasset" 512
"E:/Program Files (x86)/PaperWind/PaperWind/Content/Michaels_Work/Blueprints/ThirdPersonCharacter.uexp" 513
"E:/Program Files (x86)/PaperWind/PaperWind/Content/Michaels_Work/Blueprints/Main_GM.uasset" 514
"E:/Program Files (x86)/PaperWind/PaperWind/Content/Michaels_Work/Blueprints/Main_GM.uexp" 515
"E:/Program Files (x86)/PaperWind/PaperWind/Content/Michaels_Work/Sounds/Paper_2.uasset" 516
"E:/Program Files (x86)/PaperWind/PaperWind/Content/Michaels_Work/Sounds/Paper_2.uexp" 517
"E:/Program Files (x86)/PaperWind/PaperWind/Content/Michaels_Work/Sounds/Paper_1.uasset" 518
"E:/Program Files (x86)/PaperWind/PaperWind/Content/Michaels_Work/Sounds/Paper_1.uexp" 519
"E:/Program Files (x86)/PaperWind/PaperWind/Content/Michaels_Work/Sounds/S_Paper.uasset" 520
"E:/Program Files (x86)/PaperWind/PaperWind/Content/Michaels_Work/Sounds/S_Paper.uexp" 521
"E:/Program Files (x86)/PaperWind/PaperWind/Content/Michaels_Work/Sounds/Teeing_off.uasset" 522
"E:/Program Files (x86)/PaperWind/PaperWind/Content/Michaels_Work/Sounds/Teeing_off.uexp" 523
"E:/Program Files (x86)/PaperWind/PaperWind/Content/Michaels_Work/Sounds/18898__acclivity__golfteeoff1_Cue.uasset" 524
"E:/Program Files (x86)/PaperWind/PaperWind/Content/Michaels_Work/Sounds/18898__acclivity__golfteeoff1_Cue.uexp" 525
"E:/Program Files (x86)/PaperWind/PaperWind/Content/Michaels_Work/Textures/Crumpled_Paper_Mesh_lambert1_OcclusionRoughnessMetallic.uasset" 526
"E:/Program Files (x86)/PaperWind/PaperWind/Content/Michaels_Work/Textures/Crumpled_Paper_Mesh_lambert1_OcclusionRoughnessMetallic.uexp" 527
"E:/Program Files (x86)/PaperWind/PaperWind/Content/Michaels_Work/Textures/Crumpled_Paper_Mesh_lambert1_OcclusionRoughnessMetallic.ubulk" 528
"E:/Program Files (x86)/PaperWind/PaperWind/Content/Michaels_Work/Textures/Crumpled_Paper_Mesh_lambert1_Normal.uasset" 529
"E:/Program Files (x86)/PaperWind/PaperWind/Content/Michaels_Work/Textures/Crumpled_Paper_Mesh_lambert1_Normal.uexp" 530
"E:/Program Files (x86)/PaperWind/PaperWind/Content/Michaels_Work/Textures/Crumpled_Paper_Mesh_lambert1_Normal.ubulk" 531
"E:/Program Files (x86)/PaperWind/PaperWind/Content/Michaels_Work/Textures/Crumpled_Paper_Mesh_lambert1_BaseColor.uasset" 532
"E:/Program Files (x86)/PaperWind/PaperWind/Content/Michaels_Work/Textures/Crumpled_Paper_Mesh_lambert1_BaseColor.uexp" 533
"E:/Program Files (x86)/PaperWind/PaperWind/Content/Michaels_Work/Textures/Crumpled_Paper_Mesh_lambert1_BaseColor.ubulk" 534
"E:/Program Files (x86)/PaperWind/PaperWind/Content/Michaels_Work/Meshes/Paper_Texture.uasset" 535
"E:/Program Files (x86)/PaperWind/PaperWind/Content/Michaels_Work/Meshes/Paper_Texture.uexp" 536
"E:/Program Files (x86)/PaperWind/PaperWind/Content/Michaels_Work/Meshes/Crumpled_Paper_Mesh.uasset" 537
"E:/Program Files (x86)/PaperWind/PaperWind/Content/Michaels_Work/Meshes/Crumpled_Paper_Mesh.uexp" 538
"E:/Program Files (x86)/PaperWind/PaperWind/Content/Michaels_Work/Blueprints/BP_Arrow.uasset" 539
"E:/Program Files (x86)/PaperWind/PaperWind/Content/Michaels_Work/Blueprints/BP_Arrow.uexp" 540
"E:/Program Files (x86)/PaperWind/PaperWind/Content/Michaels_Work/Blueprints/Paper_Ball_Set_Force.uasset" 541
"E:/Program Files (x86)/PaperWind/PaperWind/Content/Michaels_Work/Blueprints/Paper_Ball_Set_Force.uexp" 542
"E:/Program Files (x86)/PaperWind/PaperWind/Content/Michaels_Work/Widgets/Fonts/Penstriped.uasset" 543
"E:/Program Files (x86)/PaperWind/PaperWind/Content/Michaels_Work/Widgets/Fonts/Penstriped.uexp" 544
"E:/Program Files (x86)/PaperWind/PaperWind/Content/Michaels_Work/Widgets/Fonts/Penstriped.ufont" 545
"E:/Program Files (x86)/PaperWind/PaperWind/Content/Michaels_Work/Widgets/Fonts/Penstriped_Font.uasset" 546
"E:/Program Files (x86)/PaperWind/PaperWind/Content/Michaels_Work/Widgets/Fonts/Penstriped_Font.uexp" 547
"E:/Program Files (x86)/PaperWind/PaperWind/Content/Michaels_Work/Sounds/370844__cabled-mess__ping-minimal-ui-sounds.uasset" 548
"E:/Program Files (x86)/PaperWind/PaperWind/Content/Michaels_Work/Sounds/370844__cabled-mess__ping-minimal-ui-sounds.uexp" 549
"E:/Program Files (x86)/PaperWind/PaperWind/Content/Michaels_Work/Sounds/370844__cabled-mess__ping-minimal-ui-sounds_Cue.uasset" 550
"E:/Program Files (x86)/PaperWind/PaperWind/Content/Michaels_Work/Sounds/370844__cabled-mess__ping-minimal-ui-sounds_Cue.uexp" 551
"E:/Program Files (x86)/PaperWind/PaperWind/Content/Lachlans_Work/3D_Menu/Widgets/Button_Widget.uasset" 552
"E:/Program Files (x86)/PaperWind/PaperWind/Content/Lachlans_Work/3D_Menu/Widgets/Button_Widget.uexp" 553
"E:/Program Files (x86)/PaperWind/PaperWind/Content/Lachlans_Work/3D_Menu/Widgets/PauseMenu.uasset" 554
"E:/Program Files (x86)/PaperWind/PaperWind/Content/Lachlans_Work/3D_Menu/Widgets/PauseMenu.uexp" 555
"E:/Program Files (x86)/PaperWind/PaperWind/Content/Michaels_Work/Blueprints/Paper_Ball_Set_Force_with_Arrow.uasset" 556
"E:/Program Files (x86)/PaperWind/PaperWind/Content/Michaels_Work/Blueprints/Paper_Ball_Set_Force_with_Arrow.uexp" 557
"E:/Program Files (x86)/PaperWind/PaperWind/Content/AssetsvilleTown/Textures/Tiled/T_planks_01.uasset" 558
"E:/Program Files (x86)/PaperWind/PaperWind/Content/AssetsvilleTown/Textures/Tiled/T_planks_01.uexp" 559
"E:/Program Files (x86)/PaperWind/PaperWind/Content/AssetsvilleTown/Textures/Tiled/T_planks_01.ubulk" 560
"E:/Program Files (x86)/PaperWind/PaperWind/Content/AssetsvilleTown/Materials/MasterMaterials/M_BaseTexture.uasset" 561
"E:/Program Files (x86)/PaperWind/PaperWind/Content/AssetsvilleTown/Materials/MasterMaterials/M_BaseTexture.uexp" 562
"E:/Program Files (x86)/PaperWind/PaperWind/Content/AssetsvilleTown/Materials/MI_Planks_01.uasset" 563
"E:/Program Files (x86)/PaperWind/PaperWind/Content/AssetsvilleTown/Materials/MI_Planks_01.uexp" 564
"E:/Program Files (x86)/PaperWind/PaperWind/Content/AssetsvilleTown/Materials/MasterMaterials/M_BaseColor.uasset" 565
"E:/Program Files (x86)/PaperWind/PaperWind/Content/AssetsvilleTown/Materials/MasterMaterials/M_BaseColor.uexp" 566
"E:/Program Files (x86)/PaperWind/PaperWind/Content/AssetsvilleTown/Materials/MI_matteWhite.uasset" 567
"E:/Program Files (x86)/PaperWind/PaperWind/Content/AssetsvilleTown/Materials/MI_matteWhite.uexp" 568
"E:/Program Files (x86)/PaperWind/PaperWind/Content/AssetsvilleTown/Meshes/BuildingTilset/SM_floor_01.uasset" 569
"E:/Program Files (x86)/PaperWind/PaperWind/Content/AssetsvilleTown/Meshes/BuildingTilset/SM_floor_01.uexp" 570
"E:/Program Files (x86)/PaperWind/PaperWind/Content/AssetsvilleTown/Materials/MI_matteDarkGrey.uasset" 571
"E:/Program Files (x86)/PaperWind/PaperWind/Content/AssetsvilleTown/Materials/MI_matteDarkGrey.uexp" 572
"E:/Program Files (x86)/PaperWind/PaperWind/Content/Michaels_Work/Blueprints/Floor_is_lava_BP.uasset" 573
"E:/Program Files (x86)/PaperWind/PaperWind/Content/Michaels_Work/Blueprints/Floor_is_lava_BP.uexp" 574
"E:/Program Files (x86)/PaperWind/PaperWind/Content/Michaels_Work/Widgets/You_Win_Widget.uasset" 575
"E:/Program Files (x86)/PaperWind/PaperWind/Content/Michaels_Work/Widgets/You_Win_Widget.uexp" 576
"E:/Program Files (x86)/PaperWind/PaperWind/Content/Michaels_Work/Sounds/239594__xtrgamr__unimpressedyay-01.uasset" 577
"E:/Program Files (x86)/PaperWind/PaperWind/Content/Michaels_Work/Sounds/239594__xtrgamr__unimpressedyay-01.uexp" 578
"E:/Program Files (x86)/PaperWind/PaperWind/Content/Michaels_Work/Materials/download.uasset" 579
"E:/Program Files (x86)/PaperWind/PaperWind/Content/Michaels_Work/Materials/download.uexp" 580
"E:/Program Files (x86)/PaperWind/PaperWind/Content/Michaels_Work/Materials/M_Confetti.uasset" 581
"E:/Program Files (x86)/PaperWind/PaperWind/Content/Michaels_Work/Materials/M_Confetti.uexp" 582
"E:/Program Files (x86)/PaperWind/PaperWind/Content/Michaels_Work/Materials/Emitters/P_Confetti.uasset" 583
"E:/Program Files (x86)/PaperWind/PaperWind/Content/Michaels_Work/Materials/Emitters/P_Confetti.uexp" 584
"E:/Program Files (x86)/PaperWind/PaperWind/Content/Michaels_Work/Blueprints/Confetti.uasset" 585
"E:/Program Files (x86)/PaperWind/PaperWind/Content/Michaels_Work/Blueprints/Confetti.uexp" 586
"E:/Program Files (x86)/PaperWind/PaperWind/Content/Michaels_Work/Blueprints/Completion_point_BP.uasset" 587
"E:/Program Files (x86)/PaperWind/PaperWind/Content/Michaels_Work/Blueprints/Completion_point_BP.uexp" 588
"E:/Program Files (x86)/PaperWind/PaperWind/Content/Geometry/Meshes/CubeMaterial.uasset" 589
"E:/Program Files (x86)/PaperWind/PaperWind/Content/Geometry/Meshes/CubeMaterial.uexp" 590
"E:/Program Files (x86)/PaperWind/PaperWind/Content/Michaels_Work/Sounds/347848__foolboymedia__new-york-jazz-loop.uasset" 591
"E:/Program Files (x86)/PaperWind/PaperWind/Content/Michaels_Work/Sounds/347848__foolboymedia__new-york-jazz-loop.uexp" 592
"E:/Program Files (x86)/PaperWind/PaperWind/Content/Michaels_Work/Sounds/347848__foolboymedia__new-york-jazz-loop_Cue.uasset" 593
"E:/Program Files (x86)/PaperWind/PaperWind/Content/Michaels_Work/Sounds/347848__foolboymedia__new-york-jazz-loop_Cue.uexp" 594
"E:/Program Files (x86)/PaperWind/PaperWind/Content/Michaels_Work/Meshes/Roof.uasset" 595
"E:/Program Files (x86)/PaperWind/PaperWind/Content/Michaels_Work/Meshes/Roof.uexp" 596
"E:/Program Files (x86)/PaperWind/PaperWind/Content/Michaels_Work/Meshes/Bin_Mesh.uasset" 597
"E:/Program Files (x86)/PaperWind/PaperWind/Content/Michaels_Work/Meshes/Bin_Mesh.uexp" 598
"../../../Engine/Content/EngineMaterials/OrientParticle.uasset" 599
"../../../Engine/Content/EngineMaterials/OrientParticle.uexp" 600
"../../../Engine/Content/EngineMaterials/DefaultParticle.uasset" 601
"../../../Engine/Content/EngineMaterials/DefaultParticle.uexp" 602
"../../../Engine/Content/Functions/Engine_MaterialFunctions01/Density/ExponentialDensity.uasset" 603
"../../../Engine/Content/Functions/Engine_MaterialFunctions01/Density/ExponentialDensity.uexp" 604
"../../../Engine/Content/Functions/Engine_MaterialFunctions01/Gradient/RadialGradientExponential.uasset" 605
"../../../Engine/Content/Functions/Engine_MaterialFunctions01/Gradient/RadialGradientExponential.uexp" 606
"E:/Program Files (x86)/PaperWind/PaperWind/Content/Michaels_Work/Materials/M_Wind.uasset" 607
"E:/Program Files (x86)/PaperWind/PaperWind/Content/Michaels_Work/Materials/M_Wind.uexp" 608
"E:/Program Files (x86)/PaperWind/PaperWind/Content/Michaels_Work/Materials/Emitters/P_Wind_Left.uasset" 609
"E:/Program Files (x86)/PaperWind/PaperWind/Content/Michaels_Work/Materials/Emitters/P_Wind_Left.uexp" 610
"../../../Engine/Content/Functions/Engine_MaterialFunctions02/Lerp_3Color.uasset" 611
"../../../Engine/Content/Functions/Engine_MaterialFunctions02/Lerp_3Color.uexp" 612
"E:/Program Files (x86)/PaperWind/PaperWind/Content/Michaels_Work/Materials/M_Bin_Glow.uasset" 613
"E:/Program Files (x86)/PaperWind/PaperWind/Content/Michaels_Work/Materials/M_Bin_Glow.uexp" 614
"E:/Program Files (x86)/PaperWind/PaperWind/Content/Michaels_Work/Materials/M_Bin_Glow_Inst.uasset" 615
"E:/Program Files (x86)/PaperWind/PaperWind/Content/Michaels_Work/Materials/M_Bin_Glow_Inst.uexp" 616
"E:/Program Files (x86)/PaperWind/PaperWind/Content/Lachlans_Work/Maps/Main_Level_BuiltData.uasset" 617
"E:/Program Files (x86)/PaperWind/PaperWind/Content/Lachlans_Work/Maps/Main_Level_BuiltData.uexp" 618
"E:/Program Files (x86)/PaperWind/PaperWind/Content/Lachlans_Work/Maps/Main_Level_BuiltData.ubulk" 619
"E:/Program Files (x86)/PaperWind/PaperWind/Content/Michaels_Work/Materials/Emitters/P_Wind_Right.uasset" 620
"E:/Program Files (x86)/PaperWind/PaperWind/Content/Michaels_Work/Materials/Emitters/P_Wind_Right.uexp" 621
"E:/Program Files (x86)/PaperWind/PaperWind/Content/Michaels_Work/Sounds/403664__inspectorj__air-extractor-fan-public-toilets-a.uasset" 622
"E:/Program Files (x86)/PaperWind/PaperWind/Content/Michaels_Work/Sounds/403664__inspectorj__air-extractor-fan-public-toilets-a.uexp" 623
"E:/Program Files (x86)/PaperWind/PaperWind/Content/Michaels_Work/Sounds/403664__inspectorj__air-extractor-fan-public-toilets-a_Cue.uasset" 624
"E:/Program Files (x86)/PaperWind/PaperWind/Content/Michaels_Work/Sounds/403664__inspectorj__air-extractor-fan-public-toilets-a_Cue.uexp" 625
"E:/Program Files (x86)/PaperWind/PaperWind/Content/Lachlans_Work/Blueprints/Blower_Fan.uasset" 626
"E:/Program Files (x86)/PaperWind/PaperWind/Content/Lachlans_Work/Blueprints/Blower_Fan.uexp" 627
"E:/Program Files (x86)/PaperWind/PaperWind/Content/AssetsvilleTown/Textures/Tiled/T_tiles_10.uasset" 628
"E:/Program Files (x86)/PaperWind/PaperWind/Content/AssetsvilleTown/Textures/Tiled/T_tiles_10.uexp" 629
"E:/Program Files (x86)/PaperWind/PaperWind/Content/AssetsvilleTown/Textures/Tiled/T_tiles_10.ubulk" 630
"E:/Program Files (x86)/PaperWind/PaperWind/Content/AssetsvilleTown/Materials/MI_Tiles_10.uasset" 631
"E:/Program Files (x86)/PaperWind/PaperWind/Content/AssetsvilleTown/Materials/MI_Tiles_10.uexp" 632
"E:/Program Files (x86)/PaperWind/PaperWind/Content/AssetsvilleTown/Meshes/InteriorProps/Office/SM_Radiator_01.uasset" 633
"E:/Program Files (x86)/PaperWind/PaperWind/Content/AssetsvilleTown/Meshes/InteriorProps/Office/SM_Radiator_01.uexp" 634
"E:/Program Files (x86)/PaperWind/PaperWind/Content/AssetsvilleTown/Meshes/InteriorProps/Office/SM_Cupboard_10.uasset" 635
"E:/Program Files (x86)/PaperWind/PaperWind/Content/AssetsvilleTown/Meshes/InteriorProps/Office/SM_Cupboard_10.uexp" 636
"E:/Program Files (x86)/PaperWind/PaperWind/Content/AssetsvilleTown/Meshes/InteriorProps/Office/SM_Couch_01.uasset" 637
"E:/Program Files (x86)/PaperWind/PaperWind/Content/AssetsvilleTown/Meshes/InteriorProps/Office/SM_Couch_01.uexp" 638
"E:/Program Files (x86)/PaperWind/PaperWind/Content/AssetsvilleTown/Meshes/InteriorProps/Office/SM_TyreRacking_01.uasset" 639
"E:/Program Files (x86)/PaperWind/PaperWind/Content/AssetsvilleTown/Meshes/InteriorProps/Office/SM_TyreRacking_01.uexp" 640
"E:/Program Files (x86)/PaperWind/PaperWind/Content/AssetsvilleTown/Meshes/InteriorProps/Office/SM_Suitcase_01.uasset" 641
"E:/Program Files (x86)/PaperWind/PaperWind/Content/AssetsvilleTown/Meshes/InteriorProps/Office/SM_Suitcase_01.uexp" 642
"E:/Program Files (x86)/PaperWind/PaperWind/Content/AssetsvilleTown/Meshes/InteriorProps/Office/SM_Stamper_01.uasset" 643
"E:/Program Files (x86)/PaperWind/PaperWind/Content/AssetsvilleTown/Meshes/InteriorProps/Office/SM_Stamper_01.uexp" 644
"E:/Program Files (x86)/PaperWind/PaperWind/Content/AssetsvilleTown/Meshes/InteriorProps/Office/SM_Plant_03.uasset" 645
"E:/Program Files (x86)/PaperWind/PaperWind/Content/AssetsvilleTown/Meshes/InteriorProps/Office/SM_Plant_03.uexp" 646
"E:/Program Files (x86)/PaperWind/PaperWind/Content/AssetsvilleTown/Meshes/InteriorProps/Office/SM_Plant_02.uasset" 647
"E:/Program Files (x86)/PaperWind/PaperWind/Content/AssetsvilleTown/Meshes/InteriorProps/Office/SM_Plant_02.uexp" 648
"E:/Program Files (x86)/PaperWind/PaperWind/Content/AssetsvilleTown/Meshes/InteriorProps/Office/SM_PinBoard_01.uasset" 649
"E:/Program Files (x86)/PaperWind/PaperWind/Content/AssetsvilleTown/Meshes/InteriorProps/Office/SM_PinBoard_01.uexp" 650
"E:/Program Files (x86)/PaperWind/PaperWind/Content/AssetsvilleTown/Meshes/InteriorProps/Office/SM_PaperShredder_01.uasset" 651
"E:/Program Files (x86)/PaperWind/PaperWind/Content/AssetsvilleTown/Meshes/InteriorProps/Office/SM_PaperShredder_01.uexp" 652
"E:/Program Files (x86)/PaperWind/PaperWind/Content/AssetsvilleTown/Meshes/InteriorProps/Office/SM_Notepad_03.uasset" 653
"E:/Program Files (x86)/PaperWind/PaperWind/Content/AssetsvilleTown/Meshes/InteriorProps/Office/SM_Notepad_03.uexp" 654
"E:/Program Files (x86)/PaperWind/PaperWind/Content/AssetsvilleTown/Meshes/InteriorProps/Office/SM_Notepad_02.uasset" 655
"E:/Program Files (x86)/PaperWind/PaperWind/Content/AssetsvilleTown/Meshes/InteriorProps/Office/SM_Notepad_02.uexp" 656
"E:/Program Files (x86)/PaperWind/PaperWind/Content/AssetsvilleTown/Meshes/InteriorProps/Office/SM_Mirror_01.uasset" 657
"E:/Program Files (x86)/PaperWind/PaperWind/Content/AssetsvilleTown/Meshes/InteriorProps/Office/SM_Mirror_01.uexp" 658
"E:/Program Files (x86)/PaperWind/PaperWind/Content/AssetsvilleTown/Meshes/InteriorProps/Office/SM_Microphone_01.uasset" 659
"E:/Program Files (x86)/PaperWind/PaperWind/Content/AssetsvilleTown/Meshes/InteriorProps/Office/SM_Microphone_01.uexp" 660
"E:/Program Files (x86)/PaperWind/PaperWind/Content/AssetsvilleTown/Meshes/InteriorProps/Office/SM_metalShelf_01.uasset" 661
"E:/Program Files (x86)/PaperWind/PaperWind/Content/AssetsvilleTown/Meshes/InteriorProps/Office/SM_metalShelf_01.uexp" 662
"E:/Program Files (x86)/PaperWind/PaperWind/Content/AssetsvilleTown/Meshes/InteriorProps/Office/SM_Laptop_01.uasset" 663
"E:/Program Files (x86)/PaperWind/PaperWind/Content/AssetsvilleTown/Meshes/InteriorProps/Office/SM_Laptop_01.uexp" 664
"E:/Program Files (x86)/PaperWind/PaperWind/Content/AssetsvilleTown/Meshes/InteriorProps/Office/SM_Lamp_01.uasset" 665
"E:/Program Files (x86)/PaperWind/PaperWind/Content/AssetsvilleTown/Meshes/InteriorProps/Office/SM_Lamp_01.uexp" 666
"E:/Program Files (x86)/PaperWind/PaperWind/Content/AssetsvilleTown/Meshes/InteriorProps/Office/SM_Hanger_01.uasset" 667
"E:/Program Files (x86)/PaperWind/PaperWind/Content/AssetsvilleTown/Meshes/InteriorProps/Office/SM_Hanger_01.uexp" 668
"E:/Program Files (x86)/PaperWind/PaperWind/Content/AssetsvilleTown/Meshes/InteriorProps/Office/SM_Frame_04.uasset" 669
"E:/Program Files (x86)/PaperWind/PaperWind/Content/AssetsvilleTown/Meshes/InteriorProps/Office/SM_Frame_04.uexp" 670
"E:/Program Files (x86)/PaperWind/PaperWind/Content/AssetsvilleTown/Meshes/InteriorProps/Office/SM_Frame_03.uasset" 671
"E:/Program Files (x86)/PaperWind/PaperWind/Content/AssetsvilleTown/Meshes/InteriorProps/Office/SM_Frame_03.uexp" 672
"E:/Program Files (x86)/PaperWind/PaperWind/Content/AssetsvilleTown/Meshes/InteriorProps/Office/SM_Frame_02.uasset" 673
"E:/Program Files (x86)/PaperWind/PaperWind/Content/AssetsvilleTown/Meshes/InteriorProps/Office/SM_Frame_02.uexp" 674
"E:/Program Files (x86)/PaperWind/PaperWind/Content/AssetsvilleTown/Meshes/InteriorProps/Office/SM_Frame_01.uasset" 675
"E:/Program Files (x86)/PaperWind/PaperWind/Content/AssetsvilleTown/Meshes/InteriorProps/Office/SM_Frame_01.uexp" 676
"E:/Program Files (x86)/PaperWind/PaperWind/Content/AssetsvilleTown/Meshes/InteriorProps/Office/SM_Flag_03.uasset" 677
"E:/Program Files (x86)/PaperWind/PaperWind/Content/AssetsvilleTown/Meshes/InteriorProps/Office/SM_Flag_03.uexp" 678
"E:/Program Files (x86)/PaperWind/PaperWind/Content/AssetsvilleTown/Meshes/InteriorProps/Office/SM_Flag_02.uasset" 679
"E:/Program Files (x86)/PaperWind/PaperWind/Content/AssetsvilleTown/Meshes/InteriorProps/Office/SM_Flag_02.uexp" 680
"E:/Program Files (x86)/PaperWind/PaperWind/Content/AssetsvilleTown/Meshes/InteriorProps/Office/SM_Fan_02.uasset" 681
"E:/Program Files (x86)/PaperWind/PaperWind/Content/AssetsvilleTown/Meshes/InteriorProps/Office/SM_Fan_02.uexp" 682
"E:/Program Files (x86)/PaperWind/PaperWind/Content/AssetsvilleTown/Meshes/InteriorProps/Office/SM_EagleStatuette_01.uasset" 683
"E:/Program Files (x86)/PaperWind/PaperWind/Content/AssetsvilleTown/Meshes/InteriorProps/Office/SM_EagleStatuette_01.uexp" 684
"E:/Program Files (x86)/PaperWind/PaperWind/Content/AssetsvilleTown/Meshes/InteriorProps/Office/SM_Document_Organizer_02.uasset" 685
"E:/Program Files (x86)/PaperWind/PaperWind/Content/AssetsvilleTown/Meshes/InteriorProps/Office/SM_Document_Organizer_02.uexp" 686
"E:/Program Files (x86)/PaperWind/PaperWind/Content/AssetsvilleTown/Meshes/InteriorProps/Office/SM_Document_Organizer_01.uasset" 687
"E:/Program Files (x86)/PaperWind/PaperWind/Content/AssetsvilleTown/Meshes/InteriorProps/Office/SM_Document_Organizer_01.uexp" 688
"E:/Program Files (x86)/PaperWind/PaperWind/Content/AssetsvilleTown/Meshes/InteriorProps/Office/SM_Desk_04.uasset" 689
"E:/Program Files (x86)/PaperWind/PaperWind/Content/AssetsvilleTown/Meshes/InteriorProps/Office/SM_Desk_04.uexp" 690
"E:/Program Files (x86)/PaperWind/PaperWind/Content/AssetsvilleTown/Meshes/InteriorProps/House/SM_kitchenCabinet_007.uasset" 691
"E:/Program Files (x86)/PaperWind/PaperWind/Content/AssetsvilleTown/Meshes/InteriorProps/House/SM_kitchenCabinet_007.uexp" 692
"E:/Program Files (x86)/PaperWind/PaperWind/Content/AssetsvilleTown/Meshes/InteriorProps/House/SM_kitchenCabinet_006.uasset" 693
"E:/Program Files (x86)/PaperWind/PaperWind/Content/AssetsvilleTown/Meshes/InteriorProps/House/SM_kitchenCabinet_006.uexp" 694
"E:/Program Files (x86)/PaperWind/PaperWind/Content/AssetsvilleTown/Textures/Tiled/T_wallpaper_01_blue.uasset" 695
"E:/Program Files (x86)/PaperWind/PaperWind/Content/AssetsvilleTown/Textures/Tiled/T_wallpaper_01_blue.uexp" 696
"E:/Program Files (x86)/PaperWind/PaperWind/Content/AssetsvilleTown/Textures/Tiled/T_wallpaper_01_blue.ubulk" 697
"E:/Program Files (x86)/PaperWind/PaperWind/Content/AssetsvilleTown/Materials/MI_Wallpaper_01_blue.uasset" 698
"E:/Program Files (x86)/PaperWind/PaperWind/Content/AssetsvilleTown/Materials/MI_Wallpaper_01_blue.uexp" 699
"E:/Program Files (x86)/PaperWind/PaperWind/Content/AssetsvilleTown/Meshes/InteriorProps/House/SM_kitchenBar_01.uasset" 700
"E:/Program Files (x86)/PaperWind/PaperWind/Content/AssetsvilleTown/Meshes/InteriorProps/House/SM_kitchenBar_01.uexp" 701
"E:/Program Files (x86)/PaperWind/PaperWind/Content/AssetsvilleTown/Meshes/InteriorProps/House/SM_foodPizza.uasset" 702
"E:/Program Files (x86)/PaperWind/PaperWind/Content/AssetsvilleTown/Meshes/InteriorProps/House/SM_foodPizza.uexp" 703
"E:/Program Files (x86)/PaperWind/PaperWind/Content/AssetsvilleTown/Meshes/InteriorProps/Office/SM_Cupboard_07.uasset" 704
"E:/Program Files (x86)/PaperWind/PaperWind/Content/AssetsvilleTown/Meshes/InteriorProps/Office/SM_Cupboard_07.uexp" 705
"E:/Program Files (x86)/PaperWind/PaperWind/Content/AssetsvilleTown/Meshes/InteriorProps/Office/SM_Cupboard_02.uasset" 706
"E:/Program Files (x86)/PaperWind/PaperWind/Content/AssetsvilleTown/Meshes/InteriorProps/Office/SM_Cupboard_02.uexp" 707
"E:/Program Files (x86)/PaperWind/PaperWind/Content/AssetsvilleTown/Meshes/InteriorProps/Office/SM_Cup_01.uasset" 708
"E:/Program Files (x86)/PaperWind/PaperWind/Content/AssetsvilleTown/Meshes/InteriorProps/Office/SM_Cup_01.uexp" 709
"E:/Program Files (x86)/PaperWind/PaperWind/Content/AssetsvilleTown/Meshes/InteriorProps/Office/SM_Clock_01.uasset" 710
"E:/Program Files (x86)/PaperWind/PaperWind/Content/AssetsvilleTown/Meshes/InteriorProps/Office/SM_Clock_01.uexp" 711
"E:/Program Files (x86)/PaperWind/PaperWind/Content/AssetsvilleTown/Materials/MI_matteDarkRed.uasset" 712
"E:/Program Files (x86)/PaperWind/PaperWind/Content/AssetsvilleTown/Materials/MI_matteDarkRed.uexp" 713
"E:/Program Files (x86)/PaperWind/PaperWind/Content/AssetsvilleTown/Meshes/InteriorProps/Office/SM_Chair_03.uasset" 714
"E:/Program Files (x86)/PaperWind/PaperWind/Content/AssetsvilleTown/Meshes/InteriorProps/Office/SM_Chair_03.uexp" 715
"E:/Program Files (x86)/PaperWind/PaperWind/Content/AssetsvilleTown/Meshes/InteriorProps/Office/SM_Chair_01.uasset" 716
"E:/Program Files (x86)/PaperWind/PaperWind/Content/AssetsvilleTown/Meshes/InteriorProps/Office/SM_Chair_01.uexp" 717
"E:/Program Files (x86)/PaperWind/PaperWind/Content/AssetsvilleTown/Meshes/InteriorProps/Office/SM_Camera_01.uasset" 718
"E:/Program Files (x86)/PaperWind/PaperWind/Content/AssetsvilleTown/Meshes/InteriorProps/Office/SM_Camera_01.uexp" 719
"E:/Program Files (x86)/PaperWind/PaperWind/Content/AssetsvilleTown/Meshes/InteriorProps/Office/SM_Box_05.uasset" 720
"E:/Program Files (x86)/PaperWind/PaperWind/Content/AssetsvilleTown/Meshes/InteriorProps/Office/SM_Box_05.uexp" 721
"E:/Program Files (x86)/PaperWind/PaperWind/Content/AssetsvilleTown/Meshes/InteriorProps/Office/SM_Box_04.uasset" 722
"E:/Program Files (x86)/PaperWind/PaperWind/Content/AssetsvilleTown/Meshes/InteriorProps/Office/SM_Box_04.uexp" 723
"E:/Program Files (x86)/PaperWind/PaperWind/Content/AssetsvilleTown/Meshes/InteriorProps/Office/SM_Box_02.uasset" 724
"E:/Program Files (x86)/PaperWind/PaperWind/Content/AssetsvilleTown/Meshes/InteriorProps/Office/SM_Box_02.uexp" 725
"E:/Program Files (x86)/PaperWind/PaperWind/Content/AssetsvilleTown/Meshes/InteriorProps/Office/SM_Box_01.uasset" 726
"E:/Program Files (x86)/PaperWind/PaperWind/Content/AssetsvilleTown/Meshes/InteriorProps/Office/SM_Box_01.uexp" 727
"E:/Program Files (x86)/PaperWind/PaperWind/Content/AssetsvilleTown/Meshes/InteriorProps/Office/SM_BlackboardTools_01.uasset" 728
"E:/Program Files (x86)/PaperWind/PaperWind/Content/AssetsvilleTown/Meshes/InteriorProps/Office/SM_BlackboardTools_01.uexp" 729
"E:/Program Files (x86)/PaperWind/PaperWind/Content/AssetsvilleTown/Meshes/InteriorProps/Office/SM_Blackboard_01.uasset" 730
"E:/Program Files (x86)/PaperWind/PaperWind/Content/AssetsvilleTown/Meshes/InteriorProps/Office/SM_Blackboard_01.uexp" 731
"E:/Program Files (x86)/PaperWind/PaperWind/Content/AssetsvilleTown/Meshes/InteriorProps/Office/SM_Binder_04.uasset" 732
"E:/Program Files (x86)/PaperWind/PaperWind/Content/AssetsvilleTown/Meshes/InteriorProps/Office/SM_Binder_04.uexp" 733
"E:/Program Files (x86)/PaperWind/PaperWind/Content/AssetsvilleTown/Meshes/InteriorProps/Office/SM_Binder_03.uasset" 734
"E:/Program Files (x86)/PaperWind/PaperWind/Content/AssetsvilleTown/Meshes/InteriorProps/Office/SM_Binder_03.uexp" 735
"E:/Program Files (x86)/PaperWind/PaperWind/Content/AssetsvilleTown/Meshes/InteriorProps/Office/SM_Binder_02.uasset" 736
"E:/Program Files (x86)/PaperWind/PaperWind/Content/AssetsvilleTown/Meshes/InteriorProps/Office/SM_Binder_02.uexp" 737
"E:/Program Files (x86)/PaperWind/PaperWind/Content/AssetsvilleTown/Meshes/InteriorProps/Office/SM_Binder_01.uasset" 738
"E:/Program Files (x86)/PaperWind/PaperWind/Content/AssetsvilleTown/Meshes/InteriorProps/Office/SM_Binder_01.uexp" 739
"E:/Program Files (x86)/PaperWind/PaperWind/Content/AssetsvilleTown/Meshes/InteriorProps/Office/SM_Bin_02.uasset" 740
"E:/Program Files (x86)/PaperWind/PaperWind/Content/AssetsvilleTown/Meshes/InteriorProps/Office/SM_Bin_02.uexp" 741
"E:/Program Files (x86)/PaperWind/PaperWind/Content/AssetsvilleTown/Materials/MasterMaterials/M_Glass.uasset" 742
"E:/Program Files (x86)/PaperWind/PaperWind/Content/AssetsvilleTown/Materials/MasterMaterials/M_Glass.uexp" 743
"E:/Program Files (x86)/PaperWind/PaperWind/Content/AssetsvilleTown/Materials/MI_GlassBasic.uasset" 744
"E:/Program Files (x86)/PaperWind/PaperWind/Content/AssetsvilleTown/Materials/MI_GlassBasic.uexp" 745
"E:/Program Files (x86)/PaperWind/PaperWind/Content/AssetsvilleTown/Meshes/InteriorProps/House/SM_kitchenOven_01.uasset" 746
"E:/Program Files (x86)/PaperWind/PaperWind/Content/AssetsvilleTown/Meshes/InteriorProps/House/SM_kitchenOven_01.uexp" 747
"E:/Program Files (x86)/PaperWind/PaperWind/Content/AssetsvilleTown/Meshes/InteriorProps/House/SM_kitchenMicrowave.uasset" 748
"E:/Program Files (x86)/PaperWind/PaperWind/Content/AssetsvilleTown/Meshes/InteriorProps/House/SM_kitchenMicrowave.uexp" 749
"E:/Program Files (x86)/PaperWind/PaperWind/Content/AssetsvilleTown/Meshes/InteriorProps/House/SM_kitchenKnifeBox.uasset" 750
"E:/Program Files (x86)/PaperWind/PaperWind/Content/AssetsvilleTown/Meshes/InteriorProps/House/SM_kitchenKnifeBox.uexp" 751
"E:/Program Files (x86)/PaperWind/PaperWind/Content/AssetsvilleTown/Meshes/InteriorProps/House/SM_kitchenHood.uasset" 752
"E:/Program Files (x86)/PaperWind/PaperWind/Content/AssetsvilleTown/Meshes/InteriorProps/House/SM_kitchenHood.uexp" 753
"E:/Program Files (x86)/PaperWind/PaperWind/Content/AssetsvilleTown/Meshes/InteriorProps/House/SM_kitchenHanging_01.uasset" 754
"E:/Program Files (x86)/PaperWind/PaperWind/Content/AssetsvilleTown/Meshes/InteriorProps/House/SM_kitchenHanging_01.uexp" 755
"E:/Program Files (x86)/PaperWind/PaperWind/Content/AssetsvilleTown/Meshes/InteriorProps/House/SM_kitchenFridge_01.uasset" 756
"E:/Program Files (x86)/PaperWind/PaperWind/Content/AssetsvilleTown/Meshes/InteriorProps/House/SM_kitchenFridge_01.uexp" 757
"E:/Program Files (x86)/PaperWind/PaperWind/Content/AssetsvilleTown/Meshes/InteriorProps/House/SM_kitchenCabinetSink.uasset" 758
"E:/Program Files (x86)/PaperWind/PaperWind/Content/AssetsvilleTown/Meshes/InteriorProps/House/SM_kitchenCabinetSink.uexp" 759
"E:/Program Files (x86)/PaperWind/PaperWind/Content/AssetsvilleTown/Meshes/InteriorProps/House/SM_kitchenCabinet_04.uasset" 760
"E:/Program Files (x86)/PaperWind/PaperWind/Content/AssetsvilleTown/Meshes/InteriorProps/House/SM_kitchenCabinet_04.uexp" 761
"E:/Program Files (x86)/PaperWind/PaperWind/Content/AssetsvilleTown/Meshes/InteriorProps/House/SM_kitchenCabinet_008.uasset" 762
"E:/Program Files (x86)/PaperWind/PaperWind/Content/AssetsvilleTown/Meshes/InteriorProps/House/SM_kitchenCabinet_008.uexp" 763
"E:/Program Files (x86)/PaperWind/PaperWind/Content/AssetsvilleTown/Textures/Tiled/T_brickSmall_01_red.uasset" 764
"E:/Program Files (x86)/PaperWind/PaperWind/Content/AssetsvilleTown/Textures/Tiled/T_brickSmall_01_red.uexp" 765
"E:/Program Files (x86)/PaperWind/PaperWind/Content/AssetsvilleTown/Textures/Tiled/T_brickSmall_01_red.ubulk" 766
"E:/Program Files (x86)/PaperWind/PaperWind/Content/AssetsvilleTown/Materials/MI_BrickSmall_01_red.uasset" 767
"E:/Program Files (x86)/PaperWind/PaperWind/Content/AssetsvilleTown/Materials/MI_BrickSmall_01_red.uexp" 768
"E:/Program Files (x86)/PaperWind/PaperWind/Content/AssetsvilleTown/Meshes/BuildingTilset/SM_window_10.uasset" 769
"E:/Program Files (x86)/PaperWind/PaperWind/Content/AssetsvilleTown/Meshes/BuildingTilset/SM_window_10.uexp" 770
"E:/Program Files (x86)/PaperWind/PaperWind/Content/AssetsvilleTown/Meshes/BuildingTilset/SM_wall_01.uasset" 771
"E:/Program Files (x86)/PaperWind/PaperWind/Content/AssetsvilleTown/Meshes/BuildingTilset/SM_wall_01.uexp" 772
"E:/Program Files (x86)/PaperWind/PaperWind/Content/AssetsvilleTown/Textures/Tiled/T_panels_01_brown.uasset" 773
"E:/Program Files (x86)/PaperWind/PaperWind/Content/AssetsvilleTown/Textures/Tiled/T_panels_01_brown.uexp" 774
"E:/Program Files (x86)/PaperWind/PaperWind/Content/AssetsvilleTown/Textures/Tiled/T_panels_01_brown.ubulk" 775
"E:/Program Files (x86)/PaperWind/PaperWind/Content/AssetsvilleTown/Materials/MI_Panels_01_brown.uasset" 776
"E:/Program Files (x86)/PaperWind/PaperWind/Content/AssetsvilleTown/Materials/MI_Panels_01_brown.uexp" 777
"E:/Program Files (x86)/PaperWind/PaperWind/Content/AssetsvilleTown/Materials/MI_matteDarkBrown2.uasset" 778
"E:/Program Files (x86)/PaperWind/PaperWind/Content/AssetsvilleTown/Materials/MI_matteDarkBrown2.uexp" 779
"E:/Program Files (x86)/PaperWind/PaperWind/Content/Lachlans_Work/Maps/Main_Level.uexp" 780
"E:/Program Files (x86)/PaperWind/PaperWind/Content/Lachlans_Work/Maps/Main_Level.umap" 781
"E:/Program Files (x86)/PaperWind/PaperWind/Content/Michaels_Work/Textures/crumpled-paper-texture-free-photo.uasset" 782
"E:/Program Files (x86)/PaperWind/PaperWind/Content/Michaels_Work/Textures/crumpled-paper-texture-free-photo.uexp" 783
"E:/Program Files (x86)/PaperWind/PaperWind/Content/Lachlans_Work/3D_Menu/Widgets/Menu3D_Widget.uasset" 784
"E:/Program Files (x86)/PaperWind/PaperWind/Content/Lachlans_Work/3D_Menu/Widgets/Menu3D_Widget.uexp" 785
"E:/Program Files (x86)/PaperWind/PaperWind/Content/Lachlans_Work/3D_Menu/Widgets/MainMenu_Widget.uasset" 786
"E:/Program Files (x86)/PaperWind/PaperWind/Content/Lachlans_Work/3D_Menu/Widgets/MainMenu_Widget.uexp" 787
"E:/Program Files (x86)/PaperWind/PaperWind/Content/Lachlans_Work/3D_Menu/Widgets/Credit_Widget.uasset" 788
"E:/Program Files (x86)/PaperWind/PaperWind/Content/Lachlans_Work/3D_Menu/Widgets/Credit_Widget.uexp" 789
"E:/Program Files (x86)/PaperWind/PaperWind/Content/Lachlans_Work/3D_Menu/Widgets/Controls_Widget.uasset" 790
"E:/Program Files (x86)/PaperWind/PaperWind/Content/Lachlans_Work/3D_Menu/Widgets/Controls_Widget.uexp" 791
"E:/Program Files (x86)/PaperWind/PaperWind/Content/Lachlans_Work/3D_Menu/MainMenuGameMode.uasset" 792
"E:/Program Files (x86)/PaperWind/PaperWind/Content/Lachlans_Work/3D_Menu/MainMenuGameMode.uexp" 793
"E:/Program Files (x86)/PaperWind/PaperWind/Content/Lachlans_Work/3D_Menu/BP_Menu.uasset" 794
"E:/Program Files (x86)/PaperWind/PaperWind/Content/Lachlans_Work/3D_Menu/BP_Menu.uexp" 795
"E:/Program Files (x86)/PaperWind/PaperWind/Content/Michaels_Work/Sounds/555804__ddmyzik__romantic-lounge-loop.uasset" 796
"E:/Program Files (x86)/PaperWind/PaperWind/Content/Michaels_Work/Sounds/555804__ddmyzik__romantic-lounge-loop.uexp" 797
"E:/Program Files (x86)/PaperWind/PaperWind/Content/Michaels_Work/Sounds/555804__ddmyzik__romantic-lounge-loop_Cue.uasset" 798
"E:/Program Files (x86)/PaperWind/PaperWind/Content/Michaels_Work/Sounds/555804__ddmyzik__romantic-lounge-loop_Cue.uexp" 799
"E:/Program Files (x86)/PaperWind/PaperWind/Content/Michaels_Work/Widget3DPassThrough_Masked_OneSided_Dupe.uasset" 800
"E:/Program Files (x86)/PaperWind/PaperWind/Content/Michaels_Work/Widget3DPassThrough_Masked_OneSided_Dupe.uexp" 801
"E:/Program Files (x86)/PaperWind/PaperWind/Content/Lachlans_Work/Maps/Main_Menu_Level.uexp" 802
"E:/Program Files (x86)/PaperWind/PaperWind/Content/Lachlans_Work/Maps/Main_Menu_Level.umap" 803
"../../../Engine/Content/Maps/Entry_BuiltData.uasset" 804
"../../../Engine/Content/Maps/Entry_BuiltData.uexp" 805
"../../../Engine/Content/Maps/Entry.uexp" 806
"../../../Engine/Content/Maps/Entry.umap" 807
