Log file open, 03/02/22 15:39:47
LogWindows: Failed to load 'aqProf.dll' (GetLastError=126)
LogWindows: File 'aqProf.dll' does not exist
LogWindows: Failed to load 'VtuneApi.dll' (GetLastError=126)
LogWindows: File 'VtuneApi.dll' does not exist
LogWindows: Failed to load 'VtuneApi32e.dll' (GetLastError=126)
LogWindows: File 'VtuneApi32e.dll' does not exist
LogConsoleResponse: Display: Failed to find resolution value strings in scalability ini. Falling back to default.
LogConsoleResponse: Display: Failed to find resolution value strings in scalability ini. Falling back to default.
LogInit: Display: Running engine for game: PaperWind
LogPlatformFile: Not using cached read wrapper
LogTaskGraph: Started task graph with 5 named threads and 23 total threads with 3 sets of task threads.
LogStats: Stats thread started at 0.307466
LogICUInternationalization: ICU TimeZone Detection - Raw Offset: +10:00, Platform Override: ''
LogInit: Display: Loading text-based GConfig....
LogPluginManager: Mounting plugin MeshPainting
LogPluginManager: Mounting plugin XGEController
LogPluginManager: Mounting plugin AISupport
LogPluginManager: Mounting plugin EnvironmentQueryEditor
LogPluginManager: Mounting plugin LightPropagationVolume
LogPluginManager: Mounting plugin Paper2D
LogPluginManager: Mounting plugin LiveLink
LogPluginManager: Mounting plugin CameraShakePreviewer
LogPluginManager: Mounting plugin OodleData
LogPluginManager: Mounting plugin GameplayCameras
LogPluginManager: Mounting plugin OodleNetwork
LogPluginManager: Mounting plugin AnimationSharing
LogPluginManager: Mounting plugin AssetManagerEditor
LogPluginManager: Mounting plugin CLionSourceCodeAccess
LogPluginManager: Mounting plugin CodeLiteSourceCodeAccess
LogPluginManager: Mounting plugin GitSourceControl
LogPluginManager: Mounting plugin KDevelopSourceCodeAccess
LogPluginManager: Mounting plugin CryptoKeys
LogPluginManager: Mounting plugin NullSourceCodeAccess
LogPluginManager: Mounting plugin CurveEditorTools
LogPluginManager: Mounting plugin PerforceSourceControl
LogPluginManager: Mounting plugin DataValidation
LogPluginManager: Mounting plugin PluginUtils
LogPluginManager: Mounting plugin FacialAnimation
LogPluginManager: Mounting plugin PixWinPlugin
LogPluginManager: Mounting plugin PropertyAccessNode
LogPluginManager: Mounting plugin PlasticSourceControl
LogPluginManager: Mounting plugin DatasmithContent
LogPluginManager: Mounting plugin RiderSourceCodeAccess
LogPluginManager: Mounting plugin SubversionSourceControl
LogPluginManager: Mounting plugin TextureFormatOodle
LogPluginManager: Mounting plugin UObjectPlugin
LogPluginManager: Mounting plugin VariantManagerContent
LogPluginManager: Mounting plugin GameplayTagsEditor
LogPluginManager: Mounting plugin GeometryMode
LogPluginManager: Mounting plugin MacGraphicsSwitching
LogPluginManager: Mounting plugin VisualStudioCodeSourceCodeAccess
LogPluginManager: Mounting plugin MaterialAnalyzer
LogPluginManager: Mounting plugin VisualStudioSourceCodeAccess
LogPluginManager: Mounting plugin XCodeSourceCodeAccess
LogPluginManager: Mounting plugin MobileLauncherProfileWizard
LogPluginManager: Mounting plugin PluginBrowser
LogPluginManager: Mounting plugin SpeedTreeImporter
LogPluginManager: Mounting plugin AlembicImporter
LogPluginManager: Mounting plugin AutomationUtils
LogPluginManager: Mounting plugin BackChannel
LogPluginManager: Mounting plugin ChaosCloth
LogPluginManager: Mounting plugin ChaosEditor
LogPluginManager: Mounting plugin ChaosClothEditor
LogPluginManager: Mounting plugin ChaosSolverPlugin
LogPluginManager: Mounting plugin Niagara
LogPluginManager: Mounting plugin CharacterAI
LogPluginManager: Mounting plugin ChaosNiagara
LogPluginManager: Mounting plugin GeometryCache
LogPluginManager: Mounting plugin GeometryCollectionPlugin
LogPluginManager: Mounting plugin GeometryProcessing
LogPluginManager: Mounting plugin MotoSynth
LogPluginManager: Mounting plugin OpenImageDenoise
LogPluginManager: Mounting plugin PlanarCut
LogPluginManager: Mounting plugin ProxyLODPlugin
LogPluginManager: Mounting plugin PlatformCrypto
LogPluginManager: Mounting plugin PythonScriptPlugin
LogPluginManager: Mounting plugin LuminPlatformFeatures
LogPluginManager: Mounting plugin SkeletalReduction
LogPluginManager: Mounting plugin MagicLeap
LogPluginManager: Mounting plugin MagicLeapLightEstimation
LogPluginManager: Mounting plugin MagicLeapMedia
LogPluginManager: Mounting plugin MagicLeapPassableWorld
LogPluginManager: Mounting plugin MLSDK
LogPluginManager: Mounting plugin AndroidMedia
LogPluginManager: Mounting plugin AvfMedia
LogPluginManager: Mounting plugin ImgMedia
LogPluginManager: Mounting plugin MediaCompositing
LogPluginManager: Mounting plugin MediaPlayerEditor
LogPluginManager: Mounting plugin WebMMedia
LogPluginManager: Mounting plugin WmfMedia
LogPluginManager: Mounting plugin TcpMessaging
LogPluginManager: Mounting plugin UdpMessaging
LogPluginManager: Mounting plugin OnlineSubsystem
LogPluginManager: Mounting plugin OnlineSubsystemNull
LogPluginManager: Mounting plugin OnlineSubsystemUtils
LogPluginManager: Mounting plugin ActorLayerUtilities
LogPluginManager: Mounting plugin AndroidMoviePlayer
LogPluginManager: Mounting plugin AndroidPermission
LogPluginManager: Mounting plugin AndroidDeviceProfileSelector
LogPluginManager: Mounting plugin AppleImageUtils
LogPluginManager: Mounting plugin AppleMoviePlayer
LogPluginManager: Mounting plugin ArchVisCharacter
LogPluginManager: Mounting plugin AudioCapture
LogPluginManager: Mounting plugin AssetTags
LogPluginManager: Mounting plugin AudioSynesthesia
LogPluginManager: Mounting plugin ChunkDownloader
LogPluginManager: Mounting plugin CableComponent
LogPluginManager: Mounting plugin CustomMeshComponent
LogPluginManager: Mounting plugin EditableMesh
LogPluginManager: Mounting plugin ExampleDeviceProfileSelector
LogPluginManager: Mounting plugin GoogleCloudMessaging
LogPluginManager: Mounting plugin GooglePAD
LogPluginManager: Mounting plugin LauncherChunkInstaller
LogPluginManager: Mounting plugin LinuxDeviceProfileSelector
LogPluginManager: Mounting plugin IOSDeviceProfileSelector
LogPluginManager: Mounting plugin LocationServicesBPLibrary
LogPluginManager: Mounting plugin MobilePatchingUtils
LogPluginManager: Mounting plugin OpenXR
LogPluginManager: Mounting plugin OpenXREyeTracker
LogPluginManager: Mounting plugin OpenXRHandTracking
LogPluginManager: Mounting plugin PhysXVehicles
LogPluginManager: Mounting plugin PostSplashScreen
LogPluginManager: Mounting plugin ProceduralMeshComponent
LogPluginManager: Mounting plugin PropertyAccessEditor
LogPluginManager: Mounting plugin SignificanceManager
LogPluginManager: Mounting plugin RuntimePhysXCooking
LogPluginManager: Mounting plugin SoundFields
LogPluginManager: Mounting plugin ScreenshotTools
LogPluginManager: Mounting plugin Synthesis
LogPluginManager: Mounting plugin WebMMoviePlayer
LogPluginManager: Mounting plugin WindowsMoviePlayer
LogPluginManager: Mounting plugin Takes
LogPluginManager: Mounting plugin ActorSequence
LogPluginManager: Mounting plugin LevelSequenceEditor
LogPluginManager: Mounting plugin MatineeToLevelSequence
LogPluginManager: Mounting plugin TemplateSequence
LogPluginManager: Mounting plugin ContentBrowserAssetDataSource
LogPluginManager: Mounting plugin ContentBrowserClassDataSource
LogPluginManager: Mounting plugin ContentBrowserFileDataSource
LogPluginManager: Mounting plugin OnlineSubsystemGooglePlay
LogPluginManager: Mounting plugin OnlineSubsystemIOS
LogPluginManager: Mounting plugin OculusVR
LogPluginManager: Mounting plugin SteamVR
PixWinPlugin: PIX capture plugin failed to initialize! Check that the process is launched from PIX.
LogInit: Using libcurl 7.55.1-DEV
LogInit:  - built for x86_64-pc-win32
LogInit:  - supports SSL with OpenSSL/1.1.1
LogInit:  - supports HTTP deflate (compression) using libz 1.2.8
LogInit:  - other features:
LogInit:      CURL_VERSION_SSL
LogInit:      CURL_VERSION_LIBZ
LogInit:      CURL_VERSION_IPV6
LogInit:      CURL_VERSION_ASYNCHDNS
LogInit:      CURL_VERSION_LARGEFILE
LogInit:      CURL_VERSION_IDN
LogInit:  CurlRequestOptions (configurable via config and command line):
LogInit:  - bVerifyPeer = true  - Libcurl will verify peer certificate
LogInit:  - bUseHttpProxy = false  - Libcurl will NOT use HTTP proxy
LogInit:  - bDontReuseConnections = false  - Libcurl will reuse connections
LogInit:  - MaxHostConnections = 16  - Libcurl will limit the number of connections to a host
LogInit:  - LocalHostAddr = Default
LogInit:  - BufferSize = 65536
LogOnline: OSS: Creating online subsystem instance for: NULL
LogInit: WinSock: version 1.1 (2.2), MaxSocks=32767, MaxUdp=65467
LogOnline: OSS: TryLoadSubsystemAndSetDefault: Loaded subsystem for module [NULL]
LogOculusPluginWrapper: OculusPlugin initialized successfully
LogHMD: Failed initializing OVRPlugin 1.59.0
LogInit: Build: ++UE4+Release-4.27-CL-17155196
LogInit: Engine Version: 4.27.0-17155196+++UE4+Release-4.27
LogInit: Compatible Engine Version: 4.27.0-17155196+++UE4+Release-4.27
LogInit: Net CL: 17155196
LogInit: OS: Windows 10 (Release 2004) (), CPU: Intel(R) Core(TM) i7-6700 CPU @ 3.40GHz, GPU: NVIDIA GeForce GTX 980
LogInit: Compiled (64-bit): Aug 13 2021 06:13:13
LogInit: Compiled with Visual C++: 19.24.28315.00
LogInit: Build Configuration: Development
LogInit: Branch Name: ++UE4+Release-4.27
LogInit: Command Line: 
LogInit: Base Directory: C:/Program Files/Epic Games/UE_4.27/Engine/Binaries/Win64/
LogInit: Allocator: TBB
LogInit: Installed Engine Build: 1
LogDevObjectVersion: Number of dev versions registered: 29
LogDevObjectVersion:   Dev-Blueprints (B0D832E4-1F89-4F0D-ACCF-7EB736FD4AA2): 10
LogDevObjectVersion:   Dev-Build (E1C64328-A22C-4D53-A36C-8E866417BD8C): 0
LogDevObjectVersion:   Dev-Core (375EC13C-06E4-48FB-B500-84F0262A717E): 4
LogDevObjectVersion:   Dev-Editor (E4B068ED-F494-42E9-A231-DA0B2E46BB41): 40
LogDevObjectVersion:   Dev-Framework (CFFC743F-43B0-4480-9391-14DF171D2073): 37
LogDevObjectVersion:   Dev-Mobile (B02B49B5-BB20-44E9-A304-32B752E40360): 3
LogDevObjectVersion:   Dev-Networking (A4E4105C-59A1-49B5-A7C5-40C4547EDFEE): 0
LogDevObjectVersion:   Dev-Online (39C831C9-5AE6-47DC-9A44-9C173E1C8E7C): 0
LogDevObjectVersion:   Dev-Physics (78F01B33-EBEA-4F98-B9B4-84EACCB95AA2): 14
LogDevObjectVersion:   Dev-Platform (6631380F-2D4D-43E0-8009-CF276956A95A): 0
LogDevObjectVersion:   Dev-Rendering (12F88B9F-8875-4AFC-A67C-D90C383ABD29): 45
LogDevObjectVersion:   Dev-Sequencer (7B5AE74C-D270-4C10-A958-57980B212A5A): 13
LogDevObjectVersion:   Dev-VR (D7296918-1DD6-4BDD-9DE2-64A83CC13884): 3
LogDevObjectVersion:   Dev-LoadTimes (C2A15278-BFE7-4AFE-6C17-90FF531DF755): 1
LogDevObjectVersion:   Private-Geometry (6EACA3D4-40EC-4CC1-B786-8BED09428FC5): 3
LogDevObjectVersion:   Dev-AnimPhys (29E575DD-E0A3-4627-9D10-D276232CDCEA): 17
LogDevObjectVersion:   Dev-Anim (AF43A65D-7FD3-4947-9873-3E8ED9C1BB05): 15
LogDevObjectVersion:   Dev-ReflectionCapture (6B266CEC-1EC7-4B8F-A30B-E4D90942FC07): 1
LogDevObjectVersion:   Dev-Automation (0DF73D61-A23F-47EA-B727-89E90C41499A): 1
LogDevObjectVersion:   FortniteMain (601D1886-AC64-4F84-AA16-D3DE0DEAC7D6): 47
LogDevObjectVersion:   FortniteRelease (E7086368-6B23-4C58-8439-1B7016265E91): 1
LogDevObjectVersion:   Dev-Enterprise (9DFFBCD6-494F-0158-E221-12823C92A888): 10
LogDevObjectVersion:   Dev-Niagara (F2AED0AC-9AFE-416F-8664-AA7FFA26D6FC): 1
LogDevObjectVersion:   Dev-Destruction (174F1F0B-B4C6-45A5-B13F-2EE8D0FB917D): 10
LogDevObjectVersion:   Dev-Physics-Ext (35F94A83-E258-406C-A318-09F59610247C): 41
LogDevObjectVersion:   Dev-PhysicsMaterial-Chaos (B68FC16E-8B1B-42E2-B453-215C058844FE): 1
LogDevObjectVersion:   Dev-CineCamera (B2E18506-4273-CFC2-A54E-F4BB758BBA07): 1
LogDevObjectVersion:   Dev-VirtualProduction (64F58936-FD1B-42BA-BA96-7289D5D0FA4E): 1
LogDevObjectVersion:   Dev-MediaFramework (6F0ED827-A609-4895-9C91-998D90180EA4): 2
LogInit: Presizing for max 25165824 objects, including 0 objects not considered by GC, pre-allocating 0 bytes for permanent pool.
LogConfig: Applying CVar settings from Section [/Script/Engine.StreamingSettings] File [C:/Users/mmoutafis2/Documents/GitHub/PaperWind/PaperWind/Saved/Config/Windows/Engine.ini]
LogConfig: Setting CVar [[s.MinBulkDataSizeForAsyncLoading:131072]]
LogConfig: Setting CVar [[s.AsyncLoadingThreadEnabled:0]]
LogConfig: Setting CVar [[s.EventDrivenLoaderEnabled:1]]
LogConfig: Setting CVar [[s.WarnIfTimeLimitExceeded:0]]
LogConfig: Setting CVar [[s.TimeLimitExceededMultiplier:1.5]]
LogConfig: Setting CVar [[s.TimeLimitExceededMinTime:0.005]]
LogConfig: Setting CVar [[s.UseBackgroundLevelStreaming:1]]
LogConfig: Setting CVar [[s.PriorityAsyncLoadingExtraTime:15.0]]
LogConfig: Setting CVar [[s.LevelStreamingActorsUpdateTimeLimit:5.0]]
LogConfig: Setting CVar [[s.PriorityLevelStreamingActorsUpdateExtraTime:5.0]]
LogConfig: Setting CVar [[s.LevelStreamingComponentsRegistrationGranularity:10]]
LogConfig: Setting CVar [[s.UnregisterComponentsTimeLimit:1.0]]
LogConfig: Setting CVar [[s.LevelStreamingComponentsUnregistrationGranularity:5]]
LogConfig: Setting CVar [[s.FlushStreamingOnExit:1]]
LogInit: Object subsystem initialized
LogConfig: Setting CVar [[con.DebugEarlyDefault:1]]
LogConfig: Setting CVar [[r.setres:1280x720]]
[2022.03.02-04.39.48:158][  0]LogConfig: Setting CVar [[r.VSync:0]]
[2022.03.02-04.39.48:158][  0]LogConfig: Setting CVar [[r.RHICmdBypass:0]]
[2022.03.02-04.39.48:158][  0]LogConfig: Applying CVar settings from Section [/Script/Engine.RendererSettings] File [C:/Users/mmoutafis2/Documents/GitHub/PaperWind/PaperWind/Saved/Config/Windows/Engine.ini]
[2022.03.02-04.39.48:159][  0]LogConfig: Setting CVar [[r.GPUCrashDebugging:0]]
[2022.03.02-04.39.48:159][  0]LogConfig: Applying CVar settings from Section [/Script/Engine.RendererOverrideSettings] File [C:/Users/mmoutafis2/Documents/GitHub/PaperWind/PaperWind/Saved/Config/Windows/Engine.ini]
[2022.03.02-04.39.48:159][  0]LogConfig: Applying CVar settings from Section [/Script/Engine.StreamingSettings] File [C:/Users/mmoutafis2/Documents/GitHub/PaperWind/PaperWind/Saved/Config/Windows/Engine.ini]
[2022.03.02-04.39.48:159][  0]LogConfig: Setting CVar [[s.MinBulkDataSizeForAsyncLoading:131072]]
[2022.03.02-04.39.48:159][  0]LogConfig: Setting CVar [[s.AsyncLoadingThreadEnabled:0]]
[2022.03.02-04.39.48:159][  0]LogConfig: Setting CVar [[s.EventDrivenLoaderEnabled:1]]
[2022.03.02-04.39.48:159][  0]LogConfig: Setting CVar [[s.WarnIfTimeLimitExceeded:0]]
[2022.03.02-04.39.48:159][  0]LogConfig: Setting CVar [[s.TimeLimitExceededMultiplier:1.5]]
[2022.03.02-04.39.48:159][  0]LogConfig: Setting CVar [[s.TimeLimitExceededMinTime:0.005]]
[2022.03.02-04.39.48:159][  0]LogConfig: Setting CVar [[s.UseBackgroundLevelStreaming:1]]
[2022.03.02-04.39.48:159][  0]LogConfig: Setting CVar [[s.PriorityAsyncLoadingExtraTime:15.0]]
[2022.03.02-04.39.48:159][  0]LogConfig: Setting CVar [[s.LevelStreamingActorsUpdateTimeLimit:5.0]]
[2022.03.02-04.39.48:159][  0]LogConfig: Setting CVar [[s.PriorityLevelStreamingActorsUpdateExtraTime:5.0]]
[2022.03.02-04.39.48:159][  0]LogConfig: Setting CVar [[s.LevelStreamingComponentsRegistrationGranularity:10]]
[2022.03.02-04.39.48:159][  0]LogConfig: Setting CVar [[s.UnregisterComponentsTimeLimit:1.0]]
[2022.03.02-04.39.48:159][  0]LogConfig: Setting CVar [[s.LevelStreamingComponentsUnregistrationGranularity:5]]
[2022.03.02-04.39.48:159][  0]LogConfig: Setting CVar [[s.FlushStreamingOnExit:1]]
[2022.03.02-04.39.48:159][  0]LogConfig: Applying CVar settings from Section [/Script/Engine.GarbageCollectionSettings] File [C:/Users/mmoutafis2/Documents/GitHub/PaperWind/PaperWind/Saved/Config/Windows/Engine.ini]
[2022.03.02-04.39.48:159][  0]LogConfig: Setting CVar [[gc.MaxObjectsNotConsideredByGC:1]]
[2022.03.02-04.39.48:159][  0]LogConfig: Setting CVar [[gc.SizeOfPermanentObjectPool:0]]
[2022.03.02-04.39.48:159][  0]LogConfig: Setting CVar [[gc.FlushStreamingOnGC:0]]
[2022.03.02-04.39.48:159][  0]LogConfig: Setting CVar [[gc.NumRetriesBeforeForcingGC:10]]
[2022.03.02-04.39.48:159][  0]LogConfig: Setting CVar [[gc.AllowParallelGC:1]]
[2022.03.02-04.39.48:159][  0]LogConfig: Setting CVar [[gc.TimeBetweenPurgingPendingKillObjects:61.1]]
[2022.03.02-04.39.48:159][  0]LogConfig: Setting CVar [[gc.MaxObjectsInEditor:25165824]]
[2022.03.02-04.39.48:159][  0]LogConfig: Setting CVar [[gc.IncrementalBeginDestroyEnabled:1]]
[2022.03.02-04.39.48:159][  0]LogConfig: Setting CVar [[gc.CreateGCClusters:1]]
[2022.03.02-04.39.48:159][  0]LogConfig: Setting CVar [[gc.MinGCClusterSize:5]]
[2022.03.02-04.39.48:159][  0]LogConfig: Setting CVar [[gc.ActorClusteringEnabled:0]]
[2022.03.02-04.39.48:159][  0]LogConfig: Setting CVar [[gc.BlueprintClusteringEnabled:0]]
[2022.03.02-04.39.48:159][  0]LogConfig: Setting CVar [[gc.UseDisregardForGCOnDedicatedServers:0]]
[2022.03.02-04.39.48:159][  0]LogConfig: Setting CVar [[gc.MultithreadedDestructionEnabled:1]]
[2022.03.02-04.39.48:159][  0]LogConfig: Applying CVar settings from Section [/Script/Engine.NetworkSettings] File [C:/Users/mmoutafis2/Documents/GitHub/PaperWind/PaperWind/Saved/Config/Windows/Engine.ini]
[2022.03.02-04.39.48:159][  0]LogConfig: Applying CVar settings from Section [/Script/UnrealEd.CookerSettings] File [C:/Users/mmoutafis2/Documents/GitHub/PaperWind/PaperWind/Saved/Config/Windows/Engine.ini]
[2022.03.02-04.39.48:168][  0]LogConfig: Applying CVar settings from Section [ViewDistanceQuality@3] File [C:/Users/mmoutafis2/Documents/GitHub/PaperWind/PaperWind/Saved/Config/Windows/Scalability.ini]
[2022.03.02-04.39.48:168][  0]LogConfig: Setting CVar [[r.SkeletalMeshLODBias:0]]
[2022.03.02-04.39.48:168][  0]LogConfig: Setting CVar [[r.ViewDistanceScale:1.0]]
[2022.03.02-04.39.48:168][  0]LogConfig: Applying CVar settings from Section [AntiAliasingQuality@3] File [C:/Users/mmoutafis2/Documents/GitHub/PaperWind/PaperWind/Saved/Config/Windows/Scalability.ini]
[2022.03.02-04.39.48:168][  0]LogConfig: Setting CVar [[r.PostProcessAAQuality:4]]
[2022.03.02-04.39.48:168][  0]LogConfig: Applying CVar settings from Section [ShadowQuality@3] File [C:/Users/mmoutafis2/Documents/GitHub/PaperWind/PaperWind/Saved/Config/Windows/Scalability.ini]
[2022.03.02-04.39.48:168][  0]LogConfig: Setting CVar [[r.LightFunctionQuality:1]]
[2022.03.02-04.39.48:168][  0]LogConfig: Setting CVar [[r.ShadowQuality:5]]
[2022.03.02-04.39.48:168][  0]LogConfig: Setting CVar [[r.Shadow.CSM.MaxCascades:10]]
[2022.03.02-04.39.48:168][  0]LogConfig: Setting CVar [[r.Shadow.MaxResolution:2048]]
[2022.03.02-04.39.48:168][  0]LogConfig: Setting CVar [[r.Shadow.MaxCSMResolution:2048]]
[2022.03.02-04.39.48:168][  0]LogConfig: Setting CVar [[r.Shadow.RadiusThreshold:0.01]]
[2022.03.02-04.39.48:168][  0]LogConfig: Setting CVar [[r.Shadow.DistanceScale:1.0]]
[2022.03.02-04.39.48:168][  0]LogConfig: Setting CVar [[r.Shadow.CSM.TransitionScale:1.0]]
[2022.03.02-04.39.48:168][  0]LogConfig: Setting CVar [[r.Shadow.PreShadowResolutionFactor:1.0]]
[2022.03.02-04.39.48:168][  0]LogConfig: Setting CVar [[r.DistanceFieldShadowing:1]]
[2022.03.02-04.39.48:168][  0]LogConfig: Setting CVar [[r.DistanceFieldAO:1]]
[2022.03.02-04.39.48:168][  0]LogConfig: Setting CVar [[r.AOQuality:2]]
[2022.03.02-04.39.48:168][  0]LogConfig: Setting CVar [[r.VolumetricFog:1]]
[2022.03.02-04.39.48:168][  0]LogConfig: Setting CVar [[r.VolumetricFog.GridPixelSize:8]]
[2022.03.02-04.39.48:168][  0]LogConfig: Setting CVar [[r.VolumetricFog.GridSizeZ:128]]
[2022.03.02-04.39.48:168][  0]LogConfig: Setting CVar [[r.VolumetricFog.HistoryMissSupersampleCount:4]]
[2022.03.02-04.39.48:168][  0]LogConfig: Setting CVar [[r.LightMaxDrawDistanceScale:1]]
[2022.03.02-04.39.48:168][  0]LogConfig: Setting CVar [[r.CapsuleShadows:1]]
[2022.03.02-04.39.48:168][  0]LogConfig: Applying CVar settings from Section [PostProcessQuality@3] File [C:/Users/mmoutafis2/Documents/GitHub/PaperWind/PaperWind/Saved/Config/Windows/Scalability.ini]
[2022.03.02-04.39.48:168][  0]LogConfig: Setting CVar [[r.MotionBlurQuality:4]]
[2022.03.02-04.39.48:168][  0]LogConfig: Setting CVar [[r.AmbientOcclusionMipLevelFactor:0.4]]
[2022.03.02-04.39.48:168][  0]LogConfig: Setting CVar [[r.AmbientOcclusionMaxQuality:100]]
[2022.03.02-04.39.48:168][  0]LogConfig: Setting CVar [[r.AmbientOcclusionLevels:-1]]
[2022.03.02-04.39.48:168][  0]LogConfig: Setting CVar [[r.AmbientOcclusionRadiusScale:1.0]]
[2022.03.02-04.39.48:168][  0]LogConfig: Setting CVar [[r.DepthOfFieldQuality:2]]
[2022.03.02-04.39.48:168][  0]LogConfig: Setting CVar [[r.RenderTargetPoolMin:400]]
[2022.03.02-04.39.48:168][  0]LogConfig: Setting CVar [[r.LensFlareQuality:2]]
[2022.03.02-04.39.48:169][  0]LogConfig: Setting CVar [[r.SceneColorFringeQuality:1]]
[2022.03.02-04.39.48:169][  0]LogConfig: Setting CVar [[r.EyeAdaptationQuality:2]]
[2022.03.02-04.39.48:169][  0]LogConfig: Setting CVar [[r.BloomQuality:5]]
[2022.03.02-04.39.48:169][  0]LogConfig: Setting CVar [[r.FastBlurThreshold:100]]
[2022.03.02-04.39.48:169][  0]LogConfig: Setting CVar [[r.Upscale.Quality:3]]
[2022.03.02-04.39.48:169][  0]LogConfig: Setting CVar [[r.Tonemapper.GrainQuantization:1]]
[2022.03.02-04.39.48:169][  0]LogConfig: Setting CVar [[r.LightShaftQuality:1]]
[2022.03.02-04.39.48:169][  0]LogConfig: Setting CVar [[r.Filter.SizeScale:1]]
[2022.03.02-04.39.48:169][  0]LogConfig: Setting CVar [[r.Tonemapper.Quality:5]]
[2022.03.02-04.39.48:169][  0]LogConfig: Setting CVar [[r.DOF.Gather.AccumulatorQuality:1        ; higher gathering accumulator quality]]
[2022.03.02-04.39.48:169][  0]LogConfig: Setting CVar [[r.DOF.Gather.PostfilterMethod:1          ; Median3x3 postfilering method]]
[2022.03.02-04.39.48:169][  0]LogConfig: Setting CVar [[r.DOF.Gather.EnableBokehSettings:0       ; no bokeh simulation when gathering]]
[2022.03.02-04.39.48:169][  0]LogConfig: Setting CVar [[r.DOF.Gather.RingCount:4                 ; medium number of samples when gathering]]
[2022.03.02-04.39.48:169][  0]LogConfig: Setting CVar [[r.DOF.Scatter.ForegroundCompositing:1    ; additive foreground scattering]]
[2022.03.02-04.39.48:169][  0]LogConfig: Setting CVar [[r.DOF.Scatter.BackgroundCompositing:2    ; additive background scattering]]
[2022.03.02-04.39.48:169][  0]LogConfig: Setting CVar [[r.DOF.Scatter.EnableBokehSettings:1      ; bokeh simulation when scattering]]
[2022.03.02-04.39.48:169][  0]LogConfig: Setting CVar [[r.DOF.Scatter.MaxSpriteRatio:0.1         ; only a maximum of 10% of scattered bokeh]]
[2022.03.02-04.39.48:169][  0]LogConfig: Setting CVar [[r.DOF.Recombine.Quality:1                ; cheap slight out of focus]]
[2022.03.02-04.39.48:169][  0]LogConfig: Setting CVar [[r.DOF.Recombine.EnableBokehSettings:0    ; no bokeh simulation on slight out of focus]]
[2022.03.02-04.39.48:169][  0]LogConfig: Setting CVar [[r.DOF.TemporalAAQuality:1                ; more stable temporal accumulation]]
[2022.03.02-04.39.48:169][  0]LogConfig: Setting CVar [[r.DOF.Kernel.MaxForegroundRadius:0.025]]
[2022.03.02-04.39.48:169][  0]LogConfig: Setting CVar [[r.DOF.Kernel.MaxBackgroundRadius:0.025]]
[2022.03.02-04.39.48:169][  0]LogConfig: Applying CVar settings from Section [TextureQuality@3] File [C:/Users/mmoutafis2/Documents/GitHub/PaperWind/PaperWind/Saved/Config/Windows/Scalability.ini]
[2022.03.02-04.39.48:169][  0]LogConfig: Setting CVar [[r.Streaming.MipBias:0]]
[2022.03.02-04.39.48:169][  0]LogConfig: Setting CVar [[r.Streaming.AmortizeCPUToGPUCopy:0]]
[2022.03.02-04.39.48:169][  0]LogConfig: Setting CVar [[r.Streaming.MaxNumTexturesToStreamPerFrame:0]]
[2022.03.02-04.39.48:169][  0]LogConfig: Setting CVar [[r.Streaming.Boost:1]]
[2022.03.02-04.39.48:169][  0]LogConfig: Setting CVar [[r.MaxAnisotropy:8]]
[2022.03.02-04.39.48:169][  0]LogConfig: Setting CVar [[r.VT.MaxAnisotropy:8]]
[2022.03.02-04.39.48:169][  0]LogConfig: Setting CVar [[r.Streaming.LimitPoolSizeToVRAM:0]]
[2022.03.02-04.39.48:169][  0]LogConfig: Setting CVar [[r.Streaming.PoolSize:1000]]
[2022.03.02-04.39.48:169][  0]LogConfig: Setting CVar [[r.Streaming.MaxEffectiveScreenSize:0]]
[2022.03.02-04.39.48:169][  0]LogConfig: Applying CVar settings from Section [EffectsQuality@3] File [C:/Users/mmoutafis2/Documents/GitHub/PaperWind/PaperWind/Saved/Config/Windows/Scalability.ini]
[2022.03.02-04.39.48:169][  0]LogConfig: Setting CVar [[r.TranslucencyLightingVolumeDim:64]]
[2022.03.02-04.39.48:169][  0]LogConfig: Setting CVar [[r.RefractionQuality:2]]
[2022.03.02-04.39.48:169][  0]LogConfig: Setting CVar [[r.SSR.Quality:3]]
[2022.03.02-04.39.48:169][  0]LogConfig: Setting CVar [[r.SSR.HalfResSceneColor:0]]
[2022.03.02-04.39.48:169][  0]LogConfig: Setting CVar [[r.SceneColorFormat:4]]
[2022.03.02-04.39.48:169][  0]LogConfig: Setting CVar [[r.DetailMode:2]]
[2022.03.02-04.39.48:169][  0]LogConfig: Setting CVar [[r.TranslucencyVolumeBlur:1]]
[2022.03.02-04.39.48:169][  0]LogConfig: Setting CVar [[r.MaterialQualityLevel:1 ; High quality]]
[2022.03.02-04.39.48:169][  0]LogConfig: Setting CVar [[r.AnisotropicMaterials:1]]
[2022.03.02-04.39.48:169][  0]LogConfig: Setting CVar [[r.SSS.Scale:1]]
[2022.03.02-04.39.48:169][  0]LogConfig: Setting CVar [[r.SSS.SampleSet:2]]
[2022.03.02-04.39.48:169][  0]LogConfig: Setting CVar [[r.SSS.Quality:1]]
[2022.03.02-04.39.48:169][  0]LogConfig: Setting CVar [[r.SSS.HalfRes:0]]
[2022.03.02-04.39.48:169][  0]LogConfig: Setting CVar [[r.SSGI.Quality:3]]
[2022.03.02-04.39.48:169][  0]LogConfig: Setting CVar [[r.EmitterSpawnRateScale:1.0]]
[2022.03.02-04.39.48:169][  0]LogConfig: Setting CVar [[r.ParticleLightQuality:2]]
[2022.03.02-04.39.48:169][  0]LogConfig: Setting CVar [[r.SkyAtmosphere.AerialPerspectiveLUT.FastApplyOnOpaque:1 ; Always have FastSkyLUT 1 in this case to avoid wrong sky]]
[2022.03.02-04.39.48:169][  0]LogConfig: Setting CVar [[r.SkyAtmosphere.AerialPerspectiveLUT.SampleCountMaxPerSlice:4]]
[2022.03.02-04.39.48:169][  0]LogConfig: Setting CVar [[r.SkyAtmosphere.AerialPerspectiveLUT.DepthResolution:16.0]]
[2022.03.02-04.39.48:169][  0]LogConfig: Setting CVar [[r.SkyAtmosphere.FastSkyLUT:1]]
[2022.03.02-04.39.48:169][  0]LogConfig: Setting CVar [[r.SkyAtmosphere.FastSkyLUT.SampleCountMin:4.0]]
[2022.03.02-04.39.48:169][  0]LogConfig: Setting CVar [[r.SkyAtmosphere.FastSkyLUT.SampleCountMax:128.0]]
[2022.03.02-04.39.48:169][  0]LogConfig: Setting CVar [[r.SkyAtmosphere.SampleCountMin:4.0]]
[2022.03.02-04.39.48:169][  0]LogConfig: Setting CVar [[r.SkyAtmosphere.SampleCountMax:128.0]]
[2022.03.02-04.39.48:169][  0]LogConfig: Setting CVar [[r.SkyAtmosphere.TransmittanceLUT.UseSmallFormat:0]]
[2022.03.02-04.39.48:169][  0]LogConfig: Setting CVar [[r.SkyAtmosphere.TransmittanceLUT.SampleCount:10.0]]
[2022.03.02-04.39.48:169][  0]LogConfig: Setting CVar [[r.SkyAtmosphere.MultiScatteringLUT.SampleCount:15.0]]
[2022.03.02-04.39.48:169][  0]LogConfig: Setting CVar [[r.SkyLight.RealTimeReflectionCapture:1]]
[2022.03.02-04.39.48:169][  0]LogConfig: Applying CVar settings from Section [FoliageQuality@3] File [C:/Users/mmoutafis2/Documents/GitHub/PaperWind/PaperWind/Saved/Config/Windows/Scalability.ini]
[2022.03.02-04.39.48:169][  0]LogConfig: Setting CVar [[foliage.DensityScale:1.0]]
[2022.03.02-04.39.48:169][  0]LogConfig: Setting CVar [[grass.DensityScale:1.0]]
[2022.03.02-04.39.48:169][  0]LogConfig: Applying CVar settings from Section [ShadingQuality@3] File [C:/Users/mmoutafis2/Documents/GitHub/PaperWind/PaperWind/Saved/Config/Windows/Scalability.ini]
[2022.03.02-04.39.48:169][  0]LogConfig: Setting CVar [[r.HairStrands.SkyLighting.IntegrationType:2]]
[2022.03.02-04.39.48:169][  0]LogConfig: Setting CVar [[r.HairStrands.SkyAO.SampleCount:4]]
[2022.03.02-04.39.48:169][  0]LogConfig: Setting CVar [[r.HairStrands.Visibility.MSAA.SamplePerPixel:4]]
[2022.03.02-04.39.48:169][  0]LogInit: Selected Device Profile: [Windows]
[2022.03.02-04.39.48:169][  0]LogInit: Applying CVar settings loaded from the selected device profile: [Windows]
[2022.03.02-04.39.48:170][  0]LogHAL: Display: Platform has ~ 32 GB [34270773248 / 34359738368 / 32], which maps to Largest [LargestMinGB=32, LargerMinGB=12, DefaultMinGB=8, SmallerMinGB=6, SmallestMinGB=0)
[2022.03.02-04.39.48:170][  0]LogInit: Going up to parent DeviceProfile []
[2022.03.02-04.39.48:170][  0]LogConfig: Applying CVar settings from Section [ViewDistanceQuality@3] File [C:/Users/mmoutafis2/Documents/GitHub/PaperWind/PaperWind/Saved/Config/Windows/Scalability.ini]
[2022.03.02-04.39.48:170][  0]LogConfig: Setting CVar [[r.SkeletalMeshLODBias:0]]
[2022.03.02-04.39.48:170][  0]LogConfig: Setting CVar [[r.ViewDistanceScale:1.0]]
[2022.03.02-04.39.48:170][  0]LogConfig: Applying CVar settings from Section [AntiAliasingQuality@3] File [C:/Users/mmoutafis2/Documents/GitHub/PaperWind/PaperWind/Saved/Config/Windows/Scalability.ini]
[2022.03.02-04.39.48:170][  0]LogConfig: Setting CVar [[r.PostProcessAAQuality:4]]
[2022.03.02-04.39.48:170][  0]LogConfig: Applying CVar settings from Section [ShadowQuality@3] File [C:/Users/mmoutafis2/Documents/GitHub/PaperWind/PaperWind/Saved/Config/Windows/Scalability.ini]
[2022.03.02-04.39.48:170][  0]LogConfig: Setting CVar [[r.LightFunctionQuality:1]]
[2022.03.02-04.39.48:170][  0]LogConfig: Setting CVar [[r.ShadowQuality:5]]
[2022.03.02-04.39.48:170][  0]LogConfig: Setting CVar [[r.Shadow.CSM.MaxCascades:10]]
[2022.03.02-04.39.48:170][  0]LogConfig: Setting CVar [[r.Shadow.MaxResolution:2048]]
[2022.03.02-04.39.48:170][  0]LogConfig: Setting CVar [[r.Shadow.MaxCSMResolution:2048]]
[2022.03.02-04.39.48:170][  0]LogConfig: Setting CVar [[r.Shadow.RadiusThreshold:0.01]]
[2022.03.02-04.39.48:170][  0]LogConfig: Setting CVar [[r.Shadow.DistanceScale:1.0]]
[2022.03.02-04.39.48:170][  0]LogConfig: Setting CVar [[r.Shadow.CSM.TransitionScale:1.0]]
[2022.03.02-04.39.48:170][  0]LogConfig: Setting CVar [[r.Shadow.PreShadowResolutionFactor:1.0]]
[2022.03.02-04.39.48:170][  0]LogConfig: Setting CVar [[r.DistanceFieldShadowing:1]]
[2022.03.02-04.39.48:170][  0]LogConfig: Setting CVar [[r.DistanceFieldAO:1]]
[2022.03.02-04.39.48:170][  0]LogConfig: Setting CVar [[r.AOQuality:2]]
[2022.03.02-04.39.48:170][  0]LogConfig: Setting CVar [[r.VolumetricFog:1]]
[2022.03.02-04.39.48:170][  0]LogConfig: Setting CVar [[r.VolumetricFog.GridPixelSize:8]]
[2022.03.02-04.39.48:170][  0]LogConfig: Setting CVar [[r.VolumetricFog.GridSizeZ:128]]
[2022.03.02-04.39.48:170][  0]LogConfig: Setting CVar [[r.VolumetricFog.HistoryMissSupersampleCount:4]]
[2022.03.02-04.39.48:170][  0]LogConfig: Setting CVar [[r.LightMaxDrawDistanceScale:1]]
[2022.03.02-04.39.48:170][  0]LogConfig: Setting CVar [[r.CapsuleShadows:1]]
[2022.03.02-04.39.48:170][  0]LogConfig: Applying CVar settings from Section [PostProcessQuality@3] File [C:/Users/mmoutafis2/Documents/GitHub/PaperWind/PaperWind/Saved/Config/Windows/Scalability.ini]
[2022.03.02-04.39.48:170][  0]LogConfig: Setting CVar [[r.MotionBlurQuality:4]]
[2022.03.02-04.39.48:170][  0]LogConfig: Setting CVar [[r.AmbientOcclusionMipLevelFactor:0.4]]
[2022.03.02-04.39.48:170][  0]LogConfig: Setting CVar [[r.AmbientOcclusionMaxQuality:100]]
[2022.03.02-04.39.48:170][  0]LogConfig: Setting CVar [[r.AmbientOcclusionLevels:-1]]
[2022.03.02-04.39.48:170][  0]LogConfig: Setting CVar [[r.AmbientOcclusionRadiusScale:1.0]]
[2022.03.02-04.39.48:170][  0]LogConfig: Setting CVar [[r.DepthOfFieldQuality:2]]
[2022.03.02-04.39.48:170][  0]LogConfig: Setting CVar [[r.RenderTargetPoolMin:400]]
[2022.03.02-04.39.48:170][  0]LogConfig: Setting CVar [[r.LensFlareQuality:2]]
[2022.03.02-04.39.48:170][  0]LogConfig: Setting CVar [[r.SceneColorFringeQuality:1]]
[2022.03.02-04.39.48:170][  0]LogConfig: Setting CVar [[r.EyeAdaptationQuality:2]]
[2022.03.02-04.39.48:170][  0]LogConfig: Setting CVar [[r.BloomQuality:5]]
[2022.03.02-04.39.48:170][  0]LogConfig: Setting CVar [[r.FastBlurThreshold:100]]
[2022.03.02-04.39.48:170][  0]LogConfig: Setting CVar [[r.Upscale.Quality:3]]
[2022.03.02-04.39.48:170][  0]LogConfig: Setting CVar [[r.Tonemapper.GrainQuantization:1]]
[2022.03.02-04.39.48:170][  0]LogConfig: Setting CVar [[r.LightShaftQuality:1]]
[2022.03.02-04.39.48:170][  0]LogConfig: Setting CVar [[r.Filter.SizeScale:1]]
[2022.03.02-04.39.48:170][  0]LogConfig: Setting CVar [[r.Tonemapper.Quality:5]]
[2022.03.02-04.39.48:170][  0]LogConfig: Setting CVar [[r.DOF.Gather.AccumulatorQuality:1        ; higher gathering accumulator quality]]
[2022.03.02-04.39.48:170][  0]LogConfig: Setting CVar [[r.DOF.Gather.PostfilterMethod:1          ; Median3x3 postfilering method]]
[2022.03.02-04.39.48:170][  0]LogConfig: Setting CVar [[r.DOF.Gather.EnableBokehSettings:0       ; no bokeh simulation when gathering]]
[2022.03.02-04.39.48:170][  0]LogConfig: Setting CVar [[r.DOF.Gather.RingCount:4                 ; medium number of samples when gathering]]
[2022.03.02-04.39.48:170][  0]LogConfig: Setting CVar [[r.DOF.Scatter.ForegroundCompositing:1    ; additive foreground scattering]]
[2022.03.02-04.39.48:170][  0]LogConfig: Setting CVar [[r.DOF.Scatter.BackgroundCompositing:2    ; additive background scattering]]
[2022.03.02-04.39.48:170][  0]LogConfig: Setting CVar [[r.DOF.Scatter.EnableBokehSettings:1      ; bokeh simulation when scattering]]
[2022.03.02-04.39.48:170][  0]LogConfig: Setting CVar [[r.DOF.Scatter.MaxSpriteRatio:0.1         ; only a maximum of 10% of scattered bokeh]]
[2022.03.02-04.39.48:170][  0]LogConfig: Setting CVar [[r.DOF.Recombine.Quality:1                ; cheap slight out of focus]]
[2022.03.02-04.39.48:170][  0]LogConfig: Setting CVar [[r.DOF.Recombine.EnableBokehSettings:0    ; no bokeh simulation on slight out of focus]]
[2022.03.02-04.39.48:170][  0]LogConfig: Setting CVar [[r.DOF.TemporalAAQuality:1                ; more stable temporal accumulation]]
[2022.03.02-04.39.48:170][  0]LogConfig: Setting CVar [[r.DOF.Kernel.MaxForegroundRadius:0.025]]
[2022.03.02-04.39.48:170][  0]LogConfig: Setting CVar [[r.DOF.Kernel.MaxBackgroundRadius:0.025]]
[2022.03.02-04.39.48:170][  0]LogConfig: Applying CVar settings from Section [TextureQuality@3] File [C:/Users/mmoutafis2/Documents/GitHub/PaperWind/PaperWind/Saved/Config/Windows/Scalability.ini]
[2022.03.02-04.39.48:170][  0]LogConfig: Setting CVar [[r.Streaming.MipBias:0]]
[2022.03.02-04.39.48:170][  0]LogConfig: Setting CVar [[r.Streaming.AmortizeCPUToGPUCopy:0]]
[2022.03.02-04.39.48:170][  0]LogConfig: Setting CVar [[r.Streaming.MaxNumTexturesToStreamPerFrame:0]]
[2022.03.02-04.39.48:170][  0]LogConfig: Setting CVar [[r.Streaming.Boost:1]]
[2022.03.02-04.39.48:170][  0]LogConfig: Setting CVar [[r.MaxAnisotropy:8]]
[2022.03.02-04.39.48:171][  0]LogConfig: Setting CVar [[r.VT.MaxAnisotropy:8]]
[2022.03.02-04.39.48:171][  0]LogConfig: Setting CVar [[r.Streaming.LimitPoolSizeToVRAM:0]]
[2022.03.02-04.39.48:171][  0]LogConfig: Setting CVar [[r.Streaming.PoolSize:1000]]
[2022.03.02-04.39.48:171][  0]LogConfig: Setting CVar [[r.Streaming.MaxEffectiveScreenSize:0]]
[2022.03.02-04.39.48:171][  0]LogConfig: Applying CVar settings from Section [EffectsQuality@3] File [C:/Users/mmoutafis2/Documents/GitHub/PaperWind/PaperWind/Saved/Config/Windows/Scalability.ini]
[2022.03.02-04.39.48:171][  0]LogConfig: Setting CVar [[r.TranslucencyLightingVolumeDim:64]]
[2022.03.02-04.39.48:171][  0]LogConfig: Setting CVar [[r.RefractionQuality:2]]
[2022.03.02-04.39.48:171][  0]LogConfig: Setting CVar [[r.SSR.Quality:3]]
[2022.03.02-04.39.48:171][  0]LogConfig: Setting CVar [[r.SSR.HalfResSceneColor:0]]
[2022.03.02-04.39.48:171][  0]LogConfig: Setting CVar [[r.SceneColorFormat:4]]
[2022.03.02-04.39.48:171][  0]LogConfig: Setting CVar [[r.DetailMode:2]]
[2022.03.02-04.39.48:171][  0]LogConfig: Setting CVar [[r.TranslucencyVolumeBlur:1]]
[2022.03.02-04.39.48:171][  0]LogConfig: Setting CVar [[r.MaterialQualityLevel:1 ; High quality]]
[2022.03.02-04.39.48:171][  0]LogConfig: Setting CVar [[r.AnisotropicMaterials:1]]
[2022.03.02-04.39.48:171][  0]LogConfig: Setting CVar [[r.SSS.Scale:1]]
[2022.03.02-04.39.48:171][  0]LogConfig: Setting CVar [[r.SSS.SampleSet:2]]
[2022.03.02-04.39.48:171][  0]LogConfig: Setting CVar [[r.SSS.Quality:1]]
[2022.03.02-04.39.48:171][  0]LogConfig: Setting CVar [[r.SSS.HalfRes:0]]
[2022.03.02-04.39.48:171][  0]LogConfig: Setting CVar [[r.SSGI.Quality:3]]
[2022.03.02-04.39.48:171][  0]LogConfig: Setting CVar [[r.EmitterSpawnRateScale:1.0]]
[2022.03.02-04.39.48:171][  0]LogConfig: Setting CVar [[r.ParticleLightQuality:2]]
[2022.03.02-04.39.48:171][  0]LogConfig: Setting CVar [[r.SkyAtmosphere.AerialPerspectiveLUT.FastApplyOnOpaque:1 ; Always have FastSkyLUT 1 in this case to avoid wrong sky]]
[2022.03.02-04.39.48:171][  0]LogConfig: Setting CVar [[r.SkyAtmosphere.AerialPerspectiveLUT.SampleCountMaxPerSlice:4]]
[2022.03.02-04.39.48:171][  0]LogConfig: Setting CVar [[r.SkyAtmosphere.AerialPerspectiveLUT.DepthResolution:16.0]]
[2022.03.02-04.39.48:171][  0]LogConfig: Setting CVar [[r.SkyAtmosphere.FastSkyLUT:1]]
[2022.03.02-04.39.48:171][  0]LogConfig: Setting CVar [[r.SkyAtmosphere.FastSkyLUT.SampleCountMin:4.0]]
[2022.03.02-04.39.48:171][  0]LogConfig: Setting CVar [[r.SkyAtmosphere.FastSkyLUT.SampleCountMax:128.0]]
[2022.03.02-04.39.48:171][  0]LogConfig: Setting CVar [[r.SkyAtmosphere.SampleCountMin:4.0]]
[2022.03.02-04.39.48:171][  0]LogConfig: Setting CVar [[r.SkyAtmosphere.SampleCountMax:128.0]]
[2022.03.02-04.39.48:171][  0]LogConfig: Setting CVar [[r.SkyAtmosphere.TransmittanceLUT.UseSmallFormat:0]]
[2022.03.02-04.39.48:171][  0]LogConfig: Setting CVar [[r.SkyAtmosphere.TransmittanceLUT.SampleCount:10.0]]
[2022.03.02-04.39.48:171][  0]LogConfig: Setting CVar [[r.SkyAtmosphere.MultiScatteringLUT.SampleCount:15.0]]
[2022.03.02-04.39.48:171][  0]LogConfig: Setting CVar [[r.SkyLight.RealTimeReflectionCapture:1]]
[2022.03.02-04.39.48:171][  0]LogConfig: Applying CVar settings from Section [FoliageQuality@3] File [C:/Users/mmoutafis2/Documents/GitHub/PaperWind/PaperWind/Saved/Config/Windows/Scalability.ini]
[2022.03.02-04.39.48:171][  0]LogConfig: Setting CVar [[foliage.DensityScale:1.0]]
[2022.03.02-04.39.48:171][  0]LogConfig: Setting CVar [[grass.DensityScale:1.0]]
[2022.03.02-04.39.48:171][  0]LogConfig: Applying CVar settings from Section [ShadingQuality@3] File [C:/Users/mmoutafis2/Documents/GitHub/PaperWind/PaperWind/Saved/Config/Windows/Scalability.ini]
[2022.03.02-04.39.48:171][  0]LogConfig: Setting CVar [[r.HairStrands.SkyLighting.IntegrationType:2]]
[2022.03.02-04.39.48:171][  0]LogConfig: Setting CVar [[r.HairStrands.SkyAO.SampleCount:4]]
[2022.03.02-04.39.48:171][  0]LogConfig: Setting CVar [[r.HairStrands.Visibility.MSAA.SamplePerPixel:4]]
[2022.03.02-04.39.48:171][  0]LogConfig: Applying CVar settings from Section [Startup] File [../../../Engine/Config/ConsoleVariables.ini]
[2022.03.02-04.39.48:172][  0]LogConfig: Setting CVar [[net.UseAdaptiveNetUpdateFrequency:0]]
[2022.03.02-04.39.48:172][  0]LogConfig: Setting CVar [[p.chaos.AllowCreatePhysxBodies:1]]
[2022.03.02-04.39.48:172][  0]LogConfig: Setting CVar [[fx.SkipVectorVMBackendOptimizations:1]]
[2022.03.02-04.39.48:172][  0]LogConfig: Applying CVar settings from Section [ConsoleVariables] File [C:/Users/mmoutafis2/Documents/GitHub/PaperWind/PaperWind/Saved/Config/Windows/Engine.ini]
[2022.03.02-04.39.48:172][  0]LogConfig: Applying CVar settings from Section [ConsoleVariables] File [C:/Users/mmoutafis2/Documents/GitHub/PaperWind/PaperWind/Saved/Config/Windows/Editor.ini]
[2022.03.02-04.39.48:172][  0]LogInit: Computer: MEL-108-2603W
[2022.03.02-04.39.48:172][  0]LogInit: User: mmoutafis2
[2022.03.02-04.39.48:172][  0]LogInit: CPU Page size=4096, Cores=4
[2022.03.02-04.39.48:172][  0]LogInit: High frequency timer resolution =10.000000 MHz
[2022.03.02-04.39.48:172][  0]LogMemory: Memory total: Physical=31.9GB (32GB approx)
[2022.03.02-04.39.48:172][  0]LogMemory: Platform Memory Stats for Windows
[2022.03.02-04.39.48:172][  0]LogMemory: Process Physical Memory: 142.78 MB used, 142.79 MB peak
[2022.03.02-04.39.48:172][  0]LogMemory: Process Virtual Memory: 118.59 MB used, 118.59 MB peak
[2022.03.02-04.39.48:172][  0]LogMemory: Physical Memory: 9296.88 MB used,  23386.28 MB free, 32683.16 MB total
[2022.03.02-04.39.48:172][  0]LogMemory: Virtual Memory: 134190360.00 MB used,  27370.90 MB free, 134217728.00 MB total
[2022.03.02-04.39.48:178][  0]LogWindows: WindowsPlatformFeatures enabled
[2022.03.02-04.39.48:206][  0]LogInit: Physics initialised using underlying interface: PhysX
[2022.03.02-04.39.48:207][  0]LogInit: Using OS detected language (en-US).
[2022.03.02-04.39.48:207][  0]LogInit: Using OS detected locale (en-AU).
[2022.03.02-04.39.48:210][  0]LogTextLocalizationManager: No specific localization for 'en-US' exists, so the 'en' localization will be used.
[2022.03.02-04.39.48:515][  0]LogInit: Setting process to per monitor DPI aware
[2022.03.02-04.39.48:537][  0]LogWindowsTextInputMethodSystem: Display: IME system deactivated.
[2022.03.02-04.39.48:557][  0]LogSlate: New Slate User Created.  User Index 0, Is Virtual User: 0
[2022.03.02-04.39.48:557][  0]LogSlate: Slate User Registered.  User Index 0, Is Virtual User: 0
[2022.03.02-04.39.48:757][  0]LogD3D11RHI: Loaded GFSDK_Aftermath_Lib.x64.dll
[2022.03.02-04.39.48:760][  0]LogHMD: Failed to initialize OpenVR with code 110
[2022.03.02-04.39.48:760][  0]LogD3D11RHI: D3D11 min allowed feature level: 11_0
[2022.03.02-04.39.48:760][  0]LogD3D11RHI: D3D11 max allowed feature level: 11_0
[2022.03.02-04.39.48:760][  0]LogD3D11RHI: D3D11 adapters:
[2022.03.02-04.39.48:867][  0]LogD3D11RHI:    0. 'NVIDIA GeForce GTX 980' (Feature Level 11_0)
[2022.03.02-04.39.48:867][  0]LogD3D11RHI:       4053/0/16341 MB DedicatedVideo/DedicatedSystem/SharedSystem, Outputs:1, VendorId:0x10de
[2022.03.02-04.39.48:870][  0]LogD3D11RHI:    1. 'Microsoft Basic Render Driver' (Feature Level 11_0)
[2022.03.02-04.39.48:870][  0]LogD3D11RHI:       0/0/16341 MB DedicatedVideo/DedicatedSystem/SharedSystem, Outputs:0, VendorId:0x1414
[2022.03.02-04.39.48:870][  0]LogD3D11RHI: Chosen D3D11 Adapter: 0
[2022.03.02-04.39.48:878][  0]LogD3D11RHI: Creating new Direct3DDevice
[2022.03.02-04.39.48:878][  0]LogD3D11RHI:     GPU DeviceId: 0x13c0 (for the marketing name, search the web for "GPU Device Id")
[2022.03.02-04.39.48:878][  0]LogWindows: EnumDisplayDevices:
[2022.03.02-04.39.48:879][  0]LogWindows:    0. 'NVIDIA GeForce GTX 980' (P:1 D:1)
[2022.03.02-04.39.48:879][  0]LogWindows:    1. 'NVIDIA GeForce GTX 980' (P:0 D:0)
[2022.03.02-04.39.48:880][  0]LogWindows:    2. 'NVIDIA GeForce GTX 980' (P:0 D:0)
[2022.03.02-04.39.48:880][  0]LogWindows:    3. 'NVIDIA GeForce GTX 980' (P:0 D:0)
[2022.03.02-04.39.48:880][  0]LogWindows: DebugString: FoundDriverCount:4 
[2022.03.02-04.39.48:880][  0]LogD3D11RHI:     Adapter Name: NVIDIA GeForce GTX 980
[2022.03.02-04.39.48:880][  0]LogD3D11RHI:   Driver Version: 456.71 (internal:27.21.14.5671, unified:456.71)
[2022.03.02-04.39.48:880][  0]LogD3D11RHI:      Driver Date: 9-30-2020
[2022.03.02-04.39.48:880][  0]LogRHI: Texture pool is 2837 MB (70% of 4053 MB)
[2022.03.02-04.39.48:943][  0]LogD3D11RHI: RHI has support for 64 bit atomics
[2022.03.02-04.39.48:943][  0]LogD3D11RHI: Async texture creation enabled
[2022.03.02-04.39.48:943][  0]LogD3D11RHI: Array index from any shader is supported
[2022.03.02-04.39.48:960][  0]LogD3D11RHI: GPU Timing Frequency: 1000.000000 (Debug: 2 1)
[2022.03.02-04.39.49:020][  0]LogRHI: GeForceNow SDK initialized: 1
[2022.03.02-04.39.49:460][  0]LogTargetPlatformManager: Display: Loaded TargetPlatform 'AllDesktop'
[2022.03.02-04.39.49:494][  0]LogTargetPlatformManager: Display: Loaded TargetPlatform 'Android'
[2022.03.02-04.39.49:494][  0]LogTargetPlatformManager: Display: Loaded TargetPlatform 'Android_ASTC'
[2022.03.02-04.39.49:494][  0]LogTargetPlatformManager: Display: Loaded TargetPlatform 'Android_DXT'
[2022.03.02-04.39.49:495][  0]LogTargetPlatformManager: Display: Loaded TargetPlatform 'Android_ETC2'
[2022.03.02-04.39.49:495][  0]LogTargetPlatformManager: Display: Loaded TargetPlatform 'AndroidClient'
[2022.03.02-04.39.49:495][  0]LogTargetPlatformManager: Display: Loaded TargetPlatform 'Android_ASTCClient'
[2022.03.02-04.39.49:495][  0]LogTargetPlatformManager: Display: Loaded TargetPlatform 'Android_DXTClient'
[2022.03.02-04.39.49:495][  0]LogTargetPlatformManager: Display: Loaded TargetPlatform 'Android_ETC2Client'
[2022.03.02-04.39.49:495][  0]LogTargetPlatformManager: Display: Loaded TargetPlatform 'Android_Multi'
[2022.03.02-04.39.49:495][  0]LogTargetPlatformManager: Display: Loaded TargetPlatform 'Android_MultiClient'
[2022.03.02-04.39.49:517][  0]LogTargetPlatformManager: Display: Loaded TargetPlatform 'IOSClient'
[2022.03.02-04.39.49:517][  0]LogTargetPlatformManager: Display: Loaded TargetPlatform 'IOS'
[2022.03.02-04.39.49:527][  0]LogTargetPlatformManager: Display: Loaded TargetPlatform 'Linux'
[2022.03.02-04.39.49:532][  0]LogTargetPlatformManager: Display: Loaded TargetPlatform 'LinuxNoEditor'
[2022.03.02-04.39.49:538][  0]LogTargetPlatformManager: Display: Loaded TargetPlatform 'LinuxClient'
[2022.03.02-04.39.49:544][  0]LogTargetPlatformManager: Display: Loaded TargetPlatform 'LinuxServer'
[2022.03.02-04.39.49:555][  0]LogTargetPlatformManager: Display: Loaded TargetPlatform 'LinuxAArch64NoEditor'
[2022.03.02-04.39.49:560][  0]LogTargetPlatformManager: Display: Loaded TargetPlatform 'LinuxAArch64Client'
[2022.03.02-04.39.49:565][  0]LogTargetPlatformManager: Display: Loaded TargetPlatform 'LinuxAArch64Server'
[2022.03.02-04.39.49:594][  0]LogTargetPlatformManager: Display: Loaded TargetPlatform 'Lumin'
[2022.03.02-04.39.49:594][  0]LogTargetPlatformManager: Display: Loaded TargetPlatform 'LuminClient'
[2022.03.02-04.39.49:603][  0]LogTargetPlatformManager: Display: Loaded TargetPlatform 'MacNoEditor'
[2022.03.02-04.39.49:609][  0]LogTargetPlatformManager: Display: Loaded TargetPlatform 'Mac'
[2022.03.02-04.39.49:613][  0]LogTargetPlatformManager: Display: Loaded TargetPlatform 'MacClient'
[2022.03.02-04.39.49:618][  0]LogTargetPlatformManager: Display: Loaded TargetPlatform 'MacServer'
[2022.03.02-04.39.49:627][  0]LogTargetPlatformManager: Display: Loaded TargetPlatform 'TVOSClient'
[2022.03.02-04.39.49:628][  0]LogTargetPlatformManager: Display: Loaded TargetPlatform 'TVOS'
[2022.03.02-04.39.49:639][  0]LogTargetPlatformManager: Display: Loaded TargetPlatform 'WindowsNoEditor'
[2022.03.02-04.39.49:645][  0]LogTargetPlatformManager: Display: Loaded TargetPlatform 'Windows'
[2022.03.02-04.39.49:650][  0]LogTargetPlatformManager: Display: Loaded TargetPlatform 'WindowsClient'
[2022.03.02-04.39.49:655][  0]LogTargetPlatformManager: Display: Loaded TargetPlatform 'WindowsServer'
[2022.03.02-04.39.49:655][  0]LogTargetPlatformManager: Display: Building Assets For Windows
[2022.03.02-04.39.49:665][  0]LogAudioDebug: Display: Lib vorbis DLL was dynamically loaded.
[2022.03.02-04.39.49:708][  0]LogTextureFormatOodle: Display: Oodle Texture 2.9.0 init RDO Off
[2022.03.02-04.39.49:749][  0]LogRendererCore: Ray tracing is disabled. Reason: r.RayTracing=0.
[2022.03.02-04.39.49:749][  0]LogShaderCompilers: Guid format shader working directory is -21 characters bigger than the processId version (../../../../../../Users/mmoutafis2/Documents/GitHub/PaperWind/PaperWind/Intermediate/Shaders/WorkingDirectory/17996/).
[2022.03.02-04.39.49:749][  0]LogShaderCompilers: Cleaned the shader compiler working directory 'C:/Users/mmoutafis2/AppData/Local/Temp/UnrealShaderWorkingDir/AA7A1562404A32109C5368AA0E284A40/'.
[2022.03.02-04.39.49:749][  0]LogXGEController: Cannot use XGE Controller as Incredibuild is not installed on this machine.
[2022.03.02-04.39.49:749][  0]LogShaderCompilers: Cannot use XGE Shader Compiler as Incredibuild is not installed on this machine.
[2022.03.02-04.39.49:749][  0]LogShaderCompilers: Display: Using Local Shader Compiler.
[2022.03.02-04.39.50:532][  0]LogDerivedDataCache: Display: Max Cache Size: 512 MB
[2022.03.02-04.39.50:603][  0]LogDerivedDataCache: Loaded boot cache 0.07s 95MB C:/Users/mmoutafis2/AppData/Local/UnrealEngine/4.27/DerivedDataCache/Boot.ddc.
[2022.03.02-04.39.50:603][  0]LogDerivedDataCache: Display: Loaded Boot cache: C:/Users/mmoutafis2/AppData/Local/UnrealEngine/4.27/DerivedDataCache/Boot.ddc
[2022.03.02-04.39.50:603][  0]LogDerivedDataCache: FDerivedDataBackendGraph:  Pak pak cache file ../../../../../../Users/mmoutafis2/Documents/GitHub/PaperWind/PaperWind/DerivedDataCache/DDC.ddp not found, will not use a pak cache.
[2022.03.02-04.39.50:603][  0]LogDerivedDataCache: Unable to find inner node Pak for hierarchical cache Hierarchy.
[2022.03.02-04.39.50:603][  0]LogDerivedDataCache: FDerivedDataBackendGraph:  CompressedPak pak cache file ../../../../../../Users/mmoutafis2/Documents/GitHub/PaperWind/PaperWind/DerivedDataCache/Compressed.ddp not found, will not use a pak cache.
[2022.03.02-04.39.50:603][  0]LogDerivedDataCache: Unable to find inner node CompressedPak for hierarchical cache Hierarchy.
[2022.03.02-04.39.50:619][  0]LogDerivedDataCache: Display: Pak cache opened for reading ../../../Engine/DerivedDataCache/Compressed.ddp.
[2022.03.02-04.39.50:620][  0]LogDerivedDataCache: FDerivedDataBackendGraph:  EnterprisePak pak cache file ../../../Enterprise/DerivedDataCache/Compressed.ddp not found, will not use a pak cache.
[2022.03.02-04.39.50:620][  0]LogDerivedDataCache: Unable to find inner node EnterprisePak for hierarchical cache Hierarchy.
[2022.03.02-04.39.50:631][  0]LogDerivedDataCache: Speed tests for C:/Users/mmoutafis2/AppData/Local/UnrealEngine/Common/DerivedDataCache took 0.01 seconds
[2022.03.02-04.39.50:631][  0]LogDerivedDataCache: Display: Performance to C:/Users/mmoutafis2/AppData/Local/UnrealEngine/Common/DerivedDataCache: Latency=0.02ms. RandomReadSpeed=743.45MBs, RandomWriteSpeed=98.36MBs. Assigned SpeedClass 'Local'
[2022.03.02-04.39.50:632][  0]LogDerivedDataCache: Using Local data cache path C:/Users/mmoutafis2/AppData/Local/UnrealEngine/Common/DerivedDataCache: Writable
[2022.03.02-04.39.50:632][  0]LogDerivedDataCache: Shared data cache path not found in *engine.ini, will not use an Shared cache.
[2022.03.02-04.39.50:632][  0]LogDerivedDataCache: Unable to find inner node Shared for hierarchical cache Hierarchy.
[2022.03.02-04.39.50:683][  0]LogSlate: Using FreeType 2.10.0
[2022.03.02-04.39.50:684][  0]LogSlate: SlateFontServices - WITH_FREETYPE: 1, WITH_HARFBUZZ: 1
[2022.03.02-04.39.50:714][  0]LogAssetRegistry: FAssetRegistry took 0.0029 seconds to start up
[2022.03.02-04.39.50:968][  0]LogInit: Selected Device Profile: [Windows]
[2022.03.02-04.39.50:968][  0]LogInit: Active device profile: [000001DDD94FAA00][000001DDDA5E58C0 49] Windows
[2022.03.02-04.39.50:969][  0]LogInit: Profiles: [000001DDD94FAA00][000001DDDA5E58C0 49] Windows, [000001DDD9495800][000001DDDA613A40 49] WindowsNoEditor, [000001DDD94F9800][000001DDDA61FBC0 49] WindowsServer, [000001DDD9496100][000001DDD6DF21C0 49] WindowsClient, [000001DDD94F9200][000001DDD6E00340 49] IOS, [000001DDD9497C00][000001DDDA6364C0 49] iPadAir, [000001DDD94FBF00][000001DDDA63A640 49] iPadAir2, [000001DDD941EA00][000001DDDA20E900 49] IPadPro, [000001DDD941EB00][000001DDDA20A940 49] iPadAir3, [000001DDD94F9900][000001DDDA5E8A80 49] iPadAir4, [000001DDD941F400][000001DDDA212BC0 49] iPadMini2, [000001DDD94F9A00][000001DDDA216D00 49] iPadMini3, [000001DDD941DB00][000001DDD3582E80 49] iPadMini4, [000001DDD94FAD00][000001DDD3587000 49] iPadMini5, [000001DDD9466300][000001DDD358F2C0 49] iPhone6, [000001DDD9466400][000001DDD358B300 49] iPodTouch6, [000001DDD941DF00][000001DDD12575C0 49] iPhone7, [000001DDD941E000][000001DDD3593600 49] iPodTouch7, [000001DDD9466C00][000001DDD125F780 49] iPhone5S, [000001DDD941CA00][000001DDD1263900 49] iPhone6Plus, [000001DDD9465200][000001DDD1267A80 49] iPhone6S, [000001DDD941FE00][000001DDD126BC00 49] iPhone6SPlus, [000001DDD9466100][000001DDD126E200 49] iPhone7Plus, [000001DDD941E700][000001DDD1272380 49] iPhoneSE, [000001DDD9467D00][000001DDD1276500 49] iPhone8, [000001DDD941E200][000001DDD16D8680 49] iPhone8Plus, [000001DDD9467E00][000001DDDA4C0800 49] iPhoneX, [000001DDD941FF00][000001DDDA4DC980 49] iPhoneXS, [000001DDD9465900][000001DDD16F4B00 49] iPhoneXSMax, [000001DDD941D500][000001DDD357EC40 49] iPhoneXR, [000001DDD9466700][000001DDD16F8D80 49] iPhone11, [000001DDD941E800][000001DDD1498EC0 49] iPhone11Pro, [000001DDD9466000][000001DDD14A1040 49] iPhone11ProMax, [000001DDD941D900][000001DDD14A51C0 49] iPhoneSE2, [000001DDD9467800][000001DDD14A9340 49] iPhone12Mini, [000001DDD941E100][000001DDD14AD4C0 49] iPhone12, [000001DDD9464A00][000001DDD14B1640 49] iPhone12Pro, [000001DDD941F700][000001DDD14B57C0 49] iPhone12ProMax, [000001DDD9467500][000001DDD3519940 49] iPadPro105, [000001DDD941C500][000001DDD351DAC0 49] iPadPro129, [000001DDD9465A00][000001DDD35340C0 49] iPadPro97, [000001DDD941C900][000001DDD3538240 49] iPadPro2_129, [000001DDD9467200][000001DDD353C3C0 49] iPad5, [000001DDD941E600][000001DDD3548540 49] iPad6, [000001DDD9464500][000001DDD354C6C0 49] iPad7, [000001DDD941F200][000001DDDA1DC840 49] iPad8, [000001DDD9467400][000001DDDA1E09C0 49] iPadPro11, [000001DDD941F900][000001DDDA1E4B40 49] iPadPro2_11, [000001DDD9466E00][000001DDDA61ACC0 49] iPadPro3_129, [000001DDD9496C00][000001DDD149CE00 49] iPadPro4_129, [000001DDD9719000][000001DDDA1F0F40 49] AppleTV, [000001DDD9495D00][000001DDDA1F5080 49] AppleTV4K, [000001DDD9718A00][000001DDDA1E91C0 49] TVOS, [000001DDD9496F00][000001DDDA1F9340 49] Mac, [000001DDD9719100][000001DDDA2054C0 49] MacClient, [000001DDD9495200][000001DDD1227640 49] MacNoEditor, [000001DDD9719A00][000001DDD122B7C0 49] MacServer, [000001DDD9497200][000001DDD122F940 49] Linux, [000001DDD9718400][000001DDD1233AC0 49] LinuxAArch64, [000001DDD9496400][000001DDD125A0C0 49] LinuxNoEditor, [000001DDD9718100][000001DDDA616240 49] LinuxAArch64NoEditor, [000001DDD9467300][000001DDD12363C0 49] LinuxClient, [000001DDD941F000][000001DDD123A540 49] LinuxAArch64Client, [000001DDD9467B00][000001DDD123E6C0 49] LinuxServer, [000001DDD941ED00][000001DDD1242840 49] LinuxAArch64Server, [000001DDD9465500][000001DDD12469C0 49] Android, [000001DDD941F100][000001DDD124AB40 49] Android_Low, [000001DDD9464D00][000001DDD124ECC0 49] Android_Mid, [000001DDD941D700][000001DDD1252E40 49] Android_High, [000001DDD9466800][000001DDDA1ECF80 49] Android_Default, [000001DDD941D200][000001DDD6DAB0C0 49] Android_Adreno4xx, [000001DDD9465F00][000001DDD6DAF200 49] Android_Adreno5xx_Low, [000001DDD941D300][000001DDD6DB3340 49] Android_Adreno5xx, [000001DDD9467700][000001DDD6DBB4C0 49] Android_Adreno6xx, [000001DDD941CF00][000001DDD6DBF640 49] Android_Adreno6xx_Vulkan, [000001DDD9465700][000001DDD6DC37C0 49] Android_Mali_T6xx, [000001DDD941F800][000001DDD6DC7940 49] Android_Mali_T7xx, [000001DDD9466A00][000001DDD6DCBAC0 49] Android_Mali_T8xx, [000001DDD941D800][000001DDD6DCE0C0 49] Android_Mali_G71, [000001DDD9466900][000001DDD169E240 49] Android_Mali_G72, [000001DDD941FD00][000001DDD16A23C0 49] Android_Mali_G72_Vulkan, [000001DDD9467900][000001DDD16A6540 49] Android_Mali_G76, [000001DDD9718200][000001DDD16AA6C0 49] Android_Mali_G76_Vulkan, [000001DDD9464F00][000001DDD16AE840 49] Android_Mali_G77, [000001DDD9718900][000001DDD16B29C0 49] Android_Mali_G77_Vulkan, [000001DDD9466B00][000001DDD16B6B40 49] Android_Mali_G78, [000001DDD9718600][000001DDD16BACC0 49] Android_Mali_G78_Vulkan, [000001DDD9464C00][000001DDD16BEE40 49] Android_Mali_G710, [000001DDD941F300][000001DDD16C2FC0 49] Android_Mali_G710_Vulkan, [000001DDD9465600][000001DDD16C7140 49] Android_Vulkan_SM5, [000001DDD941C800][000001DDD6DB7280 49] Android_PowerVR_G6xxx, [000001DDD9464700][000001DDD16CB3C0 49] Android_PowerVR_GT7xxx, [000001DDD941CE00][000001DDD16CF500 49] Android_PowerVR_GE8xxx, [000001DDD9467F00][000001DDDA241680 49] Android_PowerVR_GM9xxx, [000001DDD941D600][000001DDDA245800 49] Android_PowerVR_GM9xxx_Vulkan, [000001DDD9466600][000001DDDA249980 49] Android_TegraK1, [000001DDD941E400][000001DDDA24DB00 49] Android_Unknown_Vulkan, [000001DDD9465300][000001DDDA250100 49] Lumin, [000001DDD941D000][000001DDDA254280 49] Lumin_Desktop, [000001DDD9467100][000001DDDA258400 49] HoloLens, 
[2022.03.02-04.39.51:107][  0]LogMeshReduction: Using QuadricMeshReduction for automatic static mesh reduction
[2022.03.02-04.39.51:107][  0]LogMeshReduction: Using SimplygonMeshReduction for automatic skeletal mesh reduction
[2022.03.02-04.39.51:107][  0]LogMeshReduction: Using ProxyLODMeshReduction for automatic mesh merging
[2022.03.02-04.39.51:107][  0]LogMeshReduction: No distributed automatic mesh merging module available
[2022.03.02-04.39.51:107][  0]LogMeshMerging: No distributed automatic mesh merging module available
[2022.03.02-04.39.51:124][  0]LogNetVersion: PaperWind 1.0.0, NetCL: 17155196, EngineNetVer: 17, GameNetVer: 0 (Checksum: 772209527)
[2022.03.02-04.39.51:558][  0]LogTexture: Default maximum texture size for cubemaps generated from long-lat sources has been changed from 512 to unlimited. In order to preserve old behaiour for '/Engine/MapTemplates/Sky/DaylightAmbientCubemap.DaylightAmbientCubemap', its maximum texture size has been explicitly set to 512.
[2022.03.02-04.39.51:623][  0]LogHMD: PokeAHoleMaterial loaded successfully
[2022.03.02-04.39.51:629][  0]LogUObjectArray: 17178 objects as part of root set at end of initial load.
[2022.03.02-04.39.51:629][  0]LogUObjectAllocator: 4301856 out of 0 bytes used by permanent object pool.
[2022.03.02-04.39.51:629][  0]LogUObjectArray: CloseDisregardForGC: 0/0 objects in disregard for GC pool
[2022.03.02-04.39.51:927][  0]LogNiagaraDebuggerClient: Niagara Debugger Client Initialized | Session: 82D98E0D4B02988B97EA9D8FB4DB43B2 | Instance: BC388ECF4BE661CE25BC069FB255A627 (MEL-108-2603W-17996).
[2022.03.02-04.39.51:951][  0]LogStreaming: Warning: Failed to read file '../../../Engine/Content/Editor/Slate/Niagara/MenuSeparator.png' error.
[2022.03.02-04.39.51:951][  0]LogSlate: Could not find file for Slate resource: ../../../Engine/Content/Editor/Slate/Niagara/MenuSeparator.png
[2022.03.02-04.39.51:951][  0]LogStreaming: Warning: Failed to read file '../../../Engine/Content/Editor/Slate/Niagara/Common/Selector.png' error.
[2022.03.02-04.39.51:951][  0]LogSlate: Could not find file for Slate resource: ../../../Engine/Content/Editor/Slate/Niagara/Common/Selector.png
[2022.03.02-04.39.51:951][  0]LogStreaming: Warning: Failed to read file '../../../Engine/Content/Editor/Slate/Niagara/Common/Selection.png' error.
[2022.03.02-04.39.51:951][  0]LogSlate: Could not find file for Slate resource: ../../../Engine/Content/Editor/Slate/Niagara/Common/Selection.png
[2022.03.02-04.39.51:951][  0]LogStreaming: Warning: Failed to read file '../../../Engine/Content/Editor/Slate/Niagara/Common/DropZoneIndicator_Above.png' error.
[2022.03.02-04.39.51:951][  0]LogStreaming: Warning: Failed to read file '../../../Engine/Content/Editor/Slate/Niagara/Common/DropZoneIndicator_Onto.png' error.
[2022.03.02-04.39.51:951][  0]LogSlate: Could not find file for Slate resource: ../../../Engine/Content/Editor/Slate/Niagara/Common/DropZoneIndicator_Onto.png
[2022.03.02-04.39.51:951][  0]LogStreaming: Warning: Failed to read file '../../../Engine/Content/Editor/Slate/Niagara/Common/DropZoneIndicator_Below.png' error.
[2022.03.02-04.39.51:951][  0]LogSlate: Could not find file for Slate resource: ../../../Engine/Content/Editor/Slate/Niagara/Common/DropZoneIndicator_Below.png
[2022.03.02-04.39.51:951][  0]LogStreaming: Warning: Failed to read file '../../../Engine/Content/Editor/Slate/Niagara/Common/RoundedSelection_16x.png' error.
[2022.03.02-04.39.51:951][  0]LogSlate: Could not find file for Slate resource: ../../../Engine/Content/Editor/Slate/Niagara/Common/RoundedSelection_16x.png
[2022.03.02-04.39.51:951][  0]LogStreaming: Warning: Failed to read file '../../../Engine/Content/Editor/Slate/Niagara/Common/FlatButton.png' error.
[2022.03.02-04.39.51:951][  0]LogSlate: Could not find file for Slate resource: ../../../Engine/Content/Editor/Slate/Niagara/Common/FlatButton.png
[2022.03.02-04.39.51:951][  0]LogSlate: Could not find file for Slate resource: ../../../Engine/Content/Editor/Slate/Niagara/Common/DropZoneIndicator_Above.png
[2022.03.02-04.39.51:969][  0]LogImageWrapper: Warning: PNG Warning: Duplicate iCCP chunk
[2022.03.02-04.39.51:969][  0]LogImageWrapper: Warning: PNG Warning: Duplicate iCCP chunk
[2022.03.02-04.39.51:969][  0]LogPython: Using Python 3.7.7
[2022.03.02-04.39.52:584][  0]LogTcpMessaging: Initializing TcpMessaging bridge
[2022.03.02-04.39.52:589][  0]LogUdpMessaging: Initializing bridge on interface 0.0.0.0:0 to multicast group 230.0.0.1:6666.
[2022.03.02-04.39.52:769][  0]SourceControl: Source control is disabled
[2022.03.02-04.39.52:769][  0]LogWindows: Warning: CreateProc failed: The system cannot find the file specified. (0x00000002)
[2022.03.02-04.39.52:769][  0]LogWindows: Warning: URL: D:/Program Files/Git/bin/git.exe version
[2022.03.02-04.39.52:788][  0]LogWindows: Warning: CreateProc failed: The system cannot find the file specified. (0x00000002)
[2022.03.02-04.39.52:788][  0]LogWindows: Warning: URL: D:/Program Files/Git/bin/git.exe version
[2022.03.02-04.39.52:794][  0]LogWindows: Warning: CreateProc failed: The system cannot find the file specified. (0x00000002)
[2022.03.02-04.39.52:794][  0]LogWindows: Warning: URL: D:/Program Files/Git/bin/git.exe version
[2022.03.02-04.39.52:813][  0]LogWindows: Warning: CreateProc failed: The system cannot find the file specified. (0x00000002)
[2022.03.02-04.39.52:813][  0]LogWindows: Warning: URL: D:/Program Files/Git/bin/git.exe version
[2022.03.02-04.39.52:825][  0]LogUProjectInfo: Found projects:
[2022.03.02-04.39.53:030][  0]LogOpenImageDenoise: OIDN starting up
[2022.03.02-04.39.53:081][  0]LogAndroidPermission: UAndroidPermissionCallbackProxy::GetInstance
[2022.03.02-04.39.53:101][  0]LogAudioCaptureCore: Display: No Audio Capture implementations found. Audio input will be silent.
[2022.03.02-04.39.53:102][  0]LogAudioCaptureCore: Display: No Audio Capture implementations found. Audio input will be silent.
[2022.03.02-04.39.53:251][  0]LogCollectionManager: Loaded 0 collections in 0.001774 seconds
[2022.03.02-04.39.53:278][  0]LogFileCache: Scanning file cache for directory 'C:/Users/mmoutafis2/Documents/GitHub/PaperWind/PaperWind/Saved/Collections/' took 0.00s
[2022.03.02-04.39.53:278][  0]LogFileCache: Scanning file cache for directory 'C:/Users/mmoutafis2/Documents/GitHub/PaperWind/PaperWind/Content/Developers/mmoutafis2/Collections/' took 0.00s
[2022.03.02-04.39.53:278][  0]LogFileCache: Scanning file cache for directory 'C:/Users/mmoutafis2/Documents/GitHub/PaperWind/PaperWind/Content/Collections/' took 0.00s
[2022.03.02-04.39.53:278][  0]LogOcInput: OculusInput pre-init called
[2022.03.02-04.39.53:496][  0]LogStreaming: Warning: Failed to read file '../../../Engine/Content/Editor/Slate/Niagara/MenuSeparator.png' error.
[2022.03.02-04.39.53:496][  0]LogSlate: Could not find file for Slate resource: ../../../Engine/Content/Editor/Slate/Niagara/MenuSeparator.png
[2022.03.02-04.39.53:496][  0]LogStreaming: Warning: Failed to read file '../../../Engine/Content/Editor/Slate/Niagara/Common/Selector.png' error.
[2022.03.02-04.39.53:496][  0]LogSlate: Could not find file for Slate resource: ../../../Engine/Content/Editor/Slate/Niagara/Common/Selector.png
[2022.03.02-04.39.53:496][  0]LogStreaming: Warning: Failed to read file '../../../Engine/Content/Editor/Slate/Niagara/Common/Selection.png' error.
[2022.03.02-04.39.53:496][  0]LogSlate: Could not find file for Slate resource: ../../../Engine/Content/Editor/Slate/Niagara/Common/Selection.png
[2022.03.02-04.39.53:496][  0]LogStreaming: Warning: Failed to read file '../../../Engine/Content/Editor/Slate/Niagara/Common/DropZoneIndicator_Above.png' error.
[2022.03.02-04.39.53:496][  0]LogSlate: Could not find file for Slate resource: ../../../Engine/Content/Editor/Slate/Niagara/Common/DropZoneIndicator_Above.png
[2022.03.02-04.39.53:496][  0]LogStreaming: Warning: Failed to read file '../../../Engine/Content/Editor/Slate/Niagara/Common/DropZoneIndicator_Onto.png' error.
[2022.03.02-04.39.53:496][  0]LogStreaming: Warning: Failed to read file '../../../Engine/Content/Editor/Slate/Niagara/Common/DropZoneIndicator_Below.png' error.
[2022.03.02-04.39.53:496][  0]LogSlate: Could not find file for Slate resource: ../../../Engine/Content/Editor/Slate/Niagara/Common/DropZoneIndicator_Onto.png
[2022.03.02-04.39.53:496][  0]LogSlate: Could not find file for Slate resource: ../../../Engine/Content/Editor/Slate/Niagara/Common/DropZoneIndicator_Below.png
[2022.03.02-04.39.53:496][  0]LogStreaming: Warning: Failed to read file '../../../Engine/Content/Editor/Slate/Niagara/Common/FlatButton.png' error.
[2022.03.02-04.39.53:497][  0]LogSlate: Could not find file for Slate resource: ../../../Engine/Content/Editor/Slate/Niagara/Common/FlatButton.png
[2022.03.02-04.39.53:497][  0]LogStreaming: Warning: Failed to read file '../../../Engine/Content/Editor/Slate/Niagara/Common/RoundedSelection_16x.png' error.
[2022.03.02-04.39.53:497][  0]LogSlate: Could not find file for Slate resource: ../../../Engine/Content/Editor/Slate/Niagara/Common/RoundedSelection_16x.png
[2022.03.02-04.39.53:497][  0]LogImageWrapper: Warning: PNG Warning: Duplicate iCCP chunk
[2022.03.02-04.39.53:497][  0]LogImageWrapper: Warning: PNG Warning: Duplicate iCCP chunk
[2022.03.02-04.39.53:550][  0]LogEngine: Initializing Engine...
[2022.03.02-04.39.53:552][  0]LogHMD: Failed to enumerate extensions. Please check that you have a valid OpenXR runtime installed.
[2022.03.02-04.39.53:552][  0]LogHMD: Failed to initialize OpenVR with code 110
[2022.03.02-04.39.53:552][  0]LogMagicLeap: Warning: VR disabled because ZI is not enabled.  To enable, in the editor, Edit -> Project Settings -> Plugins -> Magic Leap Plugin -> Enable Zero Iteration
[2022.03.02-04.39.53:553][  0]LogStats: UGameplayTagsManager::InitializeManager -  0.000 s
[2022.03.02-04.39.53:677][  0]LogInit: Initializing FReadOnlyCVARCache
[2022.03.02-04.39.53:687][  0]LogAIModule: Creating AISystem for world Untitled
[2022.03.02-04.39.53:705][  0]LogAudio: Display: Initializing Audio Device Manager...
[2022.03.02-04.39.53:710][  0]LogAudio: Display: Loading Default Audio Settings Objects...
[2022.03.02-04.39.53:711][  0]LogAudio: Display: No default SoundConcurrencyObject specified (or failed to load).
[2022.03.02-04.39.53:711][  0]LogAudio: Display: Audio Device Manager Initialized
[2022.03.02-04.39.53:711][  0]LogAudio: Display: Creating Audio Device:                 Id: 1, Scope: Shared, Realtime: True
[2022.03.02-04.39.53:711][  0]LogAudioMixer: Display: Audio Mixer Platform Settings:
[2022.03.02-04.39.53:711][  0]LogAudioMixer: Display: 	Sample Rate:						  48000
[2022.03.02-04.39.53:711][  0]LogAudioMixer: Display: 	Callback Buffer Frame Size Requested: 1024
[2022.03.02-04.39.53:711][  0]LogAudioMixer: Display: 	Callback Buffer Frame Size To Use:	  1024
[2022.03.02-04.39.53:711][  0]LogAudioMixer: Display: 	Number of buffers to queue:			  2
[2022.03.02-04.39.53:711][  0]LogAudioMixer: Display: 	Max Channels (voices):				  32
[2022.03.02-04.39.53:711][  0]LogAudioMixer: Display: 	Number of Async Source Workers:		  0
[2022.03.02-04.39.53:711][  0]LogAudio: Display: AudioDevice MaxSources: 32
[2022.03.02-04.39.53:712][  0]LogAudio: Display: Audio Spatialization Plugin: None (built-in).
[2022.03.02-04.39.53:712][  0]LogAudio: Display: Audio Reverb Plugin: None (built-in).
[2022.03.02-04.39.53:712][  0]LogAudio: Display: Audio Occlusion Plugin: None (built-in).
[2022.03.02-04.39.53:712][  0]LogAudioMixer: Display: Initializing audio mixer.
[2022.03.02-04.39.53:731][  0]LogAudioMixer: Display: 0: FrontLeft
[2022.03.02-04.39.53:731][  0]LogAudioMixer: Display: 1: FrontRight
[2022.03.02-04.39.53:778][  0]LogAudioMixer: Display: Using Audio Device U28E850 (NVIDIA High Definition Audio)
[2022.03.02-04.39.53:779][  0]LogAudioMixer: Display: Initializing Sound Submixes...
[2022.03.02-04.39.53:782][  0]LogAudioMixer: Display: Creating Master Submix 'MasterSubmixDefault'
[2022.03.02-04.39.53:782][  0]LogAudioMixer: Display: Creating Master Submix 'MasterReverbSubmixDefault'
[2022.03.02-04.39.53:783][  0]LogAudioMixer: Display: Creating Master Submix 'MasterEQSubmixDefault'
[2022.03.02-04.39.53:783][  0]LogAudioMixer: FMixerPlatformXAudio2::StartAudioStream() called
[2022.03.02-04.39.53:783][  0]LogAudioMixer: Display: Output buffers initialized: Frames=1024, Channels=2, Samples=2048
[2022.03.02-04.39.53:784][  0]LogAudioMixer: Display: Starting AudioMixerPlatformInterface::RunInternal()
[2022.03.02-04.39.53:784][  0]LogAudioMixer: Display: FMixerPlatformXAudio2::SubmitBuffer() called for the first time
[2022.03.02-04.39.53:784][  0]LogInit: FAudioDevice initialized.
[2022.03.02-04.39.53:785][  0]LogAudio: Display: Audio Device (ID: 1) registered with world 'Untitled'.
[2022.03.02-04.39.53:785][  0]LogNetVersion: Set ProjectVersion to 1.0.0.0. Version Checksum will be recalculated on next use.
[2022.03.02-04.39.53:877][  0]LogDerivedDataCache: Saved boot cache 0.09s 95MB C:/Users/mmoutafis2/AppData/Local/UnrealEngine/4.27/DerivedDataCache/Boot.ddc.
[2022.03.02-04.39.53:879][  0]LogInit: Texture streaming: Enabled
[2022.03.02-04.39.53:892][  0]LogAnalytics: Display: [UEEditor.Rocket.Release] APIServer = https://datarouter.ol.epicgames.com/. AppVersion = 4.27.0-17155196+++UE4+Release-4.27
[2022.03.02-04.39.53:897][  0]LogEngineSessionManager: EngineSessionManager initialized
[2022.03.02-04.39.53:897][  0]LogEditorSessionSummary: Verbose: Initializing EditorSessionSummaryWriter for editor session tracking
[2022.03.02-04.39.53:903][  0]LogEditorSessionSummary: EditorSessionSummaryWriter initialized
[2022.03.02-04.39.53:933][  0]LogInit: Transaction tracking system initialized
[2022.03.02-04.39.53:958][  0]BlueprintLog: New page: Editor Load
[2022.03.02-04.39.54:027][  0]LocalizationService: Localization service is disabled
[2022.03.02-04.39.54:054][  0]TimingProfiler: Initialize
[2022.03.02-04.39.54:055][  0]TimingProfiler: OnSessionChanged
[2022.03.02-04.39.54:055][  0]LoadingProfiler: Initialize
[2022.03.02-04.39.54:055][  0]LoadingProfiler: OnSessionChanged
[2022.03.02-04.39.54:055][  0]NetworkingProfiler: Initialize
[2022.03.02-04.39.54:055][  0]NetworkingProfiler: OnSessionChanged
[2022.03.02-04.39.54:055][  0]MemoryProfiler: Initialize
[2022.03.02-04.39.54:055][  0]MemoryProfiler: OnSessionChanged
[2022.03.02-04.39.54:209][  0]LogCook: Display: CookSettings for Memory: MemoryMaxUsedVirtual 0MiB, MemoryMaxUsedPhysical 16384MiB, MemoryMinFreeVirtual 0MiB, MemoryMinFreePhysical 1024MiB
[2022.03.02-04.39.54:209][  0]LogCook: Display: Mobile HDR setting 1
[2022.03.02-04.39.54:440][  0]LogFileCache: Scanning file cache for directory 'C:/Users/mmoutafis2/Documents/GitHub/PaperWind/PaperWind/Content/' took 0.01s
[2022.03.02-04.39.54:647][  0]LogStreaming: Warning: Failed to read file '../../../Engine/Content/Editor/Slate/Niagara/MenuSeparator.png' error.
[2022.03.02-04.39.54:647][  0]LogSlate: Could not find file for Slate resource: ../../../Engine/Content/Editor/Slate/Niagara/MenuSeparator.png
[2022.03.02-04.39.54:647][  0]LogStreaming: Warning: Failed to read file '../../../Engine/Content/Editor/Slate/Niagara/Common/Selector.png' error.
[2022.03.02-04.39.54:647][  0]LogSlate: Could not find file for Slate resource: ../../../Engine/Content/Editor/Slate/Niagara/Common/Selector.png
[2022.03.02-04.39.54:647][  0]LogStreaming: Warning: Failed to read file '../../../Engine/Content/Editor/Slate/Niagara/Common/Selection.png' error.
[2022.03.02-04.39.54:647][  0]LogSlate: Could not find file for Slate resource: ../../../Engine/Content/Editor/Slate/Niagara/Common/Selection.png
[2022.03.02-04.39.54:647][  0]LogStreaming: Warning: Failed to read file '../../../Engine/Content/Editor/Slate/Niagara/Common/DropZoneIndicator_Above.png' error.
[2022.03.02-04.39.54:647][  0]LogSlate: Could not find file for Slate resource: ../../../Engine/Content/Editor/Slate/Niagara/Common/DropZoneIndicator_Above.png
[2022.03.02-04.39.54:647][  0]LogStreaming: Warning: Failed to read file '../../../Engine/Content/Editor/Slate/Niagara/Common/DropZoneIndicator_Onto.png' error.
[2022.03.02-04.39.54:647][  0]LogSlate: Could not find file for Slate resource: ../../../Engine/Content/Editor/Slate/Niagara/Common/DropZoneIndicator_Onto.png
[2022.03.02-04.39.54:647][  0]LogStreaming: Warning: Failed to read file '../../../Engine/Content/Editor/Slate/Niagara/Common/DropZoneIndicator_Below.png' error.
[2022.03.02-04.39.54:647][  0]LogSlate: Could not find file for Slate resource: ../../../Engine/Content/Editor/Slate/Niagara/Common/DropZoneIndicator_Below.png
[2022.03.02-04.39.54:647][  0]LogStreaming: Warning: Failed to read file '../../../Engine/Content/Editor/Slate/Niagara/Common/RoundedSelection_16x.png' error.
[2022.03.02-04.39.54:647][  0]LogSlate: Could not find file for Slate resource: ../../../Engine/Content/Editor/Slate/Niagara/Common/RoundedSelection_16x.png
[2022.03.02-04.39.54:647][  0]LogStreaming: Warning: Failed to read file '../../../Engine/Content/Editor/Slate/Niagara/Common/FlatButton.png' error.
[2022.03.02-04.39.54:647][  0]LogSlate: Could not find file for Slate resource: ../../../Engine/Content/Editor/Slate/Niagara/Common/FlatButton.png
[2022.03.02-04.39.54:647][  0]LogImageWrapper: Warning: PNG Warning: Duplicate iCCP chunk
[2022.03.02-04.39.54:647][  0]LogImageWrapper: Warning: PNG Warning: Duplicate iCCP chunk
[2022.03.02-04.39.54:655][  0]LogInit: Display: Engine is initialized. Leaving FEngineLoop::Init()
[2022.03.02-04.39.54:662][  0]LogWindows: Warning: CreateProc failed: The system cannot find the file specified. (0x00000002)
[2022.03.02-04.39.54:662][  0]LogWindows: Warning: URL: D:/Program Files/Git/bin/git.exe version
[2022.03.02-04.39.54:662][  0]LogUnrealEdMisc: Loading editor; pre map load, took 7.947
[2022.03.02-04.39.54:662][  0]Cmd: MAP LOAD FILE="../../../../../../Users/mmoutafis2/Documents/GitHub/PaperWind/PaperWind/Content/ThirdPersonBP/Maps/ThirdPersonExampleMap.umap" TEMPLATE=0 SHOWPROGRESS=1 FEATURELEVEL=3
[2022.03.02-04.39.54:662][  0]LogEditorServer: Warning: Can't find file '../../../../../../Users/mmoutafis2/Documents/GitHub/PaperWind/PaperWind/Content/ThirdPersonBP/Maps/ThirdPersonExampleMap.umap'
[2022.03.02-04.39.54:662][  0]Cmd: MAP CHECKDEP NOCLEARLOG
[2022.03.02-04.39.54:662][  0]MapCheck: Map check complete: 0 Error(s), 0 Warning(s), took 0.152ms to complete.
[2022.03.02-04.39.54:662][  0]LogFileHelpers: Loading map 'ThirdPersonExampleMap' took 0.001
[2022.03.02-04.39.54:664][  0]LogUnrealEdMisc: Total Editor Startup Time, took 7.949
[2022.03.02-04.39.54:785][  0]LogSlate: Updating window title bar state: overlay mode, drag disabled, window buttons hidden, title bar hidden
[2022.03.02-04.39.54:792][  0]LogSlate: Updating window title bar state: overlay mode, drag disabled, window buttons hidden, title bar hidden
[2022.03.02-04.39.54:799][  0]LogSlate: Updating window title bar state: overlay mode, drag disabled, window buttons hidden, title bar hidden
[2022.03.02-04.39.54:807][  0]LogSlate: Updating window title bar state: overlay mode, drag disabled, window buttons hidden, title bar hidden
[2022.03.02-04.39.54:824][  0]LogNativeClassHierarchy: Verbose: Native class hierarchy populated in 0.0094 seconds. Added 3822 classes and 928 folders.
[2022.03.02-04.39.54:826][  0]LogNativeClassHierarchy: Verbose: Native class hierarchy updated for 'WidgetCarousel' in 0.0003 seconds. Added 0 classes and 0 folders.
[2022.03.02-04.39.54:828][  0]LogPakFile: PakFile PrimaryIndexSize=187
[2022.03.02-04.39.54:828][  0]LogPakFile: PakFile PathHashIndexSize=101
[2022.03.02-04.39.54:828][  0]LogPakFile: PakFile FullDirectoryIndexSize=148
[2022.03.02-04.39.54:828][  0]LogShaderLibrary: Display: ShaderCodeLibraryPakFileMountedCallback: PakFile 'C:/Program Files/Epic Games/UE_4.27/FeaturePacks/FP_FirstPerson.upack' (chunk index -1, root 'root:/') mounted
[2022.03.02-04.39.54:828][  0]LogShaderLibrary: Display: ShaderCodeLibraryPakFileMountedCallback: pending pak file info (ChunkID:-1 Root:root:/ File:C:/Program Files/Epic Games/UE_4.27/FeaturePacks/FP_FirstPerson.upack)
[2022.03.02-04.39.54:828][  0]LogPakFile: OnPakFileMounted2Time == 0.000060
[2022.03.02-04.39.54:829][  0]LogPakFile: PakFile PrimaryIndexSize=189
[2022.03.02-04.39.54:829][  0]LogPakFile: PakFile PathHashIndexSize=101
[2022.03.02-04.39.54:829][  0]LogPakFile: PakFile FullDirectoryIndexSize=152
[2022.03.02-04.39.54:829][  0]LogShaderLibrary: Display: ShaderCodeLibraryPakFileMountedCallback: PakFile 'C:/Program Files/Epic Games/UE_4.27/FeaturePacks/FP_FirstPersonBP.upack' (chunk index -1, root 'root:/') mounted
[2022.03.02-04.39.54:829][  0]LogShaderLibrary: Display: ShaderCodeLibraryPakFileMountedCallback: pending pak file info (ChunkID:-1 Root:root:/ File:C:/Program Files/Epic Games/UE_4.27/FeaturePacks/FP_FirstPersonBP.upack)
[2022.03.02-04.39.54:829][  0]LogPakFile: OnPakFileMounted2Time == 0.000074
[2022.03.02-04.39.54:829][  0]LogPakFile: PakFile PrimaryIndexSize=191
[2022.03.02-04.39.54:830][  0]LogPakFile: PakFile PathHashIndexSize=101
[2022.03.02-04.39.54:830][  0]LogPakFile: PakFile FullDirectoryIndexSize=160
[2022.03.02-04.39.54:830][  0]LogShaderLibrary: Display: ShaderCodeLibraryPakFileMountedCallback: PakFile 'C:/Program Files/Epic Games/UE_4.27/FeaturePacks/MobileStarterContent.upack' (chunk index -1, root 'root:/') mounted
[2022.03.02-04.39.54:830][  0]LogShaderLibrary: Display: ShaderCodeLibraryPakFileMountedCallback: pending pak file info (ChunkID:-1 Root:root:/ File:C:/Program Files/Epic Games/UE_4.27/FeaturePacks/MobileStarterContent.upack)
[2022.03.02-04.39.54:830][  0]LogPakFile: OnPakFileMounted2Time == 0.000035
[2022.03.02-04.39.54:830][  0]LogPakFile: PakFile PrimaryIndexSize=185
[2022.03.02-04.39.54:830][  0]LogPakFile: PakFile PathHashIndexSize=101
[2022.03.02-04.39.54:830][  0]LogPakFile: PakFile FullDirectoryIndexSize=148
[2022.03.02-04.39.54:830][  0]LogShaderLibrary: Display: ShaderCodeLibraryPakFileMountedCallback: PakFile 'C:/Program Files/Epic Games/UE_4.27/FeaturePacks/StarterContent.upack' (chunk index -1, root 'root:/') mounted
[2022.03.02-04.39.54:830][  0]LogShaderLibrary: Display: ShaderCodeLibraryPakFileMountedCallback: pending pak file info (ChunkID:-1 Root:root:/ File:C:/Program Files/Epic Games/UE_4.27/FeaturePacks/StarterContent.upack)
[2022.03.02-04.39.54:830][  0]LogPakFile: OnPakFileMounted2Time == 0.000042
[2022.03.02-04.39.54:831][  0]LogPakFile: PakFile PrimaryIndexSize=190
[2022.03.02-04.39.54:831][  0]LogPakFile: PakFile PathHashIndexSize=101
[2022.03.02-04.39.54:831][  0]LogPakFile: PakFile FullDirectoryIndexSize=154
[2022.03.02-04.39.54:831][  0]LogShaderLibrary: Display: ShaderCodeLibraryPakFileMountedCallback: PakFile 'C:/Program Files/Epic Games/UE_4.27/FeaturePacks/TP_2DSideScroller.upack' (chunk index -1, root 'root:/') mounted
[2022.03.02-04.39.54:831][  0]LogShaderLibrary: Display: ShaderCodeLibraryPakFileMountedCallback: pending pak file info (ChunkID:-1 Root:root:/ File:C:/Program Files/Epic Games/UE_4.27/FeaturePacks/TP_2DSideScroller.upack)
[2022.03.02-04.39.54:831][  0]LogPakFile: OnPakFileMounted2Time == 0.000036
[2022.03.02-04.39.54:832][  0]LogPakFile: PakFile PrimaryIndexSize=192
[2022.03.02-04.39.54:832][  0]LogPakFile: PakFile PathHashIndexSize=101
[2022.03.02-04.39.54:832][  0]LogPakFile: PakFile FullDirectoryIndexSize=158
[2022.03.02-04.39.54:832][  0]LogShaderLibrary: Display: ShaderCodeLibraryPakFileMountedCallback: PakFile 'C:/Program Files/Epic Games/UE_4.27/FeaturePacks/TP_2DSideScrollerBP.upack' (chunk index -1, root 'root:/') mounted
[2022.03.02-04.39.54:832][  0]LogShaderLibrary: Display: ShaderCodeLibraryPakFileMountedCallback: pending pak file info (ChunkID:-1 Root:root:/ File:C:/Program Files/Epic Games/UE_4.27/FeaturePacks/TP_2DSideScrollerBP.upack)
[2022.03.02-04.39.54:832][  0]LogPakFile: OnPakFileMounted2Time == 0.000039
[2022.03.02-04.39.54:833][  0]LogPakFile: PakFile PrimaryIndexSize=182
[2022.03.02-04.39.54:833][  0]LogPakFile: PakFile PathHashIndexSize=101
[2022.03.02-04.39.54:833][  0]LogPakFile: PakFile FullDirectoryIndexSize=138
[2022.03.02-04.39.54:833][  0]LogShaderLibrary: Display: ShaderCodeLibraryPakFileMountedCallback: PakFile 'C:/Program Files/Epic Games/UE_4.27/FeaturePacks/TP_Flying.upack' (chunk index -1, root 'root:/') mounted
[2022.03.02-04.39.54:833][  0]LogShaderLibrary: Display: ShaderCodeLibraryPakFileMountedCallback: pending pak file info (ChunkID:-1 Root:root:/ File:C:/Program Files/Epic Games/UE_4.27/FeaturePacks/TP_Flying.upack)
[2022.03.02-04.39.54:833][  0]LogPakFile: OnPakFileMounted2Time == 0.000039
[2022.03.02-04.39.54:834][  0]LogPakFile: PakFile PrimaryIndexSize=184
[2022.03.02-04.39.54:834][  0]LogPakFile: PakFile PathHashIndexSize=101
[2022.03.02-04.39.54:834][  0]LogPakFile: PakFile FullDirectoryIndexSize=142
[2022.03.02-04.39.54:834][  0]LogShaderLibrary: Display: ShaderCodeLibraryPakFileMountedCallback: PakFile 'C:/Program Files/Epic Games/UE_4.27/FeaturePacks/TP_FlyingBP.upack' (chunk index -1, root 'root:/') mounted
[2022.03.02-04.39.54:834][  0]LogShaderLibrary: Display: ShaderCodeLibraryPakFileMountedCallback: pending pak file info (ChunkID:-1 Root:root:/ File:C:/Program Files/Epic Games/UE_4.27/FeaturePacks/TP_FlyingBP.upack)
[2022.03.02-04.39.54:834][  0]LogPakFile: OnPakFileMounted2Time == 0.000037
[2022.03.02-04.39.54:834][  0]LogPakFile: PakFile PrimaryIndexSize=188
[2022.03.02-04.39.54:834][  0]LogPakFile: PakFile PathHashIndexSize=101
[2022.03.02-04.39.54:834][  0]LogPakFile: PakFile FullDirectoryIndexSize=150
[2022.03.02-04.39.54:834][  0]LogShaderLibrary: Display: ShaderCodeLibraryPakFileMountedCallback: PakFile 'C:/Program Files/Epic Games/UE_4.27/FeaturePacks/TP_HandheldARBP.upack' (chunk index -1, root 'root:/') mounted
[2022.03.02-04.39.54:834][  0]LogShaderLibrary: Display: ShaderCodeLibraryPakFileMountedCallback: pending pak file info (ChunkID:-1 Root:root:/ File:C:/Program Files/Epic Games/UE_4.27/FeaturePacks/TP_HandheldARBP.upack)
[2022.03.02-04.39.54:834][  0]LogPakFile: OnPakFileMounted2Time == 0.000035
[2022.03.02-04.39.54:835][  0]LogPakFile: PakFile PrimaryIndexSize=182
[2022.03.02-04.39.54:835][  0]LogPakFile: PakFile PathHashIndexSize=101
[2022.03.02-04.39.54:835][  0]LogPakFile: PakFile FullDirectoryIndexSize=138
[2022.03.02-04.39.54:835][  0]LogShaderLibrary: Display: ShaderCodeLibraryPakFileMountedCallback: PakFile 'C:/Program Files/Epic Games/UE_4.27/FeaturePacks/TP_Puzzle.upack' (chunk index -1, root 'root:/') mounted
[2022.03.02-04.39.54:835][  0]LogShaderLibrary: Display: ShaderCodeLibraryPakFileMountedCallback: pending pak file info (ChunkID:-1 Root:root:/ File:C:/Program Files/Epic Games/UE_4.27/FeaturePacks/TP_Puzzle.upack)
[2022.03.02-04.39.54:835][  0]LogPakFile: OnPakFileMounted2Time == 0.000041
[2022.03.02-04.39.54:836][  0]LogPakFile: PakFile PrimaryIndexSize=184
[2022.03.02-04.39.54:836][  0]LogPakFile: PakFile PathHashIndexSize=101
[2022.03.02-04.39.54:836][  0]LogPakFile: PakFile FullDirectoryIndexSize=142
[2022.03.02-04.39.54:836][  0]LogShaderLibrary: Display: ShaderCodeLibraryPakFileMountedCallback: PakFile 'C:/Program Files/Epic Games/UE_4.27/FeaturePacks/TP_PuzzleBP.upack' (chunk index -1, root 'root:/') mounted
[2022.03.02-04.39.54:836][  0]LogShaderLibrary: Display: ShaderCodeLibraryPakFileMountedCallback: pending pak file info (ChunkID:-1 Root:root:/ File:C:/Program Files/Epic Games/UE_4.27/FeaturePacks/TP_PuzzleBP.upack)
[2022.03.02-04.39.54:836][  0]LogPakFile: OnPakFileMounted2Time == 0.000050
[2022.03.02-04.39.54:837][  0]LogPakFile: PakFile PrimaryIndexSize=183
[2022.03.02-04.39.54:837][  0]LogPakFile: PakFile PathHashIndexSize=101
[2022.03.02-04.39.54:837][  0]LogPakFile: PakFile FullDirectoryIndexSize=140
[2022.03.02-04.39.54:837][  0]LogShaderLibrary: Display: ShaderCodeLibraryPakFileMountedCallback: PakFile 'C:/Program Files/Epic Games/UE_4.27/FeaturePacks/TP_Rolling.upack' (chunk index -1, root 'root:/') mounted
[2022.03.02-04.39.54:837][  0]LogShaderLibrary: Display: ShaderCodeLibraryPakFileMountedCallback: pending pak file info (ChunkID:-1 Root:root:/ File:C:/Program Files/Epic Games/UE_4.27/FeaturePacks/TP_Rolling.upack)
[2022.03.02-04.39.54:837][  0]LogPakFile: OnPakFileMounted2Time == 0.000036
[2022.03.02-04.39.54:837][  0]LogPakFile: PakFile PrimaryIndexSize=185
[2022.03.02-04.39.54:837][  0]LogPakFile: PakFile PathHashIndexSize=101
[2022.03.02-04.39.54:837][  0]LogPakFile: PakFile FullDirectoryIndexSize=144
[2022.03.02-04.39.54:837][  0]LogShaderLibrary: Display: ShaderCodeLibraryPakFileMountedCallback: PakFile 'C:/Program Files/Epic Games/UE_4.27/FeaturePacks/TP_RollingBP.upack' (chunk index -1, root 'root:/') mounted
[2022.03.02-04.39.54:837][  0]LogShaderLibrary: Display: ShaderCodeLibraryPakFileMountedCallback: pending pak file info (ChunkID:-1 Root:root:/ File:C:/Program Files/Epic Games/UE_4.27/FeaturePacks/TP_RollingBP.upack)
[2022.03.02-04.39.54:837][  0]LogPakFile: OnPakFileMounted2Time == 0.000036
[2022.03.02-04.39.54:838][  0]LogPakFile: PakFile PrimaryIndexSize=188
[2022.03.02-04.39.54:838][  0]LogPakFile: PakFile PathHashIndexSize=101
[2022.03.02-04.39.54:838][  0]LogPakFile: PakFile FullDirectoryIndexSize=150
[2022.03.02-04.39.54:838][  0]LogShaderLibrary: Display: ShaderCodeLibraryPakFileMountedCallback: PakFile 'C:/Program Files/Epic Games/UE_4.27/FeaturePacks/TP_SideScroller.upack' (chunk index -1, root 'root:/') mounted
[2022.03.02-04.39.54:838][  0]LogShaderLibrary: Display: ShaderCodeLibraryPakFileMountedCallback: pending pak file info (ChunkID:-1 Root:root:/ File:C:/Program Files/Epic Games/UE_4.27/FeaturePacks/TP_SideScroller.upack)
[2022.03.02-04.39.54:838][  0]LogPakFile: OnPakFileMounted2Time == 0.000035
[2022.03.02-04.39.54:839][  0]LogPakFile: PakFile PrimaryIndexSize=190
[2022.03.02-04.39.54:839][  0]LogPakFile: PakFile PathHashIndexSize=101
[2022.03.02-04.39.54:839][  0]LogPakFile: PakFile FullDirectoryIndexSize=154
[2022.03.02-04.39.54:839][  0]LogShaderLibrary: Display: ShaderCodeLibraryPakFileMountedCallback: PakFile 'C:/Program Files/Epic Games/UE_4.27/FeaturePacks/TP_SideScrollerBP.upack' (chunk index -1, root 'root:/') mounted
[2022.03.02-04.39.54:839][  0]LogShaderLibrary: Display: ShaderCodeLibraryPakFileMountedCallback: pending pak file info (ChunkID:-1 Root:root:/ File:C:/Program Files/Epic Games/UE_4.27/FeaturePacks/TP_SideScrollerBP.upack)
[2022.03.02-04.39.54:839][  0]LogPakFile: OnPakFileMounted2Time == 0.000036
[2022.03.02-04.39.54:840][  0]LogPakFile: PakFile PrimaryIndexSize=187
[2022.03.02-04.39.54:840][  0]LogPakFile: PakFile PathHashIndexSize=101
[2022.03.02-04.39.54:840][  0]LogPakFile: PakFile FullDirectoryIndexSize=148
[2022.03.02-04.39.54:840][  0]LogShaderLibrary: Display: ShaderCodeLibraryPakFileMountedCallback: PakFile 'C:/Program Files/Epic Games/UE_4.27/FeaturePacks/TP_ThirdPerson.upack' (chunk index -1, root 'root:/') mounted
[2022.03.02-04.39.54:840][  0]LogShaderLibrary: Display: ShaderCodeLibraryPakFileMountedCallback: pending pak file info (ChunkID:-1 Root:root:/ File:C:/Program Files/Epic Games/UE_4.27/FeaturePacks/TP_ThirdPerson.upack)
[2022.03.02-04.39.54:840][  0]LogPakFile: OnPakFileMounted2Time == 0.000035
[2022.03.02-04.39.54:840][  0]LogPakFile: PakFile PrimaryIndexSize=189
[2022.03.02-04.39.54:840][  0]LogPakFile: PakFile PathHashIndexSize=101
[2022.03.02-04.39.54:840][  0]LogPakFile: PakFile FullDirectoryIndexSize=152
[2022.03.02-04.39.54:840][  0]LogShaderLibrary: Display: ShaderCodeLibraryPakFileMountedCallback: PakFile 'C:/Program Files/Epic Games/UE_4.27/FeaturePacks/TP_ThirdPersonBP.upack' (chunk index -1, root 'root:/') mounted
[2022.03.02-04.39.54:840][  0]LogShaderLibrary: Display: ShaderCodeLibraryPakFileMountedCallback: pending pak file info (ChunkID:-1 Root:root:/ File:C:/Program Files/Epic Games/UE_4.27/FeaturePacks/TP_ThirdPersonBP.upack)
[2022.03.02-04.39.54:840][  0]LogPakFile: OnPakFileMounted2Time == 0.000036
[2022.03.02-04.39.54:841][  0]LogPakFile: PakFile PrimaryIndexSize=183
[2022.03.02-04.39.54:841][  0]LogPakFile: PakFile PathHashIndexSize=101
[2022.03.02-04.39.54:841][  0]LogPakFile: PakFile FullDirectoryIndexSize=140
[2022.03.02-04.39.54:841][  0]LogShaderLibrary: Display: ShaderCodeLibraryPakFileMountedCallback: PakFile 'C:/Program Files/Epic Games/UE_4.27/FeaturePacks/TP_TopDown.upack' (chunk index -1, root 'root:/') mounted
[2022.03.02-04.39.54:841][  0]LogShaderLibrary: Display: ShaderCodeLibraryPakFileMountedCallback: pending pak file info (ChunkID:-1 Root:root:/ File:C:/Program Files/Epic Games/UE_4.27/FeaturePacks/TP_TopDown.upack)
[2022.03.02-04.39.54:841][  0]LogPakFile: OnPakFileMounted2Time == 0.000043
[2022.03.02-04.39.54:842][  0]LogPakFile: PakFile PrimaryIndexSize=185
[2022.03.02-04.39.54:842][  0]LogPakFile: PakFile PathHashIndexSize=101
[2022.03.02-04.39.54:842][  0]LogPakFile: PakFile FullDirectoryIndexSize=144
[2022.03.02-04.39.54:842][  0]LogShaderLibrary: Display: ShaderCodeLibraryPakFileMountedCallback: PakFile 'C:/Program Files/Epic Games/UE_4.27/FeaturePacks/TP_TopDownBP.upack' (chunk index -1, root 'root:/') mounted
[2022.03.02-04.39.54:842][  0]LogShaderLibrary: Display: ShaderCodeLibraryPakFileMountedCallback: pending pak file info (ChunkID:-1 Root:root:/ File:C:/Program Files/Epic Games/UE_4.27/FeaturePacks/TP_TopDownBP.upack)
[2022.03.02-04.39.54:842][  0]LogPakFile: OnPakFileMounted2Time == 0.000035
[2022.03.02-04.39.54:842][  0]LogPakFile: PakFile PrimaryIndexSize=185
[2022.03.02-04.39.54:842][  0]LogPakFile: PakFile PathHashIndexSize=101
[2022.03.02-04.39.54:842][  0]LogPakFile: PakFile FullDirectoryIndexSize=144
[2022.03.02-04.39.54:842][  0]LogShaderLibrary: Display: ShaderCodeLibraryPakFileMountedCallback: PakFile 'C:/Program Files/Epic Games/UE_4.27/FeaturePacks/TP_TwinStick.upack' (chunk index -1, root 'root:/') mounted
[2022.03.02-04.39.54:842][  0]LogShaderLibrary: Display: ShaderCodeLibraryPakFileMountedCallback: pending pak file info (ChunkID:-1 Root:root:/ File:C:/Program Files/Epic Games/UE_4.27/FeaturePacks/TP_TwinStick.upack)
[2022.03.02-04.39.54:842][  0]LogPakFile: OnPakFileMounted2Time == 0.000039
[2022.03.02-04.39.54:843][  0]LogPakFile: PakFile PrimaryIndexSize=187
[2022.03.02-04.39.54:843][  0]LogPakFile: PakFile PathHashIndexSize=101
[2022.03.02-04.39.54:843][  0]LogPakFile: PakFile FullDirectoryIndexSize=148
[2022.03.02-04.39.54:843][  0]LogShaderLibrary: Display: ShaderCodeLibraryPakFileMountedCallback: PakFile 'C:/Program Files/Epic Games/UE_4.27/FeaturePacks/TP_TwinStickBP.upack' (chunk index -1, root 'root:/') mounted
[2022.03.02-04.39.54:843][  0]LogShaderLibrary: Display: ShaderCodeLibraryPakFileMountedCallback: pending pak file info (ChunkID:-1 Root:root:/ File:C:/Program Files/Epic Games/UE_4.27/FeaturePacks/TP_TwinStickBP.upack)
[2022.03.02-04.39.54:843][  0]LogPakFile: OnPakFileMounted2Time == 0.000035
[2022.03.02-04.39.54:844][  0]LogPakFile: PakFile PrimaryIndexSize=183
[2022.03.02-04.39.54:844][  0]LogPakFile: PakFile PathHashIndexSize=101
[2022.03.02-04.39.54:844][  0]LogPakFile: PakFile FullDirectoryIndexSize=140
[2022.03.02-04.39.54:844][  0]LogShaderLibrary: Display: ShaderCodeLibraryPakFileMountedCallback: PakFile 'C:/Program Files/Epic Games/UE_4.27/FeaturePacks/TP_Vehicle.upack' (chunk index -1, root 'root:/') mounted
[2022.03.02-04.39.54:844][  0]LogShaderLibrary: Display: ShaderCodeLibraryPakFileMountedCallback: pending pak file info (ChunkID:-1 Root:root:/ File:C:/Program Files/Epic Games/UE_4.27/FeaturePacks/TP_Vehicle.upack)
[2022.03.02-04.39.54:844][  0]LogPakFile: OnPakFileMounted2Time == 0.000035
[2022.03.02-04.39.54:845][  0]LogPakFile: PakFile PrimaryIndexSize=186
[2022.03.02-04.39.54:845][  0]LogPakFile: PakFile PathHashIndexSize=101
[2022.03.02-04.39.54:845][  0]LogPakFile: PakFile FullDirectoryIndexSize=146
[2022.03.02-04.39.54:845][  0]LogShaderLibrary: Display: ShaderCodeLibraryPakFileMountedCallback: PakFile 'C:/Program Files/Epic Games/UE_4.27/FeaturePacks/TP_VehicleAdv.upack' (chunk index -1, root 'root:/') mounted
[2022.03.02-04.39.54:845][  0]LogShaderLibrary: Display: ShaderCodeLibraryPakFileMountedCallback: pending pak file info (ChunkID:-1 Root:root:/ File:C:/Program Files/Epic Games/UE_4.27/FeaturePacks/TP_VehicleAdv.upack)
[2022.03.02-04.39.54:845][  0]LogPakFile: OnPakFileMounted2Time == 0.000035
[2022.03.02-04.39.54:845][  0]LogPakFile: PakFile PrimaryIndexSize=188
[2022.03.02-04.39.54:845][  0]LogPakFile: PakFile PathHashIndexSize=101
[2022.03.02-04.39.54:845][  0]LogPakFile: PakFile FullDirectoryIndexSize=150
[2022.03.02-04.39.54:845][  0]LogShaderLibrary: Display: ShaderCodeLibraryPakFileMountedCallback: PakFile 'C:/Program Files/Epic Games/UE_4.27/FeaturePacks/TP_VehicleAdvBP.upack' (chunk index -1, root 'root:/') mounted
[2022.03.02-04.39.54:845][  0]LogShaderLibrary: Display: ShaderCodeLibraryPakFileMountedCallback: pending pak file info (ChunkID:-1 Root:root:/ File:C:/Program Files/Epic Games/UE_4.27/FeaturePacks/TP_VehicleAdvBP.upack)
[2022.03.02-04.39.54:845][  0]LogPakFile: OnPakFileMounted2Time == 0.000038
[2022.03.02-04.39.54:846][  0]LogPakFile: PakFile PrimaryIndexSize=185
[2022.03.02-04.39.54:846][  0]LogPakFile: PakFile PathHashIndexSize=101
[2022.03.02-04.39.54:846][  0]LogPakFile: PakFile FullDirectoryIndexSize=144
[2022.03.02-04.39.54:846][  0]LogShaderLibrary: Display: ShaderCodeLibraryPakFileMountedCallback: PakFile 'C:/Program Files/Epic Games/UE_4.27/FeaturePacks/TP_VehicleBP.upack' (chunk index -1, root 'root:/') mounted
[2022.03.02-04.39.54:846][  0]LogShaderLibrary: Display: ShaderCodeLibraryPakFileMountedCallback: pending pak file info (ChunkID:-1 Root:root:/ File:C:/Program Files/Epic Games/UE_4.27/FeaturePacks/TP_VehicleBP.upack)
[2022.03.02-04.39.54:846][  0]LogPakFile: OnPakFileMounted2Time == 0.000035
[2022.03.02-04.39.54:847][  0]LogPakFile: PakFile PrimaryIndexSize=192
[2022.03.02-04.39.54:847][  0]LogPakFile: PakFile PathHashIndexSize=101
[2022.03.02-04.39.54:847][  0]LogPakFile: PakFile FullDirectoryIndexSize=158
[2022.03.02-04.39.54:847][  0]LogShaderLibrary: Display: ShaderCodeLibraryPakFileMountedCallback: PakFile 'C:/Program Files/Epic Games/UE_4.27/FeaturePacks/TP_VirtualRealityBP.upack' (chunk index -1, root 'root:/') mounted
[2022.03.02-04.39.54:847][  0]LogShaderLibrary: Display: ShaderCodeLibraryPakFileMountedCallback: pending pak file info (ChunkID:-1 Root:root:/ File:C:/Program Files/Epic Games/UE_4.27/FeaturePacks/TP_VirtualRealityBP.upack)
[2022.03.02-04.39.54:847][  0]LogPakFile: OnPakFileMounted2Time == 0.000035
[2022.03.02-04.39.54:920][  0]LogNativeClassHierarchy: Verbose: Native class hierarchy updated for 'AddContentDialog' in 0.0002 seconds. Added 0 classes and 0 folders.
[2022.03.02-04.39.54:921][  0]LogNativeClassHierarchy: Verbose: Native class hierarchy updated for 'SceneOutliner' in 0.0002 seconds. Added 2 classes and 0 folders.
[2022.03.02-04.39.54:965][  0]LogSlate: Took 0.000264 seconds to synchronously load lazily loaded font '../../../Engine/Content/Slate/Fonts/Roboto-Regular.ttf' (155K)
[2022.03.02-04.39.54:966][  0]LogSlate: Took 0.000268 seconds to synchronously load lazily loaded font '../../../Engine/Content/Editor/Slate/Fonts/FontAwesome.ttf' (139K)
[2022.03.02-04.39.54:967][  0]LogSlate: Took 0.000180 seconds to synchronously load lazily loaded font '../../../Engine/Content/Slate/Fonts/Roboto-Bold.ttf' (160K)
[2022.03.02-04.39.55:062][  0]LogRenderer: Reallocating scene render targets to support 1616x808 Format 10 NumSamples 1 (Frame:1).
[2022.03.02-04.39.55:173][  0]LogNativeClassHierarchy: Verbose: Native class hierarchy updated for 'HierarchicalLODOutliner' in 0.0003 seconds. Added 0 classes and 0 folders.
[2022.03.02-04.39.55:173][  0]LogInput: Warning: Action Jump uses invalid key OculusGo_Left_Trigger_Click.
[2022.03.02-04.39.55:174][  0]LogInput: Warning: Action ResetVR uses invalid key OculusGo_Left_Trackpad_Click.
[2022.03.02-04.39.55:174][  0]LogInput: Warning: Use -RemoveInvalidKeys to remove instances of these keys from the action mapping.
[2022.03.02-04.39.55:174][  0]LogLoad: (Engine Initialization) Total time: 8.46 seconds
[2022.03.02-04.39.55:174][  0]LogLoad: (Engine Initialization) Total Blueprint compile time: 0.00 seconds
[2022.03.02-04.39.55:230][  0]LogContentStreaming: Texture pool size now 1000 MB
[2022.03.02-04.39.55:267][  1]LogAssetRegistry: Asset discovery search completed in 4.5552 seconds
[2022.03.02-04.39.55:274][  1]LogCollectionManager: Fixed up redirectors for 0 collections in 0.000003 seconds (updated 0 objects)
