Log file open, 02/25/22 17:24:49
LogWindows: Failed to load 'aqProf.dll' (GetLastError=126)
LogWindows: File 'aqProf.dll' does not exist
LogWindows: Failed to load 'VtuneApi.dll' (GetLastError=126)
LogWindows: File 'VtuneApi.dll' does not exist
LogWindows: Failed to load 'VtuneApi32e.dll' (GetLastError=126)
LogWindows: File 'VtuneApi32e.dll' does not exist
LogConsoleResponse: Display: Failed to find resolution value strings in scalability ini. Falling back to default.
LogConsoleResponse: Display: Failed to find resolution value strings in scalability ini. Falling back to default.
LogInit: Display: Running engine for game: PaperWind
LogPlatformFile: Not using cached read wrapper
LogTaskGraph: Started task graph with 5 named threads and 47 total threads with 3 sets of task threads.
LogStats: Stats thread started at 0.221429
LogICUInternationalization: ICU TimeZone Detection - Raw Offset: +10:00, Platform Override: ''
LogInit: Display: Loading text-based GConfig....
LogPluginManager: Mounting plugin MeshPainting
LogPluginManager: Mounting plugin XGEController
LogPluginManager: Mounting plugin Paper2D
LogPluginManager: Mounting plugin AISupport
LogPluginManager: Mounting plugin EnvironmentQueryEditor
LogPluginManager: Mounting plugin LightPropagationVolume
LogPluginManager: Mounting plugin LiveLink
LogPluginManager: Mounting plugin OodleData
LogPluginManager: Mounting plugin OodleNetwork
LogPluginManager: Mounting plugin AssetManagerEditor
LogPluginManager: Mounting plugin CryptoKeys
LogPluginManager: Mounting plugin CurveEditorTools
LogPluginManager: Mounting plugin DataValidation
LogPluginManager: Mounting plugin GameplayTagsEditor
LogPluginManager: Mounting plugin FacialAnimation
LogPluginManager: Mounting plugin GeometryMode
LogPluginManager: Mounting plugin MacGraphicsSwitching
LogPluginManager: Mounting plugin MaterialAnalyzer
LogPluginManager: Mounting plugin MobileLauncherProfileWizard
LogPluginManager: Mounting plugin PluginBrowser
LogPluginManager: Mounting plugin CameraShakePreviewer
LogPluginManager: Mounting plugin GameplayCameras
LogPluginManager: Mounting plugin SpeedTreeImporter
LogPluginManager: Mounting plugin AlembicImporter
LogPluginManager: Mounting plugin DatasmithContent
LogPluginManager: Mounting plugin BackChannel
LogPluginManager: Mounting plugin AutomationUtils
LogPluginManager: Mounting plugin VariantManagerContent
LogPluginManager: Mounting plugin ChaosCloth
LogPluginManager: Mounting plugin ChaosClothEditor
LogPluginManager: Mounting plugin ChaosNiagara
LogPluginManager: Mounting plugin ChaosEditor
LogPluginManager: Mounting plugin ChaosSolverPlugin
LogPluginManager: Mounting plugin CharacterAI
LogPluginManager: Mounting plugin GeometryCache
LogPluginManager: Mounting plugin GeometryCollectionPlugin
LogPluginManager: Mounting plugin GeometryProcessing
LogPluginManager: Mounting plugin MotoSynth
LogPluginManager: Mounting plugin OpenImageDenoise
LogPluginManager: Mounting plugin PlanarCut
LogPluginManager: Mounting plugin ProxyLODPlugin
LogPluginManager: Mounting plugin PlatformCrypto
LogPluginManager: Mounting plugin PythonScriptPlugin
LogPluginManager: Mounting plugin Niagara
LogPluginManager: Mounting plugin SkeletalReduction
LogPluginManager: Mounting plugin LuminPlatformFeatures
LogPluginManager: Mounting plugin MagicLeap
LogPluginManager: Mounting plugin MagicLeapLightEstimation
LogPluginManager: Mounting plugin MagicLeapMedia
LogPluginManager: Mounting plugin AndroidMedia
LogPluginManager: Mounting plugin MagicLeapPassableWorld
LogPluginManager: Mounting plugin MLSDK
LogPluginManager: Mounting plugin AvfMedia
LogPluginManager: Mounting plugin ImgMedia
LogPluginManager: Mounting plugin MediaCompositing
LogPluginManager: Mounting plugin MediaPlayerEditor
LogPluginManager: Mounting plugin ActorSequence
LogPluginManager: Mounting plugin WebMMedia
LogPluginManager: Mounting plugin WmfMedia
LogPluginManager: Mounting plugin LevelSequenceEditor
LogPluginManager: Mounting plugin MatineeToLevelSequence
LogPluginManager: Mounting plugin TcpMessaging
LogPluginManager: Mounting plugin UdpMessaging
LogPluginManager: Mounting plugin TemplateSequence
LogPluginManager: Mounting plugin LauncherChunkInstaller
LogPluginManager: Mounting plugin OnlineSubsystem
LogPluginManager: Mounting plugin OnlineSubsystemNull
LogPluginManager: Mounting plugin ActorLayerUtilities
LogPluginManager: Mounting plugin OnlineSubsystemUtils
LogPluginManager: Mounting plugin AndroidMoviePlayer
LogPluginManager: Mounting plugin AndroidDeviceProfileSelector
LogPluginManager: Mounting plugin AndroidPermission
LogPluginManager: Mounting plugin AppleImageUtils
LogPluginManager: Mounting plugin AppleMoviePlayer
LogPluginManager: Mounting plugin ArchVisCharacter
LogPluginManager: Mounting plugin AssetTags
LogPluginManager: Mounting plugin AudioCapture
LogPluginManager: Mounting plugin AudioSynesthesia
LogPluginManager: Mounting plugin CableComponent
LogPluginManager: Mounting plugin ChunkDownloader
LogPluginManager: Mounting plugin CustomMeshComponent
LogPluginManager: Mounting plugin EditableMesh
LogPluginManager: Mounting plugin ExampleDeviceProfileSelector
LogPluginManager: Mounting plugin GoogleCloudMessaging
LogPluginManager: Mounting plugin GooglePAD
LogPluginManager: Mounting plugin IOSDeviceProfileSelector
LogPluginManager: Mounting plugin LinuxDeviceProfileSelector
LogPluginManager: Mounting plugin LocationServicesBPLibrary
LogPluginManager: Mounting plugin MobilePatchingUtils
LogPluginManager: Mounting plugin OpenXR
LogPluginManager: Mounting plugin OpenXREyeTracker
LogPluginManager: Mounting plugin OpenXRHandTracking
LogPluginManager: Mounting plugin ScreenshotTools
LogPluginManager: Mounting plugin PhysXVehicles
LogPluginManager: Mounting plugin PostSplashScreen
LogPluginManager: Mounting plugin ProceduralMeshComponent
LogPluginManager: Mounting plugin PropertyAccessEditor
LogPluginManager: Mounting plugin SignificanceManager
LogPluginManager: Mounting plugin RuntimePhysXCooking
LogPluginManager: Mounting plugin SoundFields
LogPluginManager: Mounting plugin Synthesis
LogPluginManager: Mounting plugin WebMMoviePlayer
LogPluginManager: Mounting plugin WindowsMoviePlayer
LogPluginManager: Mounting plugin AnimationSharing
LogPluginManager: Mounting plugin CLionSourceCodeAccess
LogPluginManager: Mounting plugin Takes
LogPluginManager: Mounting plugin CodeLiteSourceCodeAccess
LogPluginManager: Mounting plugin GitSourceControl
LogPluginManager: Mounting plugin KDevelopSourceCodeAccess
LogPluginManager: Mounting plugin NullSourceCodeAccess
LogPluginManager: Mounting plugin PerforceSourceControl
LogPluginManager: Mounting plugin PixWinPlugin
LogPluginManager: Mounting plugin PlasticSourceControl
LogPluginManager: Mounting plugin PluginUtils
LogPluginManager: Mounting plugin PropertyAccessNode
LogPluginManager: Mounting plugin RiderSourceCodeAccess
LogPluginManager: Mounting plugin SubversionSourceControl
LogPluginManager: Mounting plugin TextureFormatOodle
LogPluginManager: Mounting plugin UObjectPlugin
LogPluginManager: Mounting plugin VisualStudioCodeSourceCodeAccess
LogPluginManager: Mounting plugin VisualStudioSourceCodeAccess
LogPluginManager: Mounting plugin XCodeSourceCodeAccess
LogPluginManager: Mounting plugin ContentBrowserAssetDataSource
LogPluginManager: Mounting plugin ContentBrowserFileDataSource
LogPluginManager: Mounting plugin ContentBrowserClassDataSource
LogPluginManager: Mounting plugin OnlineSubsystemGooglePlay
LogPluginManager: Mounting plugin OnlineSubsystemIOS
LogPluginManager: Mounting plugin OculusVR
LogPluginManager: Mounting plugin SteamVR
LogInit: Using libcurl 7.55.1-DEV
LogInit:  - built for x86_64-pc-win32
LogInit:  - supports SSL with OpenSSL/1.1.1
LogInit:  - supports HTTP deflate (compression) using libz 1.2.8
LogInit:  - other features:
LogInit:      CURL_VERSION_SSL
LogInit:      CURL_VERSION_LIBZ
LogInit:      CURL_VERSION_IPV6
LogInit:      CURL_VERSION_ASYNCHDNS
LogInit:      CURL_VERSION_LARGEFILE
LogInit:      CURL_VERSION_IDN
LogInit:  CurlRequestOptions (configurable via config and command line):
LogInit:  - bVerifyPeer = true  - Libcurl will verify peer certificate
LogInit:  - bUseHttpProxy = false  - Libcurl will NOT use HTTP proxy
LogInit:  - bDontReuseConnections = false  - Libcurl will reuse connections
LogInit:  - MaxHostConnections = 16  - Libcurl will limit the number of connections to a host
LogInit:  - LocalHostAddr = Default
LogInit:  - BufferSize = 65536
LogOnline: OSS: Creating online subsystem instance for: NULL
LogInit: WinSock: version 1.1 (2.2), MaxSocks=32767, MaxUdp=65467
LogOnline: OSS: TryLoadSubsystemAndSetDefault: Loaded subsystem for module [NULL]
PixWinPlugin: PIX capture plugin failed to initialize! Check that the process is launched from PIX.
LogOculusPluginWrapper: OculusPlugin initialized successfully
LogHMD: Failed initializing OVRPlugin 1.59.0
LogInit: Build: ++UE4+Release-4.27-CL-18319896
LogInit: Engine Version: 4.27.2-18319896+++UE4+Release-4.27
LogInit: Compatible Engine Version: 4.27.0-17155196+++UE4+Release-4.27
LogInit: Net CL: 17155196
LogInit: OS: Windows 10 (Release 2009) (), CPU: AMD Ryzen 7 3700X 8-Core Processor             , GPU: NVIDIA GeForce GTX 1080
LogInit: Compiled (64-bit): Nov 30 2021 07:12:08
LogInit: Compiled with Visual C++: 19.24.28315.00
LogInit: Build Configuration: Development
LogInit: Branch Name: ++UE4+Release-4.27
LogInit: Command Line: 
LogInit: Base Directory: D:/Program Files/UE_4.27/Engine/Binaries/Win64/
LogInit: Allocator: TBB
LogInit: Installed Engine Build: 1
LogDevObjectVersion: Number of dev versions registered: 29
LogDevObjectVersion:   Dev-Blueprints (B0D832E4-1F89-4F0D-ACCF-7EB736FD4AA2): 10
LogDevObjectVersion:   Dev-Build (E1C64328-A22C-4D53-A36C-8E866417BD8C): 0
LogDevObjectVersion:   Dev-Core (375EC13C-06E4-48FB-B500-84F0262A717E): 4
LogDevObjectVersion:   Dev-Editor (E4B068ED-F494-42E9-A231-DA0B2E46BB41): 40
LogDevObjectVersion:   Dev-Framework (CFFC743F-43B0-4480-9391-14DF171D2073): 37
LogDevObjectVersion:   Dev-Mobile (B02B49B5-BB20-44E9-A304-32B752E40360): 3
LogDevObjectVersion:   Dev-Networking (A4E4105C-59A1-49B5-A7C5-40C4547EDFEE): 0
LogDevObjectVersion:   Dev-Online (39C831C9-5AE6-47DC-9A44-9C173E1C8E7C): 0
LogDevObjectVersion:   Dev-Physics (78F01B33-EBEA-4F98-B9B4-84EACCB95AA2): 14
LogDevObjectVersion:   Dev-Platform (6631380F-2D4D-43E0-8009-CF276956A95A): 0
LogDevObjectVersion:   Dev-Rendering (12F88B9F-8875-4AFC-A67C-D90C383ABD29): 45
LogDevObjectVersion:   Dev-Sequencer (7B5AE74C-D270-4C10-A958-57980B212A5A): 13
LogDevObjectVersion:   Dev-VR (D7296918-1DD6-4BDD-9DE2-64A83CC13884): 3
LogDevObjectVersion:   Dev-LoadTimes (C2A15278-BFE7-4AFE-6C17-90FF531DF755): 1
LogDevObjectVersion:   Private-Geometry (6EACA3D4-40EC-4CC1-B786-8BED09428FC5): 3
LogDevObjectVersion:   Dev-AnimPhys (29E575DD-E0A3-4627-9D10-D276232CDCEA): 17
LogDevObjectVersion:   Dev-Anim (AF43A65D-7FD3-4947-9873-3E8ED9C1BB05): 15
LogDevObjectVersion:   Dev-ReflectionCapture (6B266CEC-1EC7-4B8F-A30B-E4D90942FC07): 1
LogDevObjectVersion:   Dev-Automation (0DF73D61-A23F-47EA-B727-89E90C41499A): 1
LogDevObjectVersion:   FortniteMain (601D1886-AC64-4F84-AA16-D3DE0DEAC7D6): 47
LogDevObjectVersion:   FortniteRelease (E7086368-6B23-4C58-8439-1B7016265E91): 1
LogDevObjectVersion:   Dev-Enterprise (9DFFBCD6-494F-0158-E221-12823C92A888): 10
LogDevObjectVersion:   Dev-Niagara (F2AED0AC-9AFE-416F-8664-AA7FFA26D6FC): 1
LogDevObjectVersion:   Dev-Destruction (174F1F0B-B4C6-45A5-B13F-2EE8D0FB917D): 10
LogDevObjectVersion:   Dev-Physics-Ext (35F94A83-E258-406C-A318-09F59610247C): 41
LogDevObjectVersion:   Dev-PhysicsMaterial-Chaos (B68FC16E-8B1B-42E2-B453-215C058844FE): 1
LogDevObjectVersion:   Dev-CineCamera (B2E18506-4273-CFC2-A54E-F4BB758BBA07): 1
LogDevObjectVersion:   Dev-VirtualProduction (64F58936-FD1B-42BA-BA96-7289D5D0FA4E): 1
LogDevObjectVersion:   Dev-MediaFramework (6F0ED827-A609-4895-9C91-998D90180EA4): 2
LogInit: Presizing for max 25165824 objects, including 0 objects not considered by GC, pre-allocating 0 bytes for permanent pool.
LogConfig: Applying CVar settings from Section [/Script/Engine.StreamingSettings] File [D:/Unreal Projects/PaperWind/PaperWind/Saved/Config/Windows/Engine.ini]
LogConfig: Setting CVar [[s.MinBulkDataSizeForAsyncLoading:131072]]
LogConfig: Setting CVar [[s.AsyncLoadingThreadEnabled:0]]
LogConfig: Setting CVar [[s.EventDrivenLoaderEnabled:1]]
LogConfig: Setting CVar [[s.WarnIfTimeLimitExceeded:0]]
LogConfig: Setting CVar [[s.TimeLimitExceededMultiplier:1.5]]
LogConfig: Setting CVar [[s.TimeLimitExceededMinTime:0.005]]
LogConfig: Setting CVar [[s.UseBackgroundLevelStreaming:1]]
LogConfig: Setting CVar [[s.PriorityAsyncLoadingExtraTime:15.0]]
LogConfig: Setting CVar [[s.LevelStreamingActorsUpdateTimeLimit:5.0]]
LogConfig: Setting CVar [[s.PriorityLevelStreamingActorsUpdateExtraTime:5.0]]
LogConfig: Setting CVar [[s.LevelStreamingComponentsRegistrationGranularity:10]]
LogConfig: Setting CVar [[s.UnregisterComponentsTimeLimit:1.0]]
LogConfig: Setting CVar [[s.LevelStreamingComponentsUnregistrationGranularity:5]]
LogConfig: Setting CVar [[s.FlushStreamingOnExit:1]]
LogInit: Object subsystem initialized
LogConfig: Setting CVar [[con.DebugEarlyDefault:1]]
LogConfig: Setting CVar [[r.setres:1280x720]]
[2022.02.25-06.24.50:301][  0]LogConfig: Setting CVar [[r.VSync:0]]
[2022.02.25-06.24.50:301][  0]LogConfig: Setting CVar [[r.RHICmdBypass:0]]
[2022.02.25-06.24.50:301][  0]LogConfig: Applying CVar settings from Section [/Script/Engine.RendererSettings] File [D:/Unreal Projects/PaperWind/PaperWind/Saved/Config/Windows/Engine.ini]
[2022.02.25-06.24.50:301][  0]LogConfig: Setting CVar [[r.GPUCrashDebugging:0]]
[2022.02.25-06.24.50:301][  0]LogConfig: Applying CVar settings from Section [/Script/Engine.RendererOverrideSettings] File [D:/Unreal Projects/PaperWind/PaperWind/Saved/Config/Windows/Engine.ini]
[2022.02.25-06.24.50:301][  0]LogConfig: Applying CVar settings from Section [/Script/Engine.StreamingSettings] File [D:/Unreal Projects/PaperWind/PaperWind/Saved/Config/Windows/Engine.ini]
[2022.02.25-06.24.50:301][  0]LogConfig: Setting CVar [[s.MinBulkDataSizeForAsyncLoading:131072]]
[2022.02.25-06.24.50:301][  0]LogConfig: Setting CVar [[s.AsyncLoadingThreadEnabled:0]]
[2022.02.25-06.24.50:301][  0]LogConfig: Setting CVar [[s.EventDrivenLoaderEnabled:1]]
[2022.02.25-06.24.50:301][  0]LogConfig: Setting CVar [[s.WarnIfTimeLimitExceeded:0]]
[2022.02.25-06.24.50:301][  0]LogConfig: Setting CVar [[s.TimeLimitExceededMultiplier:1.5]]
[2022.02.25-06.24.50:301][  0]LogConfig: Setting CVar [[s.TimeLimitExceededMinTime:0.005]]
[2022.02.25-06.24.50:301][  0]LogConfig: Setting CVar [[s.UseBackgroundLevelStreaming:1]]
[2022.02.25-06.24.50:301][  0]LogConfig: Setting CVar [[s.PriorityAsyncLoadingExtraTime:15.0]]
[2022.02.25-06.24.50:301][  0]LogConfig: Setting CVar [[s.LevelStreamingActorsUpdateTimeLimit:5.0]]
[2022.02.25-06.24.50:301][  0]LogConfig: Setting CVar [[s.PriorityLevelStreamingActorsUpdateExtraTime:5.0]]
[2022.02.25-06.24.50:301][  0]LogConfig: Setting CVar [[s.LevelStreamingComponentsRegistrationGranularity:10]]
[2022.02.25-06.24.50:301][  0]LogConfig: Setting CVar [[s.UnregisterComponentsTimeLimit:1.0]]
[2022.02.25-06.24.50:301][  0]LogConfig: Setting CVar [[s.LevelStreamingComponentsUnregistrationGranularity:5]]
[2022.02.25-06.24.50:301][  0]LogConfig: Setting CVar [[s.FlushStreamingOnExit:1]]
[2022.02.25-06.24.50:301][  0]LogConfig: Applying CVar settings from Section [/Script/Engine.GarbageCollectionSettings] File [D:/Unreal Projects/PaperWind/PaperWind/Saved/Config/Windows/Engine.ini]
[2022.02.25-06.24.50:301][  0]LogConfig: Setting CVar [[gc.MaxObjectsNotConsideredByGC:1]]
[2022.02.25-06.24.50:301][  0]LogConfig: Setting CVar [[gc.SizeOfPermanentObjectPool:0]]
[2022.02.25-06.24.50:301][  0]LogConfig: Setting CVar [[gc.FlushStreamingOnGC:0]]
[2022.02.25-06.24.50:301][  0]LogConfig: Setting CVar [[gc.NumRetriesBeforeForcingGC:10]]
[2022.02.25-06.24.50:301][  0]LogConfig: Setting CVar [[gc.AllowParallelGC:1]]
[2022.02.25-06.24.50:301][  0]LogConfig: Setting CVar [[gc.TimeBetweenPurgingPendingKillObjects:61.1]]
[2022.02.25-06.24.50:301][  0]LogConfig: Setting CVar [[gc.MaxObjectsInEditor:25165824]]
[2022.02.25-06.24.50:301][  0]LogConfig: Setting CVar [[gc.IncrementalBeginDestroyEnabled:1]]
[2022.02.25-06.24.50:301][  0]LogConfig: Setting CVar [[gc.CreateGCClusters:1]]
[2022.02.25-06.24.50:301][  0]LogConfig: Setting CVar [[gc.MinGCClusterSize:5]]
[2022.02.25-06.24.50:301][  0]LogConfig: Setting CVar [[gc.ActorClusteringEnabled:0]]
[2022.02.25-06.24.50:301][  0]LogConfig: Setting CVar [[gc.BlueprintClusteringEnabled:0]]
[2022.02.25-06.24.50:301][  0]LogConfig: Setting CVar [[gc.UseDisregardForGCOnDedicatedServers:0]]
[2022.02.25-06.24.50:301][  0]LogConfig: Setting CVar [[gc.MultithreadedDestructionEnabled:1]]
[2022.02.25-06.24.50:301][  0]LogConfig: Applying CVar settings from Section [/Script/Engine.NetworkSettings] File [D:/Unreal Projects/PaperWind/PaperWind/Saved/Config/Windows/Engine.ini]
[2022.02.25-06.24.50:301][  0]LogConfig: Applying CVar settings from Section [/Script/UnrealEd.CookerSettings] File [D:/Unreal Projects/PaperWind/PaperWind/Saved/Config/Windows/Engine.ini]
[2022.02.25-06.24.50:338][  0]LogConfig: Applying CVar settings from Section [ViewDistanceQuality@3] File [D:/Unreal Projects/PaperWind/PaperWind/Saved/Config/Windows/Scalability.ini]
[2022.02.25-06.24.50:338][  0]LogConfig: Setting CVar [[r.SkeletalMeshLODBias:0]]
[2022.02.25-06.24.50:338][  0]LogConfig: Setting CVar [[r.ViewDistanceScale:1.0]]
[2022.02.25-06.24.50:338][  0]LogConfig: Applying CVar settings from Section [AntiAliasingQuality@3] File [D:/Unreal Projects/PaperWind/PaperWind/Saved/Config/Windows/Scalability.ini]
[2022.02.25-06.24.50:338][  0]LogConfig: Setting CVar [[r.PostProcessAAQuality:4]]
[2022.02.25-06.24.50:338][  0]LogConfig: Applying CVar settings from Section [ShadowQuality@3] File [D:/Unreal Projects/PaperWind/PaperWind/Saved/Config/Windows/Scalability.ini]
[2022.02.25-06.24.50:338][  0]LogConfig: Setting CVar [[r.LightFunctionQuality:1]]
[2022.02.25-06.24.50:338][  0]LogConfig: Setting CVar [[r.ShadowQuality:5]]
[2022.02.25-06.24.50:338][  0]LogConfig: Setting CVar [[r.Shadow.CSM.MaxCascades:10]]
[2022.02.25-06.24.50:338][  0]LogConfig: Setting CVar [[r.Shadow.MaxResolution:2048]]
[2022.02.25-06.24.50:338][  0]LogConfig: Setting CVar [[r.Shadow.MaxCSMResolution:2048]]
[2022.02.25-06.24.50:338][  0]LogConfig: Setting CVar [[r.Shadow.RadiusThreshold:0.01]]
[2022.02.25-06.24.50:338][  0]LogConfig: Setting CVar [[r.Shadow.DistanceScale:1.0]]
[2022.02.25-06.24.50:338][  0]LogConfig: Setting CVar [[r.Shadow.CSM.TransitionScale:1.0]]
[2022.02.25-06.24.50:338][  0]LogConfig: Setting CVar [[r.Shadow.PreShadowResolutionFactor:1.0]]
[2022.02.25-06.24.50:338][  0]LogConfig: Setting CVar [[r.DistanceFieldShadowing:1]]
[2022.02.25-06.24.50:338][  0]LogConfig: Setting CVar [[r.DistanceFieldAO:1]]
[2022.02.25-06.24.50:338][  0]LogConfig: Setting CVar [[r.AOQuality:2]]
[2022.02.25-06.24.50:338][  0]LogConfig: Setting CVar [[r.VolumetricFog:1]]
[2022.02.25-06.24.50:338][  0]LogConfig: Setting CVar [[r.VolumetricFog.GridPixelSize:8]]
[2022.02.25-06.24.50:338][  0]LogConfig: Setting CVar [[r.VolumetricFog.GridSizeZ:128]]
[2022.02.25-06.24.50:338][  0]LogConfig: Setting CVar [[r.VolumetricFog.HistoryMissSupersampleCount:4]]
[2022.02.25-06.24.50:338][  0]LogConfig: Setting CVar [[r.LightMaxDrawDistanceScale:1]]
[2022.02.25-06.24.50:338][  0]LogConfig: Setting CVar [[r.CapsuleShadows:1]]
[2022.02.25-06.24.50:338][  0]LogConfig: Applying CVar settings from Section [PostProcessQuality@3] File [D:/Unreal Projects/PaperWind/PaperWind/Saved/Config/Windows/Scalability.ini]
[2022.02.25-06.24.50:338][  0]LogConfig: Setting CVar [[r.MotionBlurQuality:4]]
[2022.02.25-06.24.50:339][  0]LogConfig: Setting CVar [[r.AmbientOcclusionMipLevelFactor:0.4]]
[2022.02.25-06.24.50:339][  0]LogConfig: Setting CVar [[r.AmbientOcclusionMaxQuality:100]]
[2022.02.25-06.24.50:339][  0]LogConfig: Setting CVar [[r.AmbientOcclusionLevels:-1]]
[2022.02.25-06.24.50:339][  0]LogConfig: Setting CVar [[r.AmbientOcclusionRadiusScale:1.0]]
[2022.02.25-06.24.50:339][  0]LogConfig: Setting CVar [[r.DepthOfFieldQuality:2]]
[2022.02.25-06.24.50:339][  0]LogConfig: Setting CVar [[r.RenderTargetPoolMin:400]]
[2022.02.25-06.24.50:339][  0]LogConfig: Setting CVar [[r.LensFlareQuality:2]]
[2022.02.25-06.24.50:339][  0]LogConfig: Setting CVar [[r.SceneColorFringeQuality:1]]
[2022.02.25-06.24.50:339][  0]LogConfig: Setting CVar [[r.EyeAdaptationQuality:2]]
[2022.02.25-06.24.50:339][  0]LogConfig: Setting CVar [[r.BloomQuality:5]]
[2022.02.25-06.24.50:339][  0]LogConfig: Setting CVar [[r.FastBlurThreshold:100]]
[2022.02.25-06.24.50:339][  0]LogConfig: Setting CVar [[r.Upscale.Quality:3]]
[2022.02.25-06.24.50:339][  0]LogConfig: Setting CVar [[r.Tonemapper.GrainQuantization:1]]
[2022.02.25-06.24.50:339][  0]LogConfig: Setting CVar [[r.LightShaftQuality:1]]
[2022.02.25-06.24.50:339][  0]LogConfig: Setting CVar [[r.Filter.SizeScale:1]]
[2022.02.25-06.24.50:339][  0]LogConfig: Setting CVar [[r.Tonemapper.Quality:5]]
[2022.02.25-06.24.50:339][  0]LogConfig: Setting CVar [[r.DOF.Gather.AccumulatorQuality:1        ; higher gathering accumulator quality]]
[2022.02.25-06.24.50:339][  0]LogConfig: Setting CVar [[r.DOF.Gather.PostfilterMethod:1          ; Median3x3 postfilering method]]
[2022.02.25-06.24.50:339][  0]LogConfig: Setting CVar [[r.DOF.Gather.EnableBokehSettings:0       ; no bokeh simulation when gathering]]
[2022.02.25-06.24.50:339][  0]LogConfig: Setting CVar [[r.DOF.Gather.RingCount:4                 ; medium number of samples when gathering]]
[2022.02.25-06.24.50:339][  0]LogConfig: Setting CVar [[r.DOF.Scatter.ForegroundCompositing:1    ; additive foreground scattering]]
[2022.02.25-06.24.50:339][  0]LogConfig: Setting CVar [[r.DOF.Scatter.BackgroundCompositing:2    ; additive background scattering]]
[2022.02.25-06.24.50:339][  0]LogConfig: Setting CVar [[r.DOF.Scatter.EnableBokehSettings:1      ; bokeh simulation when scattering]]
[2022.02.25-06.24.50:339][  0]LogConfig: Setting CVar [[r.DOF.Scatter.MaxSpriteRatio:0.1         ; only a maximum of 10% of scattered bokeh]]
[2022.02.25-06.24.50:339][  0]LogConfig: Setting CVar [[r.DOF.Recombine.Quality:1                ; cheap slight out of focus]]
[2022.02.25-06.24.50:339][  0]LogConfig: Setting CVar [[r.DOF.Recombine.EnableBokehSettings:0    ; no bokeh simulation on slight out of focus]]
[2022.02.25-06.24.50:339][  0]LogConfig: Setting CVar [[r.DOF.TemporalAAQuality:1                ; more stable temporal accumulation]]
[2022.02.25-06.24.50:339][  0]LogConfig: Setting CVar [[r.DOF.Kernel.MaxForegroundRadius:0.025]]
[2022.02.25-06.24.50:339][  0]LogConfig: Setting CVar [[r.DOF.Kernel.MaxBackgroundRadius:0.025]]
[2022.02.25-06.24.50:339][  0]LogConfig: Applying CVar settings from Section [TextureQuality@3] File [D:/Unreal Projects/PaperWind/PaperWind/Saved/Config/Windows/Scalability.ini]
[2022.02.25-06.24.50:339][  0]LogConfig: Setting CVar [[r.Streaming.MipBias:0]]
[2022.02.25-06.24.50:339][  0]LogConfig: Setting CVar [[r.Streaming.AmortizeCPUToGPUCopy:0]]
[2022.02.25-06.24.50:339][  0]LogConfig: Setting CVar [[r.Streaming.MaxNumTexturesToStreamPerFrame:0]]
[2022.02.25-06.24.50:339][  0]LogConfig: Setting CVar [[r.Streaming.Boost:1]]
[2022.02.25-06.24.50:339][  0]LogConfig: Setting CVar [[r.MaxAnisotropy:8]]
[2022.02.25-06.24.50:339][  0]LogConfig: Setting CVar [[r.VT.MaxAnisotropy:8]]
[2022.02.25-06.24.50:339][  0]LogConfig: Setting CVar [[r.Streaming.LimitPoolSizeToVRAM:0]]
[2022.02.25-06.24.50:339][  0]LogConfig: Setting CVar [[r.Streaming.PoolSize:1000]]
[2022.02.25-06.24.50:339][  0]LogConfig: Setting CVar [[r.Streaming.MaxEffectiveScreenSize:0]]
[2022.02.25-06.24.50:339][  0]LogConfig: Applying CVar settings from Section [EffectsQuality@3] File [D:/Unreal Projects/PaperWind/PaperWind/Saved/Config/Windows/Scalability.ini]
[2022.02.25-06.24.50:339][  0]LogConfig: Setting CVar [[r.TranslucencyLightingVolumeDim:64]]
[2022.02.25-06.24.50:339][  0]LogConfig: Setting CVar [[r.RefractionQuality:2]]
[2022.02.25-06.24.50:339][  0]LogConfig: Setting CVar [[r.SSR.Quality:3]]
[2022.02.25-06.24.50:339][  0]LogConfig: Setting CVar [[r.SSR.HalfResSceneColor:0]]
[2022.02.25-06.24.50:339][  0]LogConfig: Setting CVar [[r.SceneColorFormat:4]]
[2022.02.25-06.24.50:339][  0]LogConfig: Setting CVar [[r.DetailMode:2]]
[2022.02.25-06.24.50:339][  0]LogConfig: Setting CVar [[r.TranslucencyVolumeBlur:1]]
[2022.02.25-06.24.50:339][  0]LogConfig: Setting CVar [[r.MaterialQualityLevel:1 ; High quality]]
[2022.02.25-06.24.50:339][  0]LogConfig: Setting CVar [[r.AnisotropicMaterials:1]]
[2022.02.25-06.24.50:339][  0]LogConfig: Setting CVar [[r.SSS.Scale:1]]
[2022.02.25-06.24.50:339][  0]LogConfig: Setting CVar [[r.SSS.SampleSet:2]]
[2022.02.25-06.24.50:339][  0]LogConfig: Setting CVar [[r.SSS.Quality:1]]
[2022.02.25-06.24.50:339][  0]LogConfig: Setting CVar [[r.SSS.HalfRes:0]]
[2022.02.25-06.24.50:339][  0]LogConfig: Setting CVar [[r.SSGI.Quality:3]]
[2022.02.25-06.24.50:339][  0]LogConfig: Setting CVar [[r.EmitterSpawnRateScale:1.0]]
[2022.02.25-06.24.50:339][  0]LogConfig: Setting CVar [[r.ParticleLightQuality:2]]
[2022.02.25-06.24.50:339][  0]LogConfig: Setting CVar [[r.SkyAtmosphere.AerialPerspectiveLUT.FastApplyOnOpaque:1 ; Always have FastSkyLUT 1 in this case to avoid wrong sky]]
[2022.02.25-06.24.50:339][  0]LogConfig: Setting CVar [[r.SkyAtmosphere.AerialPerspectiveLUT.SampleCountMaxPerSlice:4]]
[2022.02.25-06.24.50:339][  0]LogConfig: Setting CVar [[r.SkyAtmosphere.AerialPerspectiveLUT.DepthResolution:16.0]]
[2022.02.25-06.24.50:339][  0]LogConfig: Setting CVar [[r.SkyAtmosphere.FastSkyLUT:1]]
[2022.02.25-06.24.50:339][  0]LogConfig: Setting CVar [[r.SkyAtmosphere.FastSkyLUT.SampleCountMin:4.0]]
[2022.02.25-06.24.50:339][  0]LogConfig: Setting CVar [[r.SkyAtmosphere.FastSkyLUT.SampleCountMax:128.0]]
[2022.02.25-06.24.50:339][  0]LogConfig: Setting CVar [[r.SkyAtmosphere.SampleCountMin:4.0]]
[2022.02.25-06.24.50:339][  0]LogConfig: Setting CVar [[r.SkyAtmosphere.SampleCountMax:128.0]]
[2022.02.25-06.24.50:339][  0]LogConfig: Setting CVar [[r.SkyAtmosphere.TransmittanceLUT.UseSmallFormat:0]]
[2022.02.25-06.24.50:339][  0]LogConfig: Setting CVar [[r.SkyAtmosphere.TransmittanceLUT.SampleCount:10.0]]
[2022.02.25-06.24.50:339][  0]LogConfig: Setting CVar [[r.SkyAtmosphere.MultiScatteringLUT.SampleCount:15.0]]
[2022.02.25-06.24.50:339][  0]LogConfig: Setting CVar [[r.SkyLight.RealTimeReflectionCapture:1]]
[2022.02.25-06.24.50:339][  0]LogConfig: Applying CVar settings from Section [FoliageQuality@3] File [D:/Unreal Projects/PaperWind/PaperWind/Saved/Config/Windows/Scalability.ini]
[2022.02.25-06.24.50:339][  0]LogConfig: Setting CVar [[foliage.DensityScale:1.0]]
[2022.02.25-06.24.50:339][  0]LogConfig: Setting CVar [[grass.DensityScale:1.0]]
[2022.02.25-06.24.50:339][  0]LogConfig: Applying CVar settings from Section [ShadingQuality@3] File [D:/Unreal Projects/PaperWind/PaperWind/Saved/Config/Windows/Scalability.ini]
[2022.02.25-06.24.50:339][  0]LogConfig: Setting CVar [[r.HairStrands.SkyLighting.IntegrationType:2]]
[2022.02.25-06.24.50:339][  0]LogConfig: Setting CVar [[r.HairStrands.SkyAO.SampleCount:4]]
[2022.02.25-06.24.50:339][  0]LogConfig: Setting CVar [[r.HairStrands.Visibility.MSAA.SamplePerPixel:4]]
[2022.02.25-06.24.50:339][  0]LogInit: Selected Device Profile: [Windows]
[2022.02.25-06.24.50:339][  0]LogInit: Applying CVar settings loaded from the selected device profile: [Windows]
[2022.02.25-06.24.50:339][  0]LogHAL: Display: Platform has ~ 16 GB [17128280064 / 17179869184 / 16], which maps to Larger [LargestMinGB=32, LargerMinGB=12, DefaultMinGB=8, SmallerMinGB=6, SmallestMinGB=0)
[2022.02.25-06.24.50:339][  0]LogInit: Going up to parent DeviceProfile []
[2022.02.25-06.24.50:339][  0]LogConfig: Applying CVar settings from Section [ViewDistanceQuality@3] File [D:/Unreal Projects/PaperWind/PaperWind/Saved/Config/Windows/Scalability.ini]
[2022.02.25-06.24.50:339][  0]LogConfig: Setting CVar [[r.SkeletalMeshLODBias:0]]
[2022.02.25-06.24.50:339][  0]LogConfig: Setting CVar [[r.ViewDistanceScale:1.0]]
[2022.02.25-06.24.50:339][  0]LogConfig: Applying CVar settings from Section [AntiAliasingQuality@3] File [D:/Unreal Projects/PaperWind/PaperWind/Saved/Config/Windows/Scalability.ini]
[2022.02.25-06.24.50:339][  0]LogConfig: Setting CVar [[r.PostProcessAAQuality:4]]
[2022.02.25-06.24.50:339][  0]LogConfig: Applying CVar settings from Section [ShadowQuality@3] File [D:/Unreal Projects/PaperWind/PaperWind/Saved/Config/Windows/Scalability.ini]
[2022.02.25-06.24.50:339][  0]LogConfig: Setting CVar [[r.LightFunctionQuality:1]]
[2022.02.25-06.24.50:339][  0]LogConfig: Setting CVar [[r.ShadowQuality:5]]
[2022.02.25-06.24.50:339][  0]LogConfig: Setting CVar [[r.Shadow.CSM.MaxCascades:10]]
[2022.02.25-06.24.50:339][  0]LogConfig: Setting CVar [[r.Shadow.MaxResolution:2048]]
[2022.02.25-06.24.50:339][  0]LogConfig: Setting CVar [[r.Shadow.MaxCSMResolution:2048]]
[2022.02.25-06.24.50:339][  0]LogConfig: Setting CVar [[r.Shadow.RadiusThreshold:0.01]]
[2022.02.25-06.24.50:340][  0]LogConfig: Setting CVar [[r.Shadow.DistanceScale:1.0]]
[2022.02.25-06.24.50:340][  0]LogConfig: Setting CVar [[r.Shadow.CSM.TransitionScale:1.0]]
[2022.02.25-06.24.50:340][  0]LogConfig: Setting CVar [[r.Shadow.PreShadowResolutionFactor:1.0]]
[2022.02.25-06.24.50:340][  0]LogConfig: Setting CVar [[r.DistanceFieldShadowing:1]]
[2022.02.25-06.24.50:340][  0]LogConfig: Setting CVar [[r.DistanceFieldAO:1]]
[2022.02.25-06.24.50:340][  0]LogConfig: Setting CVar [[r.AOQuality:2]]
[2022.02.25-06.24.50:340][  0]LogConfig: Setting CVar [[r.VolumetricFog:1]]
[2022.02.25-06.24.50:340][  0]LogConfig: Setting CVar [[r.VolumetricFog.GridPixelSize:8]]
[2022.02.25-06.24.50:340][  0]LogConfig: Setting CVar [[r.VolumetricFog.GridSizeZ:128]]
[2022.02.25-06.24.50:340][  0]LogConfig: Setting CVar [[r.VolumetricFog.HistoryMissSupersampleCount:4]]
[2022.02.25-06.24.50:340][  0]LogConfig: Setting CVar [[r.LightMaxDrawDistanceScale:1]]
[2022.02.25-06.24.50:340][  0]LogConfig: Setting CVar [[r.CapsuleShadows:1]]
[2022.02.25-06.24.50:340][  0]LogConfig: Applying CVar settings from Section [PostProcessQuality@3] File [D:/Unreal Projects/PaperWind/PaperWind/Saved/Config/Windows/Scalability.ini]
[2022.02.25-06.24.50:340][  0]LogConfig: Setting CVar [[r.MotionBlurQuality:4]]
[2022.02.25-06.24.50:340][  0]LogConfig: Setting CVar [[r.AmbientOcclusionMipLevelFactor:0.4]]
[2022.02.25-06.24.50:340][  0]LogConfig: Setting CVar [[r.AmbientOcclusionMaxQuality:100]]
[2022.02.25-06.24.50:340][  0]LogConfig: Setting CVar [[r.AmbientOcclusionLevels:-1]]
[2022.02.25-06.24.50:340][  0]LogConfig: Setting CVar [[r.AmbientOcclusionRadiusScale:1.0]]
[2022.02.25-06.24.50:340][  0]LogConfig: Setting CVar [[r.DepthOfFieldQuality:2]]
[2022.02.25-06.24.50:340][  0]LogConfig: Setting CVar [[r.RenderTargetPoolMin:400]]
[2022.02.25-06.24.50:340][  0]LogConfig: Setting CVar [[r.LensFlareQuality:2]]
[2022.02.25-06.24.50:340][  0]LogConfig: Setting CVar [[r.SceneColorFringeQuality:1]]
[2022.02.25-06.24.50:340][  0]LogConfig: Setting CVar [[r.EyeAdaptationQuality:2]]
[2022.02.25-06.24.50:340][  0]LogConfig: Setting CVar [[r.BloomQuality:5]]
[2022.02.25-06.24.50:340][  0]LogConfig: Setting CVar [[r.FastBlurThreshold:100]]
[2022.02.25-06.24.50:340][  0]LogConfig: Setting CVar [[r.Upscale.Quality:3]]
[2022.02.25-06.24.50:340][  0]LogConfig: Setting CVar [[r.Tonemapper.GrainQuantization:1]]
[2022.02.25-06.24.50:340][  0]LogConfig: Setting CVar [[r.LightShaftQuality:1]]
[2022.02.25-06.24.50:340][  0]LogConfig: Setting CVar [[r.Filter.SizeScale:1]]
[2022.02.25-06.24.50:340][  0]LogConfig: Setting CVar [[r.Tonemapper.Quality:5]]
[2022.02.25-06.24.50:340][  0]LogConfig: Setting CVar [[r.DOF.Gather.AccumulatorQuality:1        ; higher gathering accumulator quality]]
[2022.02.25-06.24.50:340][  0]LogConfig: Setting CVar [[r.DOF.Gather.PostfilterMethod:1          ; Median3x3 postfilering method]]
[2022.02.25-06.24.50:340][  0]LogConfig: Setting CVar [[r.DOF.Gather.EnableBokehSettings:0       ; no bokeh simulation when gathering]]
[2022.02.25-06.24.50:340][  0]LogConfig: Setting CVar [[r.DOF.Gather.RingCount:4                 ; medium number of samples when gathering]]
[2022.02.25-06.24.50:340][  0]LogConfig: Setting CVar [[r.DOF.Scatter.ForegroundCompositing:1    ; additive foreground scattering]]
[2022.02.25-06.24.50:340][  0]LogConfig: Setting CVar [[r.DOF.Scatter.BackgroundCompositing:2    ; additive background scattering]]
[2022.02.25-06.24.50:340][  0]LogConfig: Setting CVar [[r.DOF.Scatter.EnableBokehSettings:1      ; bokeh simulation when scattering]]
[2022.02.25-06.24.50:340][  0]LogConfig: Setting CVar [[r.DOF.Scatter.MaxSpriteRatio:0.1         ; only a maximum of 10% of scattered bokeh]]
[2022.02.25-06.24.50:340][  0]LogConfig: Setting CVar [[r.DOF.Recombine.Quality:1                ; cheap slight out of focus]]
[2022.02.25-06.24.50:340][  0]LogConfig: Setting CVar [[r.DOF.Recombine.EnableBokehSettings:0    ; no bokeh simulation on slight out of focus]]
[2022.02.25-06.24.50:340][  0]LogConfig: Setting CVar [[r.DOF.TemporalAAQuality:1                ; more stable temporal accumulation]]
[2022.02.25-06.24.50:340][  0]LogConfig: Setting CVar [[r.DOF.Kernel.MaxForegroundRadius:0.025]]
[2022.02.25-06.24.50:340][  0]LogConfig: Setting CVar [[r.DOF.Kernel.MaxBackgroundRadius:0.025]]
[2022.02.25-06.24.50:340][  0]LogConfig: Applying CVar settings from Section [TextureQuality@3] File [D:/Unreal Projects/PaperWind/PaperWind/Saved/Config/Windows/Scalability.ini]
[2022.02.25-06.24.50:340][  0]LogConfig: Setting CVar [[r.Streaming.MipBias:0]]
[2022.02.25-06.24.50:340][  0]LogConfig: Setting CVar [[r.Streaming.AmortizeCPUToGPUCopy:0]]
[2022.02.25-06.24.50:340][  0]LogConfig: Setting CVar [[r.Streaming.MaxNumTexturesToStreamPerFrame:0]]
[2022.02.25-06.24.50:340][  0]LogConfig: Setting CVar [[r.Streaming.Boost:1]]
[2022.02.25-06.24.50:340][  0]LogConfig: Setting CVar [[r.MaxAnisotropy:8]]
[2022.02.25-06.24.50:340][  0]LogConfig: Setting CVar [[r.VT.MaxAnisotropy:8]]
[2022.02.25-06.24.50:340][  0]LogConfig: Setting CVar [[r.Streaming.LimitPoolSizeToVRAM:0]]
[2022.02.25-06.24.50:340][  0]LogConfig: Setting CVar [[r.Streaming.PoolSize:1000]]
[2022.02.25-06.24.50:340][  0]LogConfig: Setting CVar [[r.Streaming.MaxEffectiveScreenSize:0]]
[2022.02.25-06.24.50:340][  0]LogConfig: Applying CVar settings from Section [EffectsQuality@3] File [D:/Unreal Projects/PaperWind/PaperWind/Saved/Config/Windows/Scalability.ini]
[2022.02.25-06.24.50:340][  0]LogConfig: Setting CVar [[r.TranslucencyLightingVolumeDim:64]]
[2022.02.25-06.24.50:340][  0]LogConfig: Setting CVar [[r.RefractionQuality:2]]
[2022.02.25-06.24.50:340][  0]LogConfig: Setting CVar [[r.SSR.Quality:3]]
[2022.02.25-06.24.50:340][  0]LogConfig: Setting CVar [[r.SSR.HalfResSceneColor:0]]
[2022.02.25-06.24.50:340][  0]LogConfig: Setting CVar [[r.SceneColorFormat:4]]
[2022.02.25-06.24.50:340][  0]LogConfig: Setting CVar [[r.DetailMode:2]]
[2022.02.25-06.24.50:340][  0]LogConfig: Setting CVar [[r.TranslucencyVolumeBlur:1]]
[2022.02.25-06.24.50:340][  0]LogConfig: Setting CVar [[r.MaterialQualityLevel:1 ; High quality]]
[2022.02.25-06.24.50:340][  0]LogConfig: Setting CVar [[r.AnisotropicMaterials:1]]
[2022.02.25-06.24.50:340][  0]LogConfig: Setting CVar [[r.SSS.Scale:1]]
[2022.02.25-06.24.50:340][  0]LogConfig: Setting CVar [[r.SSS.SampleSet:2]]
[2022.02.25-06.24.50:340][  0]LogConfig: Setting CVar [[r.SSS.Quality:1]]
[2022.02.25-06.24.50:340][  0]LogConfig: Setting CVar [[r.SSS.HalfRes:0]]
[2022.02.25-06.24.50:340][  0]LogConfig: Setting CVar [[r.SSGI.Quality:3]]
[2022.02.25-06.24.50:340][  0]LogConfig: Setting CVar [[r.EmitterSpawnRateScale:1.0]]
[2022.02.25-06.24.50:340][  0]LogConfig: Setting CVar [[r.ParticleLightQuality:2]]
[2022.02.25-06.24.50:340][  0]LogConfig: Setting CVar [[r.SkyAtmosphere.AerialPerspectiveLUT.FastApplyOnOpaque:1 ; Always have FastSkyLUT 1 in this case to avoid wrong sky]]
[2022.02.25-06.24.50:340][  0]LogConfig: Setting CVar [[r.SkyAtmosphere.AerialPerspectiveLUT.SampleCountMaxPerSlice:4]]
[2022.02.25-06.24.50:340][  0]LogConfig: Setting CVar [[r.SkyAtmosphere.AerialPerspectiveLUT.DepthResolution:16.0]]
[2022.02.25-06.24.50:340][  0]LogConfig: Setting CVar [[r.SkyAtmosphere.FastSkyLUT:1]]
[2022.02.25-06.24.50:340][  0]LogConfig: Setting CVar [[r.SkyAtmosphere.FastSkyLUT.SampleCountMin:4.0]]
[2022.02.25-06.24.50:340][  0]LogConfig: Setting CVar [[r.SkyAtmosphere.FastSkyLUT.SampleCountMax:128.0]]
[2022.02.25-06.24.50:340][  0]LogConfig: Setting CVar [[r.SkyAtmosphere.SampleCountMin:4.0]]
[2022.02.25-06.24.50:340][  0]LogConfig: Setting CVar [[r.SkyAtmosphere.SampleCountMax:128.0]]
[2022.02.25-06.24.50:340][  0]LogConfig: Setting CVar [[r.SkyAtmosphere.TransmittanceLUT.UseSmallFormat:0]]
[2022.02.25-06.24.50:340][  0]LogConfig: Setting CVar [[r.SkyAtmosphere.TransmittanceLUT.SampleCount:10.0]]
[2022.02.25-06.24.50:340][  0]LogConfig: Setting CVar [[r.SkyAtmosphere.MultiScatteringLUT.SampleCount:15.0]]
[2022.02.25-06.24.50:340][  0]LogConfig: Setting CVar [[r.SkyLight.RealTimeReflectionCapture:1]]
[2022.02.25-06.24.50:340][  0]LogConfig: Applying CVar settings from Section [FoliageQuality@3] File [D:/Unreal Projects/PaperWind/PaperWind/Saved/Config/Windows/Scalability.ini]
[2022.02.25-06.24.50:340][  0]LogConfig: Setting CVar [[foliage.DensityScale:1.0]]
[2022.02.25-06.24.50:340][  0]LogConfig: Setting CVar [[grass.DensityScale:1.0]]
[2022.02.25-06.24.50:340][  0]LogConfig: Applying CVar settings from Section [ShadingQuality@3] File [D:/Unreal Projects/PaperWind/PaperWind/Saved/Config/Windows/Scalability.ini]
[2022.02.25-06.24.50:340][  0]LogConfig: Setting CVar [[r.HairStrands.SkyLighting.IntegrationType:2]]
[2022.02.25-06.24.50:340][  0]LogConfig: Setting CVar [[r.HairStrands.SkyAO.SampleCount:4]]
[2022.02.25-06.24.50:340][  0]LogConfig: Setting CVar [[r.HairStrands.Visibility.MSAA.SamplePerPixel:4]]
[2022.02.25-06.24.50:340][  0]LogConfig: Applying CVar settings from Section [Startup] File [../../../Engine/Config/ConsoleVariables.ini]
[2022.02.25-06.24.50:341][  0]LogConfig: Setting CVar [[net.UseAdaptiveNetUpdateFrequency:0]]
[2022.02.25-06.24.50:341][  0]LogConfig: Setting CVar [[p.chaos.AllowCreatePhysxBodies:1]]
[2022.02.25-06.24.50:341][  0]LogConfig: Setting CVar [[fx.SkipVectorVMBackendOptimizations:1]]
[2022.02.25-06.24.50:341][  0]LogConfig: Applying CVar settings from Section [ConsoleVariables] File [D:/Unreal Projects/PaperWind/PaperWind/Saved/Config/Windows/Engine.ini]
[2022.02.25-06.24.50:341][  0]LogConfig: Applying CVar settings from Section [ConsoleVariables] File [D:/Unreal Projects/PaperWind/PaperWind/Saved/Config/Windows/Editor.ini]
[2022.02.25-06.24.50:341][  0]LogInit: Computer: FLIPPYS-CUSTOM-
[2022.02.25-06.24.50:341][  0]LogInit: User: LachlanPhillips
[2022.02.25-06.24.50:341][  0]LogInit: CPU Page size=4096, Cores=8
[2022.02.25-06.24.50:341][  0]LogInit: High frequency timer resolution =10.000000 MHz
[2022.02.25-06.24.50:341][  0]LogMemory: Memory total: Physical=16.0GB (16GB approx)
[2022.02.25-06.24.50:341][  0]LogMemory: Platform Memory Stats for Windows
[2022.02.25-06.24.50:341][  0]LogMemory: Process Physical Memory: 152.17 MB used, 152.17 MB peak
[2022.02.25-06.24.50:341][  0]LogMemory: Process Virtual Memory: 131.27 MB used, 131.27 MB peak
[2022.02.25-06.24.50:341][  0]LogMemory: Physical Memory: 8590.82 MB used,  7743.98 MB free, 16334.80 MB total
[2022.02.25-06.24.50:341][  0]LogMemory: Virtual Memory: 134210016.00 MB used,  7712.91 MB free, 134217728.00 MB total
[2022.02.25-06.24.50:345][  0]LogWindows: WindowsPlatformFeatures enabled
[2022.02.25-06.24.50:383][  0]LogInit: Physics initialised using underlying interface: PhysX
[2022.02.25-06.24.50:384][  0]LogInit: Using OS detected language (en-US).
[2022.02.25-06.24.50:384][  0]LogInit: Using OS detected locale (en-AU).
[2022.02.25-06.24.50:386][  0]LogTextLocalizationManager: No specific localization for 'en-US' exists, so the 'en' localization will be used.
[2022.02.25-06.24.50:546][  0]LogInit: Setting process to per monitor DPI aware
[2022.02.25-06.24.50:557][  0]LogWindowsTextInputMethodSystem: Display: IME system deactivated.
[2022.02.25-06.24.50:571][  0]LogSlate: New Slate User Created.  User Index 0, Is Virtual User: 0
[2022.02.25-06.24.50:571][  0]LogSlate: Slate User Registered.  User Index 0, Is Virtual User: 0
[2022.02.25-06.24.50:738][  0]LogD3D11RHI: Loaded GFSDK_Aftermath_Lib.x64.dll
[2022.02.25-06.24.50:740][  0]LogHMD: Failed to initialize OpenVR with code 110
[2022.02.25-06.24.50:740][  0]LogD3D11RHI: D3D11 min allowed feature level: 11_0
[2022.02.25-06.24.50:740][  0]LogD3D11RHI: D3D11 max allowed feature level: 11_0
[2022.02.25-06.24.50:740][  0]LogD3D11RHI: D3D11 adapters:
[2022.02.25-06.24.50:831][  0]LogD3D11RHI:    0. 'NVIDIA GeForce GTX 1080' (Feature Level 11_0)
[2022.02.25-06.24.50:831][  0]LogD3D11RHI:       8079/0/8167 MB DedicatedVideo/DedicatedSystem/SharedSystem, Outputs:2, VendorId:0x10de
[2022.02.25-06.24.50:833][  0]LogD3D11RHI:    1. 'Microsoft Basic Render Driver' (Feature Level 11_0)
[2022.02.25-06.24.50:833][  0]LogD3D11RHI:       0/0/8167 MB DedicatedVideo/DedicatedSystem/SharedSystem, Outputs:0, VendorId:0x1414
[2022.02.25-06.24.50:833][  0]LogD3D11RHI: Chosen D3D11 Adapter:
[2022.02.25-06.24.50:833][  0]LogD3D11RHI:     Description : NVIDIA GeForce GTX 1080
[2022.02.25-06.24.50:833][  0]LogD3D11RHI:     VendorId    : 10de
[2022.02.25-06.24.50:833][  0]LogD3D11RHI:     DeviceId    : 1b80
[2022.02.25-06.24.50:833][  0]LogD3D11RHI:     SubSysId    : 37301458
[2022.02.25-06.24.50:833][  0]LogD3D11RHI:     Revision    : 00a1
[2022.02.25-06.24.50:833][  0]LogD3D11RHI:     DedicatedVideoMemory : 8471445504 bytes
[2022.02.25-06.24.50:833][  0]LogD3D11RHI:     DedicatedSystemMemory : 0 bytes
[2022.02.25-06.24.50:833][  0]LogD3D11RHI:     SharedSystemMemory : 8564140032 bytes
[2022.02.25-06.24.50:833][  0]LogD3D11RHI:     AdapterLuid : 0 50745
[2022.02.25-06.24.50:841][  0]LogD3D11RHI: Creating new Direct3DDevice
[2022.02.25-06.24.50:841][  0]LogD3D11RHI:     GPU DeviceId: 0x1b80 (for the marketing name, search the web for "GPU Device Id")
[2022.02.25-06.24.50:841][  0]LogWindows: EnumDisplayDevices:
[2022.02.25-06.24.50:841][  0]LogWindows:    0. 'NVIDIA GeForce GTX 1080' (P:1 D:1)
[2022.02.25-06.24.50:841][  0]LogWindows:    1. 'NVIDIA GeForce GTX 1080' (P:0 D:1)
[2022.02.25-06.24.50:841][  0]LogWindows:    2. 'NVIDIA GeForce GTX 1080' (P:0 D:0)
[2022.02.25-06.24.50:841][  0]LogWindows:    3. 'NVIDIA GeForce GTX 1080' (P:0 D:0)
[2022.02.25-06.24.50:841][  0]LogWindows: DebugString: FoundDriverCount:4 
[2022.02.25-06.24.50:842][  0]LogD3D11RHI:     Adapter Name: NVIDIA GeForce GTX 1080
[2022.02.25-06.24.50:842][  0]LogD3D11RHI:   Driver Version: 471.96 (internal:30.0.14.7196, unified:471.96)
[2022.02.25-06.24.50:842][  0]LogD3D11RHI:      Driver Date: 8-27-2021
[2022.02.25-06.24.50:842][  0]LogRHI: Texture pool is 5655 MB (70% of 8079 MB)
[2022.02.25-06.24.50:842][  0]LogD3D11RHI: Creating D3DDevice using adapter:
[2022.02.25-06.24.50:842][  0]LogD3D11RHI:     Description : NVIDIA GeForce GTX 1080
[2022.02.25-06.24.50:842][  0]LogD3D11RHI:     VendorId    : 10de
[2022.02.25-06.24.50:842][  0]LogD3D11RHI:     DeviceId    : 1b80
[2022.02.25-06.24.50:842][  0]LogD3D11RHI:     SubSysId    : 37301458
[2022.02.25-06.24.50:842][  0]LogD3D11RHI:     Revision    : 00a1
[2022.02.25-06.24.50:842][  0]LogD3D11RHI:     DedicatedVideoMemory : 8471445504 bytes
[2022.02.25-06.24.50:842][  0]LogD3D11RHI:     DedicatedSystemMemory : 0 bytes
[2022.02.25-06.24.50:842][  0]LogD3D11RHI:     SharedSystemMemory : 8564140032 bytes
[2022.02.25-06.24.50:842][  0]LogD3D11RHI:     AdapterLuid : 0 50745
[2022.02.25-06.24.50:907][  0]LogD3D11RHI: RHI has support for 64 bit atomics
[2022.02.25-06.24.50:907][  0]LogD3D11RHI: Async texture creation enabled
[2022.02.25-06.24.50:907][  0]LogD3D11RHI: Array index from any shader is supported
[2022.02.25-06.24.50:909][  0]LogD3D11RHI: HDR output is supported on display 0 (NvId: 0x80061087).
[2022.02.25-06.24.50:929][  0]LogD3D11RHI: GPU Timing Frequency: 1000.000000 (Debug: 2 1)
[2022.02.25-06.24.50:952][  0]LogRHI: GeForceNow SDK initialized: 1
[2022.02.25-06.24.51:192][  0]LogTargetPlatformManager: Display: Loaded TargetPlatform 'AllDesktop'
[2022.02.25-06.24.51:212][  0]LogTargetPlatformManager: Display: Loaded TargetPlatform 'Android'
[2022.02.25-06.24.51:212][  0]LogTargetPlatformManager: Display: Loaded TargetPlatform 'Android_ASTC'
[2022.02.25-06.24.51:212][  0]LogTargetPlatformManager: Display: Loaded TargetPlatform 'Android_DXT'
[2022.02.25-06.24.51:212][  0]LogTargetPlatformManager: Display: Loaded TargetPlatform 'Android_ETC2'
[2022.02.25-06.24.51:212][  0]LogTargetPlatformManager: Display: Loaded TargetPlatform 'AndroidClient'
[2022.02.25-06.24.51:212][  0]LogTargetPlatformManager: Display: Loaded TargetPlatform 'Android_ASTCClient'
[2022.02.25-06.24.51:212][  0]LogTargetPlatformManager: Display: Loaded TargetPlatform 'Android_DXTClient'
[2022.02.25-06.24.51:212][  0]LogTargetPlatformManager: Display: Loaded TargetPlatform 'Android_ETC2Client'
[2022.02.25-06.24.51:212][  0]LogTargetPlatformManager: Display: Loaded TargetPlatform 'Android_Multi'
[2022.02.25-06.24.51:212][  0]LogTargetPlatformManager: Display: Loaded TargetPlatform 'Android_MultiClient'
[2022.02.25-06.24.51:228][  0]LogTargetPlatformManager: Display: Loaded TargetPlatform 'IOSClient'
[2022.02.25-06.24.51:228][  0]LogTargetPlatformManager: Display: Loaded TargetPlatform 'IOS'
[2022.02.25-06.24.51:236][  0]LogTargetPlatformManager: Display: Loaded TargetPlatform 'Linux'
[2022.02.25-06.24.51:240][  0]LogTargetPlatformManager: Display: Loaded TargetPlatform 'LinuxNoEditor'
[2022.02.25-06.24.51:244][  0]LogTargetPlatformManager: Display: Loaded TargetPlatform 'LinuxClient'
[2022.02.25-06.24.51:248][  0]LogTargetPlatformManager: Display: Loaded TargetPlatform 'LinuxServer'
[2022.02.25-06.24.51:255][  0]LogTargetPlatformManager: Display: Loaded TargetPlatform 'LinuxAArch64NoEditor'
[2022.02.25-06.24.51:259][  0]LogTargetPlatformManager: Display: Loaded TargetPlatform 'LinuxAArch64Client'
[2022.02.25-06.24.51:263][  0]LogTargetPlatformManager: Display: Loaded TargetPlatform 'LinuxAArch64Server'
[2022.02.25-06.24.51:281][  0]LogTargetPlatformManager: Display: Loaded TargetPlatform 'Lumin'
[2022.02.25-06.24.51:281][  0]LogTargetPlatformManager: Display: Loaded TargetPlatform 'LuminClient'
[2022.02.25-06.24.51:288][  0]LogTargetPlatformManager: Display: Loaded TargetPlatform 'MacNoEditor'
[2022.02.25-06.24.51:292][  0]LogTargetPlatformManager: Display: Loaded TargetPlatform 'Mac'
[2022.02.25-06.24.51:297][  0]LogTargetPlatformManager: Display: Loaded TargetPlatform 'MacClient'
[2022.02.25-06.24.51:301][  0]LogTargetPlatformManager: Display: Loaded TargetPlatform 'MacServer'
[2022.02.25-06.24.51:312][  0]LogTargetPlatformManager: Display: Loaded TargetPlatform 'TVOSClient'
[2022.02.25-06.24.51:312][  0]LogTargetPlatformManager: Display: Loaded TargetPlatform 'TVOS'
[2022.02.25-06.24.51:320][  0]LogTargetPlatformManager: Display: Loaded TargetPlatform 'WindowsNoEditor'
[2022.02.25-06.24.51:324][  0]LogTargetPlatformManager: Display: Loaded TargetPlatform 'Windows'
[2022.02.25-06.24.51:329][  0]LogTargetPlatformManager: Display: Loaded TargetPlatform 'WindowsClient'
[2022.02.25-06.24.51:333][  0]LogTargetPlatformManager: Display: Loaded TargetPlatform 'WindowsServer'
[2022.02.25-06.24.51:333][  0]LogTargetPlatformManager: Display: Building Assets For Windows
[2022.02.25-06.24.51:340][  0]LogAudioDebug: Display: Lib vorbis DLL was dynamically loaded.
[2022.02.25-06.24.51:365][  0]LogTextureFormatOodle: Display: Oodle Texture 2.9.0 init RDO Off
[2022.02.25-06.24.51:392][  0]LogRendererCore: Ray tracing is disabled. Reason: r.RayTracing=0.
[2022.02.25-06.24.51:393][  0]LogShaderCompilers: Guid format shader working directory is 6 characters bigger than the processId version (../../../../../Unreal Projects/PaperWind/PaperWind/Intermediate/Shaders/WorkingDirectory/29472/).
[2022.02.25-06.24.51:393][  0]LogShaderCompilers: Cleaned the shader compiler working directory 'C:/Users/Lachlan Phillips/AppData/Local/Temp/UnrealShaderWorkingDir/F87CDE374F96586BA434FAA612C7FB08/'.
[2022.02.25-06.24.51:393][  0]LogXGEController: Cannot use XGE Controller as Incredibuild is not installed on this machine.
[2022.02.25-06.24.51:393][  0]LogShaderCompilers: Cannot use XGE Shader Compiler as Incredibuild is not installed on this machine.
[2022.02.25-06.24.51:393][  0]LogShaderCompilers: Display: Using Local Shader Compiler.
[2022.02.25-06.24.52:066][  0]LogDerivedDataCache: Display: Max Cache Size: 512 MB
[2022.02.25-06.24.52:115][  0]LogDerivedDataCache: Loaded boot cache 0.05s 94MB C:/Users/Lachlan Phillips/AppData/Local/UnrealEngine/4.27/DerivedDataCache/Boot.ddc.
[2022.02.25-06.24.52:115][  0]LogDerivedDataCache: Display: Loaded Boot cache: C:/Users/Lachlan Phillips/AppData/Local/UnrealEngine/4.27/DerivedDataCache/Boot.ddc
[2022.02.25-06.24.52:115][  0]LogDerivedDataCache: FDerivedDataBackendGraph:  Pak pak cache file ../../../../../Unreal Projects/PaperWind/PaperWind/DerivedDataCache/DDC.ddp not found, will not use a pak cache.
[2022.02.25-06.24.52:115][  0]LogDerivedDataCache: Unable to find inner node Pak for hierarchical cache Hierarchy.
[2022.02.25-06.24.52:115][  0]LogDerivedDataCache: FDerivedDataBackendGraph:  CompressedPak pak cache file ../../../../../Unreal Projects/PaperWind/PaperWind/DerivedDataCache/Compressed.ddp not found, will not use a pak cache.
[2022.02.25-06.24.52:115][  0]LogDerivedDataCache: Unable to find inner node CompressedPak for hierarchical cache Hierarchy.
[2022.02.25-06.24.52:131][  0]LogDerivedDataCache: Display: Pak cache opened for reading ../../../Engine/DerivedDataCache/Compressed.ddp.
[2022.02.25-06.24.52:131][  0]LogDerivedDataCache: FDerivedDataBackendGraph:  EnterprisePak pak cache file ../../../Enterprise/DerivedDataCache/Compressed.ddp not found, will not use a pak cache.
[2022.02.25-06.24.52:131][  0]LogDerivedDataCache: Unable to find inner node EnterprisePak for hierarchical cache Hierarchy.
[2022.02.25-06.24.52:136][  0]LogDerivedDataCache: Speed tests for C:/Users/Lachlan Phillips/AppData/Local/UnrealEngine/Common/DerivedDataCache took 0.01 seconds
[2022.02.25-06.24.52:136][  0]LogDerivedDataCache: Display: Performance to C:/Users/Lachlan Phillips/AppData/Local/UnrealEngine/Common/DerivedDataCache: Latency=0.03ms. RandomReadSpeed=1593.57MBs, RandomWriteSpeed=200.25MBs. Assigned SpeedClass 'Local'
[2022.02.25-06.24.52:137][  0]LogDerivedDataCache: Using Local data cache path C:/Users/Lachlan Phillips/AppData/Local/UnrealEngine/Common/DerivedDataCache: Writable
[2022.02.25-06.24.52:137][  0]LogDerivedDataCache: Shared data cache path not found in *engine.ini, will not use an Shared cache.
[2022.02.25-06.24.52:137][  0]LogDerivedDataCache: Unable to find inner node Shared for hierarchical cache Hierarchy.
[2022.02.25-06.24.52:179][  0]LogSlate: Using FreeType 2.10.0
[2022.02.25-06.24.52:180][  0]LogSlate: SlateFontServices - WITH_FREETYPE: 1, WITH_HARFBUZZ: 1
[2022.02.25-06.24.52:201][  0]LogAssetRegistry: FAssetRegistry took 0.0023 seconds to start up
[2022.02.25-06.24.52:403][  0]LogInit: Selected Device Profile: [Windows]
[2022.02.25-06.24.52:403][  0]LogInit: Active device profile: [000001AF5CAD5400][000001AF590D9900 49] Windows
[2022.02.25-06.24.52:403][  0]LogInit: Profiles: [000001AF5CAD5400][000001AF590D9900 49] Windows, [000001AF5C922600][000001AF590E9A80 49] WindowsNoEditor, [000001AF5CAD7800][000001AF590F1C00 49] WindowsServer, [000001AF5C8F3F00][000001AF5DC64200 49] WindowsClient, [000001AF5C923800][000001AF528B0380 49] IOS, [000001AF5C8F3100][000001AF528B4500 49] iPadAir, [000001AF5C922B00][000001AF590DC640 49] iPadAir2, [000001AF5D71C700][000001AF528E8880 49] IPadPro, [000001AF5D71C800][000001AF5C75A8C0 49] iPadAir3, [000001AF5C8F1D00][000001AF528ECA40 49] iPadAir4, [000001AF5D71D600][000001AF5DCAABC0 49] iPadMini2, [000001AF5C8F0700][000001AF5DCAED40 49] iPadMini3, [000001AF5D71E200][000001AF5DCB2EC0 49] iPadMini4, [000001AF5C8F2900][000001AF5DCB7040 49] iPadMini5, [000001AF5D6FFF00][000001AF590B3300 49] iPhone6, [000001AF5D6FFE00][000001AF5DCBB340 49] iPodTouch6, [000001AF5CAD6600][000001AF52C5B600 49] iPhone7, [000001AF5CAD6700][000001AF52C57640 49] iPodTouch7, [000001AF5D6FC600][000001AF52C5F7C0 49] iPhone5S, [000001AF5D71EC00][000001AF590C7940 49] iPhone6Plus, [000001AF5D6FCD00][000001AF590CBAC0 49] iPhone6S, [000001AF5D71D900][000001AF52C620C0 49] iPhone6SPlus, [000001AF5D6FE400][000001AF52C66240 49] iPhone7Plus, [000001AF5D71ED00][000001AF4EB983C0 49] iPhoneSE, [000001AF5D6FCE00][000001AF4EB9C540 49] iPhone8, [000001AF5D71CB00][000001AF4EBA46C0 49] iPhone8Plus, [000001AF5CAD6500][000001AF5C752800 49] iPhoneX, [000001AF5D71E800][000001AF4EBA8940 49] iPhoneXS, [000001AF5CAD4900][000001AF4EBACA80 49] iPhoneXSMax, [000001AF5D71C600][000001AF4EBB0BC0 49] iPhoneXR, [000001AF5CAD5700][000001AF5DAE4D40 49] iPhone11, [000001AF5D71D000][000001AF5DAE8EC0 49] iPhone11Pro, [000001AF5CAD5800][000001AF5DAED040 49] iPhone11ProMax, [000001AF5D71EF00][000001AF5DE611C0 49] iPhoneSE2, [000001AF5CAD4300][000001AF5DE8D340 49] iPhone12Mini, [000001AF5D71F400][000001AF5DECD4C0 49] iPhone12, [000001AF5CAD5300][000001AF5E061640 49] iPhone12Pro, [000001AF5D71E600][000001AF52BC77C0 49] iPhone12ProMax, [000001AF5CAD4200][000001AF52BCB940 49] iPadPro105, [000001AF5D71D200][000001AF52BCFAC0 49] iPadPro129, [000001AF5CAD6F00][000001AF52BD20C0 49] iPadPro97, [000001AF5D71F100][000001AF52BD6240 49] iPadPro2_129, [000001AF5CAD6B00][000001AF52BDA3C0 49] iPad5, [000001AF5D71C900][000001AF52BDE540 49] iPad6, [000001AF5CAD4D00][000001AF52BE26C0 49] iPad7, [000001AF5D71C300][000001AF52BE6840 49] iPad8, [000001AF5CAD6900][000001AF4EBB4980 49] iPadPro11, [000001AF5D71E700][000001AF52BEAAC0 49] iPadPro2_11, [000001AF5CAD5900][000001AF52BEEC00 49] iPadPro3_129, [000001AF5D71FF00][000001AF52C06D40 49] iPadPro4_129, [000001AF5CAD7400][000001AF52C16EC0 49] AppleTV, [000001AF5D71F500][000001AF52C1B040 49] AppleTV4K, [000001AF5CAD6300][000001AF52C1F1C0 49] TVOS, [000001AF5D71F300][000001AF52C23340 49] Mac, [000001AF5CAD4B00][000001AF5C7574C0 49] MacClient, [000001AF5D71E300][000001AF52C27640 49] MacNoEditor, [000001AF5CAD5F00][000001AF590817C0 49] MacServer, [000001AF5D71EA00][000001AF59085940 49] Linux, [000001AF5CAD5200][000001AF59089AC0 49] LinuxAArch64, [000001AF5D71F700][000001AF5908C0C0 49] LinuxNoEditor, [000001AF5CAD6100][000001AF59090240 49] LinuxAArch64NoEditor, [000001AF5D71F600][000001AF5909C3C0 49] LinuxClient, [000001AF5CAD4500][000001AF590A0540 49] LinuxAArch64Client, [000001AF5D71DB00][000001AF590A46C0 49] LinuxServer, [000001AF5CAD4700][000001AF590A8840 49] LinuxAArch64Server, [000001AF5D71CE00][000001AF590AC9C0 49] Android, [000001AF5CAD6C00][000001AF5E1EEB40 49] Android_Low, [000001AF5D71FC00][000001AF52C12C80 49] Android_Mid, [000001AF5C8F0600][000001AF5E1F2DC0 49] Android_High, [000001AF5D6FF800][000001AF5E1F6F00 49] Android_Default, [000001AF5C8F2400][000001AF5E1FF080 49] Android_Adreno4xx, [000001AF5D6FF500][000001AF5E203200 49] Android_Adreno5xx_Low, [000001AF5C8F0100][000001AF5E207380 49] Android_Adreno5xx, [000001AF5D6FF900][000001AF5E20B500 49] Android_Adreno6xx, [000001AF5C8F2800][000001AF5E20F680 49] Android_Adreno6xx_Vulkan, [000001AF5D6FFA00][000001AF5E213800 49] Android_Mali_T6xx, [000001AF5C8F2C00][000001AF5E217980 49] Android_Mali_T7xx, [000001AF5D6FDD00][000001AF5E21BB00 49] Android_Mali_T8xx, [000001AF5C8F1100][000001AF5E21E100 49] Android_Mali_G71, [000001AF5D6FF000][000001AF5E222280 49] Android_Mali_G72, [000001AF5C8F1A00][000001AF5D9C4400 49] Android_Mali_G72_Vulkan, [000001AF5D6FED00][000001AF4EBA0580 49] Android_Mali_G76, [000001AF5C8F0D00][000001AF5E226700 49] Android_Mali_G76_Vulkan, [000001AF5D6FD500][000001AF5E22A880 49] Android_Mali_G77, [000001AF5C8F1C00][000001AF5E22EA00 49] Android_Mali_G77_Vulkan, [000001AF5D6FD200][000001AF5DC6CB80 49] Android_Mali_G78, [000001AF5C8F2D00][000001AF5C75ED00 49] Android_Mali_G78_Vulkan, [000001AF5D6FFC00][000001AF5E1FAE40 49] Android_Mali_G710, [000001AF5C8F0500][000001AF5C762F80 49] Android_Mali_G710_Vulkan, [000001AF5D6FE500][000001AF5C7670C0 49] Android_Vulkan_SM5, [000001AF5C8F3200][000001AF5C76F240 49] Android_PowerVR_G6xxx, [000001AF5D6FFB00][000001AF5C7733C0 49] Android_PowerVR_GT7xxx, [000001AF5C8F3600][000001AF5C777540 49] Android_PowerVR_GE8xxx, [000001AF5D6FE300][000001AF5C77B6C0 49] Android_PowerVR_GM9xxx, [000001AF5C8F1F00][000001AF5C77F840 49] Android_PowerVR_GM9xxx_Vulkan, [000001AF5D71C200][000001AF5C7839C0 49] Android_TegraK1, [000001AF5C8F0800][000001AF5E233B40 49] Android_Unknown_Vulkan, [000001AF5D71CC00][000001AF5E236140 49] Lumin, [000001AF5C8F2B00][000001AF5E23A2C0 49] Lumin_Desktop, [000001AF5D71DE00][000001AF5E23E440 49] HoloLens, 
[2022.02.25-06.24.52:510][  0]LogMeshReduction: Using QuadricMeshReduction for automatic static mesh reduction
[2022.02.25-06.24.52:510][  0]LogMeshReduction: Using SimplygonMeshReduction for automatic skeletal mesh reduction
[2022.02.25-06.24.52:510][  0]LogMeshReduction: Using ProxyLODMeshReduction for automatic mesh merging
[2022.02.25-06.24.52:510][  0]LogMeshReduction: No distributed automatic mesh merging module available
[2022.02.25-06.24.52:510][  0]LogMeshMerging: No distributed automatic mesh merging module available
[2022.02.25-06.24.52:526][  0]LogNetVersion: PaperWind 1.0.0, NetCL: 17155196, EngineNetVer: 17, GameNetVer: 0 (Checksum: 772209527)
[2022.02.25-06.24.52:849][  0]LogTexture: Default maximum texture size for cubemaps generated from long-lat sources has been changed from 512 to unlimited. In order to preserve old behaiour for '/Engine/MapTemplates/Sky/DaylightAmbientCubemap.DaylightAmbientCubemap', its maximum texture size has been explicitly set to 512.
[2022.02.25-06.24.52:897][  0]LogHMD: PokeAHoleMaterial loaded successfully
[2022.02.25-06.24.52:902][  0]LogUObjectArray: 17178 objects as part of root set at end of initial load.
[2022.02.25-06.24.52:902][  0]LogUObjectAllocator: 4302048 out of 0 bytes used by permanent object pool.
[2022.02.25-06.24.52:902][  0]LogUObjectArray: CloseDisregardForGC: 0/0 objects in disregard for GC pool
[2022.02.25-06.24.53:117][  0]LogPython: Using Python 3.7.7
[2022.02.25-06.24.53:565][  0]LogNiagaraDebuggerClient: Niagara Debugger Client Initialized | Session: EB65EDCE4B9615C61665B6BD49835938 | Instance: 8EC987CD4F058CDBFD6F70ADF42F2994 (FLIPPYS-CUSTOM--29472).
[2022.02.25-06.24.53:700][  0]LogTcpMessaging: Initializing TcpMessaging bridge
[2022.02.25-06.24.53:704][  0]LogUdpMessaging: Initializing bridge on interface 0.0.0.0:0 to multicast group 230.0.0.1:6666.
[2022.02.25-06.24.53:786][  0]LogLinker: Warning: Failed to load '/Game/TwinStickBP/TwinStickOverview': Can't find file.
[2022.02.25-06.24.53:786][  0]LogLinker: Warning: Failed to load '/Game/TwinStickBP/TwinStickOverview': Can't find file.
[2022.02.25-06.24.53:786][  0]LogUObjectGlobals: Warning: Failed to find object 'Class /Game/TwinStickBP/TwinStickOverview.TwinStickOverview_C'
[2022.02.25-06.24.54:009][  0]LogOpenImageDenoise: OIDN starting up
[2022.02.25-06.24.54:050][  0]LogAndroidPermission: UAndroidPermissionCallbackProxy::GetInstance
[2022.02.25-06.24.54:070][  0]LogAudioCaptureCore: Display: No Audio Capture implementations found. Audio input will be silent.
[2022.02.25-06.24.54:070][  0]LogAudioCaptureCore: Display: No Audio Capture implementations found. Audio input will be silent.
[2022.02.25-06.24.54:187][  0]SourceControl: Source control is disabled
[2022.02.25-06.24.54:187][  0]SourceControl: Source control is disabled
[2022.02.25-06.24.54:190][  0]SourceControl: Source control is disabled
[2022.02.25-06.24.54:193][  0]SourceControl: Source control is disabled
[2022.02.25-06.24.54:199][  0]SourceControl: Source control is disabled
[2022.02.25-06.24.54:205][  0]LogUProjectInfo: Found projects:
[2022.02.25-06.24.54:217][  0]LogCollectionManager: Loaded 0 collections in 0.000693 seconds
[2022.02.25-06.24.54:257][  0]LogFileCache: Scanning file cache for directory 'D:/Unreal Projects/PaperWind/PaperWind/Saved/Collections/' took 0.00s
[2022.02.25-06.24.54:257][  0]LogFileCache: Scanning file cache for directory 'D:/Unreal Projects/PaperWind/PaperWind/Content/Developers/LachlanPhillips/Collections/' took 0.00s
[2022.02.25-06.24.54:257][  0]LogFileCache: Scanning file cache for directory 'D:/Unreal Projects/PaperWind/PaperWind/Content/Collections/' took 0.00s
[2022.02.25-06.24.54:257][  0]LogOcInput: OculusInput pre-init called
[2022.02.25-06.24.54:448][  0]LogEngine: Initializing Engine...
[2022.02.25-06.24.54:450][  0]LogHMD: Failed to enumerate extensions. Please check that you have a valid OpenXR runtime installed.
[2022.02.25-06.24.54:450][  0]LogHMD: Failed to initialize OpenVR with code 110
[2022.02.25-06.24.54:450][  0]LogMagicLeap: Warning: VR disabled because ZI is not enabled.  To enable, in the editor, Edit -> Project Settings -> Plugins -> Magic Leap Plugin -> Enable Zero Iteration
[2022.02.25-06.24.54:451][  0]LogStats: UGameplayTagsManager::InitializeManager -  0.000 s
[2022.02.25-06.24.54:560][  0]LogInit: Initializing FReadOnlyCVARCache
[2022.02.25-06.24.54:568][  0]LogAIModule: Creating AISystem for world Untitled
[2022.02.25-06.24.54:569][  0]LogAudio: Display: Initializing Audio Device Manager...
[2022.02.25-06.24.54:572][  0]LogAudio: Display: Loading Default Audio Settings Objects...
[2022.02.25-06.24.54:573][  0]LogAudio: Display: No default SoundConcurrencyObject specified (or failed to load).
[2022.02.25-06.24.54:573][  0]LogAudio: Display: Audio Device Manager Initialized
[2022.02.25-06.24.54:573][  0]LogAudio: Display: Creating Audio Device:                 Id: 1, Scope: Shared, Realtime: True
[2022.02.25-06.24.54:573][  0]LogAudioMixer: Display: Audio Mixer Platform Settings:
[2022.02.25-06.24.54:573][  0]LogAudioMixer: Display: 	Sample Rate:						  48000
[2022.02.25-06.24.54:574][  0]LogAudioMixer: Display: 	Callback Buffer Frame Size Requested: 1024
[2022.02.25-06.24.54:574][  0]LogAudioMixer: Display: 	Callback Buffer Frame Size To Use:	  1024
[2022.02.25-06.24.54:574][  0]LogAudioMixer: Display: 	Number of buffers to queue:			  2
[2022.02.25-06.24.54:574][  0]LogAudioMixer: Display: 	Max Channels (voices):				  32
[2022.02.25-06.24.54:574][  0]LogAudioMixer: Display: 	Number of Async Source Workers:		  0
[2022.02.25-06.24.54:574][  0]LogAudio: Display: AudioDevice MaxSources: 32
[2022.02.25-06.24.54:574][  0]LogAudio: Display: Audio Spatialization Plugin: None (built-in).
[2022.02.25-06.24.54:574][  0]LogAudio: Display: Audio Reverb Plugin: None (built-in).
[2022.02.25-06.24.54:574][  0]LogAudio: Display: Audio Occlusion Plugin: None (built-in).
[2022.02.25-06.24.54:574][  0]LogAudioMixer: Display: Initializing audio mixer.
[2022.02.25-06.24.54:584][  0]LogAudioMixer: Display: 0: FrontLeft
[2022.02.25-06.24.54:584][  0]LogAudioMixer: Display: 1: FrontRight
[2022.02.25-06.24.54:610][  0]LogAudioMixer: Display: Using Audio Device Speakers (High Definition Audio Device)
[2022.02.25-06.24.54:610][  0]LogAudioMixer: Display: Initializing Sound Submixes...
[2022.02.25-06.24.54:613][  0]LogAudioMixer: Display: Creating Master Submix 'MasterSubmixDefault'
[2022.02.25-06.24.54:613][  0]LogAudioMixer: Display: Creating Master Submix 'MasterReverbSubmixDefault'
[2022.02.25-06.24.54:614][  0]LogAudioMixer: Display: Creating Master Submix 'MasterEQSubmixDefault'
[2022.02.25-06.24.54:614][  0]LogAudioMixer: FMixerPlatformXAudio2::StartAudioStream() called
[2022.02.25-06.24.54:614][  0]LogAudioMixer: Display: Output buffers initialized: Frames=1024, Channels=2, Samples=2048
[2022.02.25-06.24.54:615][  0]LogAudioMixer: Display: Starting AudioMixerPlatformInterface::RunInternal()
[2022.02.25-06.24.54:615][  0]LogAudioMixer: Display: FMixerPlatformXAudio2::SubmitBuffer() called for the first time
[2022.02.25-06.24.54:615][  0]LogInit: FAudioDevice initialized.
[2022.02.25-06.24.54:615][  0]LogAudio: Display: Audio Device (ID: 1) registered with world 'Untitled'.
[2022.02.25-06.24.54:615][  0]LogNetVersion: Set ProjectVersion to 1.0.0.0. Version Checksum will be recalculated on next use.
[2022.02.25-06.24.54:703][  0]LogDerivedDataCache: Saved boot cache 0.09s 94MB C:/Users/Lachlan Phillips/AppData/Local/UnrealEngine/4.27/DerivedDataCache/Boot.ddc.
[2022.02.25-06.24.54:706][  0]LogInit: Texture streaming: Enabled
[2022.02.25-06.24.54:718][  0]LogAnalytics: Display: [UEEditor.Rocket.Release] APIServer = https://datarouter.ol.epicgames.com/. AppVersion = 4.27.2-18319896+++UE4+Release-4.27
[2022.02.25-06.24.54:721][  0]LogEngineSessionManager: EngineSessionManager initialized
[2022.02.25-06.24.54:721][  0]LogEditorSessionSummary: Verbose: Initializing EditorSessionSummaryWriter for editor session tracking
[2022.02.25-06.24.54:722][  0]LogEditorSessionSummary: EditorSessionSummaryWriter initialized
[2022.02.25-06.24.54:746][  0]LogInit: Transaction tracking system initialized
[2022.02.25-06.24.54:764][  0]BlueprintLog: New page: Editor Load
[2022.02.25-06.24.54:814][  0]LocalizationService: Localization service is disabled
[2022.02.25-06.24.54:833][  0]TimingProfiler: Initialize
[2022.02.25-06.24.54:833][  0]TimingProfiler: OnSessionChanged
[2022.02.25-06.24.54:833][  0]LoadingProfiler: Initialize
[2022.02.25-06.24.54:833][  0]LoadingProfiler: OnSessionChanged
[2022.02.25-06.24.54:833][  0]NetworkingProfiler: Initialize
[2022.02.25-06.24.54:833][  0]NetworkingProfiler: OnSessionChanged
[2022.02.25-06.24.54:833][  0]MemoryProfiler: Initialize
[2022.02.25-06.24.54:834][  0]MemoryProfiler: OnSessionChanged
[2022.02.25-06.24.54:954][  0]LogCook: Display: CookSettings for Memory: MemoryMaxUsedVirtual 0MiB, MemoryMaxUsedPhysical 16384MiB, MemoryMinFreeVirtual 0MiB, MemoryMinFreePhysical 1024MiB
[2022.02.25-06.24.54:954][  0]LogCook: Display: Mobile HDR setting 1
[2022.02.25-06.24.55:115][  0]LogFileCache: Scanning file cache for directory 'D:/Unreal Projects/PaperWind/PaperWind/Content/' took 0.00s
[2022.02.25-06.24.55:267][  0]LogInit: Display: Engine is initialized. Leaving FEngineLoop::Init()
[2022.02.25-06.24.55:270][  0]SourceControl: Source control is disabled
[2022.02.25-06.24.55:270][  0]LogUnrealEdMisc: Loading editor; pre map load, took 5.957
[2022.02.25-06.24.55:270][  0]Cmd: MAP LOAD FILE="../../../../../Unreal Projects/PaperWind/PaperWind/Content/ThirdPersonBP/Maps/ThirdPersonExampleMap.umap" TEMPLATE=0 SHOWPROGRESS=1 FEATURELEVEL=3
[2022.02.25-06.24.55:270][  0]LightingResults: New page: Lighting Build
[2022.02.25-06.24.55:271][  0]LogWorld: UWorld::CleanupWorld for Untitled, bSessionEnded=true, bCleanupResources=true
[2022.02.25-06.24.55:271][  0]LogSlate: InvalidateAllWidgets triggered.  All widgets were invalidated
[2022.02.25-06.24.55:272][  0]MapCheck: New page: Map Check
[2022.02.25-06.24.55:272][  0]LightingResults: New page: Lighting Build
[2022.02.25-06.24.55:278][  0]LogAudio: Display: Audio Device unregistered from world 'None'.
[2022.02.25-06.24.55:281][  0]LogUObjectHash: Compacting FUObjectHashTables data took   0.82ms
[2022.02.25-06.24.55:503][  0]LogAudio: Display: Audio Device (ID: 1) registered with world 'ThirdPersonExampleMap'.
[2022.02.25-06.24.55:503][  0]LogAIModule: Creating AISystem for world ThirdPersonExampleMap
[2022.02.25-06.24.55:508][  0]LogEditorServer: Finished looking for orphan Actors (0.000 secs)
[2022.02.25-06.24.55:514][  0]LogUObjectHash: Compacting FUObjectHashTables data took   0.85ms
[2022.02.25-06.24.55:515][  0]Cmd: MAP CHECKDEP NOCLEARLOG
[2022.02.25-06.24.55:516][  0]MapCheck: Map check complete: 0 Error(s), 0 Warning(s), took 0.116ms to complete.
[2022.02.25-06.24.55:516][  0]LogFileHelpers: Loading map 'ThirdPersonExampleMap' took 0.246
[2022.02.25-06.24.55:518][  0]LogUnrealEdMisc: Total Editor Startup Time, took 6.205
[2022.02.25-06.24.55:626][  0]LogSlate: Updating window title bar state: overlay mode, drag disabled, window buttons hidden, title bar hidden
[2022.02.25-06.24.55:632][  0]LogSlate: Updating window title bar state: overlay mode, drag disabled, window buttons hidden, title bar hidden
[2022.02.25-06.24.55:637][  0]LogSlate: Updating window title bar state: overlay mode, drag disabled, window buttons hidden, title bar hidden
[2022.02.25-06.24.55:642][  0]LogSlate: Updating window title bar state: overlay mode, drag disabled, window buttons hidden, title bar hidden
[2022.02.25-06.24.55:654][  0]LogNativeClassHierarchy: Verbose: Native class hierarchy populated in 0.0092 seconds. Added 3822 classes and 928 folders.
[2022.02.25-06.24.55:658][  0]LogNativeClassHierarchy: Verbose: Native class hierarchy updated for 'WidgetCarousel' in 0.0002 seconds. Added 0 classes and 0 folders.
[2022.02.25-06.24.55:659][  0]LogPakFile: PakFile PrimaryIndexSize=187
[2022.02.25-06.24.55:659][  0]LogPakFile: PakFile PathHashIndexSize=101
[2022.02.25-06.24.55:659][  0]LogPakFile: PakFile FullDirectoryIndexSize=148
[2022.02.25-06.24.55:659][  0]LogShaderLibrary: Display: ShaderCodeLibraryPakFileMountedCallback: PakFile 'D:/Program Files/UE_4.27/FeaturePacks/FP_FirstPerson.upack' (chunk index -1, root 'root:/') mounted
[2022.02.25-06.24.55:659][  0]LogShaderLibrary: Display: ShaderCodeLibraryPakFileMountedCallback: pending pak file info (ChunkID:-1 Root:root:/ File:D:/Program Files/UE_4.27/FeaturePacks/FP_FirstPerson.upack)
[2022.02.25-06.24.55:659][  0]LogPakFile: OnPakFileMounted2Time == 0.000055
[2022.02.25-06.24.55:660][  0]LogPakFile: PakFile PrimaryIndexSize=189
[2022.02.25-06.24.55:660][  0]LogPakFile: PakFile PathHashIndexSize=101
[2022.02.25-06.24.55:660][  0]LogPakFile: PakFile FullDirectoryIndexSize=152
[2022.02.25-06.24.55:660][  0]LogShaderLibrary: Display: ShaderCodeLibraryPakFileMountedCallback: PakFile 'D:/Program Files/UE_4.27/FeaturePacks/FP_FirstPersonBP.upack' (chunk index -1, root 'root:/') mounted
[2022.02.25-06.24.55:660][  0]LogShaderLibrary: Display: ShaderCodeLibraryPakFileMountedCallback: pending pak file info (ChunkID:-1 Root:root:/ File:D:/Program Files/UE_4.27/FeaturePacks/FP_FirstPersonBP.upack)
[2022.02.25-06.24.55:660][  0]LogPakFile: OnPakFileMounted2Time == 0.000037
[2022.02.25-06.24.55:661][  0]LogPakFile: PakFile PrimaryIndexSize=191
[2022.02.25-06.24.55:661][  0]LogPakFile: PakFile PathHashIndexSize=101
[2022.02.25-06.24.55:661][  0]LogPakFile: PakFile FullDirectoryIndexSize=160
[2022.02.25-06.24.55:661][  0]LogShaderLibrary: Display: ShaderCodeLibraryPakFileMountedCallback: PakFile 'D:/Program Files/UE_4.27/FeaturePacks/MobileStarterContent.upack' (chunk index -1, root 'root:/') mounted
[2022.02.25-06.24.55:661][  0]LogShaderLibrary: Display: ShaderCodeLibraryPakFileMountedCallback: pending pak file info (ChunkID:-1 Root:root:/ File:D:/Program Files/UE_4.27/FeaturePacks/MobileStarterContent.upack)
[2022.02.25-06.24.55:661][  0]LogPakFile: OnPakFileMounted2Time == 0.000033
[2022.02.25-06.24.55:662][  0]LogPakFile: PakFile PrimaryIndexSize=185
[2022.02.25-06.24.55:662][  0]LogPakFile: PakFile PathHashIndexSize=101
[2022.02.25-06.24.55:662][  0]LogPakFile: PakFile FullDirectoryIndexSize=148
[2022.02.25-06.24.55:662][  0]LogShaderLibrary: Display: ShaderCodeLibraryPakFileMountedCallback: PakFile 'D:/Program Files/UE_4.27/FeaturePacks/StarterContent.upack' (chunk index -1, root 'root:/') mounted
[2022.02.25-06.24.55:662][  0]LogShaderLibrary: Display: ShaderCodeLibraryPakFileMountedCallback: pending pak file info (ChunkID:-1 Root:root:/ File:D:/Program Files/UE_4.27/FeaturePacks/StarterContent.upack)
[2022.02.25-06.24.55:662][  0]LogPakFile: OnPakFileMounted2Time == 0.000035
[2022.02.25-06.24.55:663][  0]LogPakFile: PakFile PrimaryIndexSize=190
[2022.02.25-06.24.55:663][  0]LogPakFile: PakFile PathHashIndexSize=101
[2022.02.25-06.24.55:663][  0]LogPakFile: PakFile FullDirectoryIndexSize=154
[2022.02.25-06.24.55:663][  0]LogShaderLibrary: Display: ShaderCodeLibraryPakFileMountedCallback: PakFile 'D:/Program Files/UE_4.27/FeaturePacks/TP_2DSideScroller.upack' (chunk index -1, root 'root:/') mounted
[2022.02.25-06.24.55:663][  0]LogShaderLibrary: Display: ShaderCodeLibraryPakFileMountedCallback: pending pak file info (ChunkID:-1 Root:root:/ File:D:/Program Files/UE_4.27/FeaturePacks/TP_2DSideScroller.upack)
[2022.02.25-06.24.55:663][  0]LogPakFile: OnPakFileMounted2Time == 0.000033
[2022.02.25-06.24.55:663][  0]LogPakFile: PakFile PrimaryIndexSize=192
[2022.02.25-06.24.55:663][  0]LogPakFile: PakFile PathHashIndexSize=101
[2022.02.25-06.24.55:663][  0]LogPakFile: PakFile FullDirectoryIndexSize=158
[2022.02.25-06.24.55:663][  0]LogShaderLibrary: Display: ShaderCodeLibraryPakFileMountedCallback: PakFile 'D:/Program Files/UE_4.27/FeaturePacks/TP_2DSideScrollerBP.upack' (chunk index -1, root 'root:/') mounted
[2022.02.25-06.24.55:663][  0]LogShaderLibrary: Display: ShaderCodeLibraryPakFileMountedCallback: pending pak file info (ChunkID:-1 Root:root:/ File:D:/Program Files/UE_4.27/FeaturePacks/TP_2DSideScrollerBP.upack)
[2022.02.25-06.24.55:663][  0]LogPakFile: OnPakFileMounted2Time == 0.000032
[2022.02.25-06.24.55:664][  0]LogPakFile: PakFile PrimaryIndexSize=182
[2022.02.25-06.24.55:664][  0]LogPakFile: PakFile PathHashIndexSize=101
[2022.02.25-06.24.55:664][  0]LogPakFile: PakFile FullDirectoryIndexSize=138
[2022.02.25-06.24.55:664][  0]LogShaderLibrary: Display: ShaderCodeLibraryPakFileMountedCallback: PakFile 'D:/Program Files/UE_4.27/FeaturePacks/TP_Flying.upack' (chunk index -1, root 'root:/') mounted
[2022.02.25-06.24.55:664][  0]LogShaderLibrary: Display: ShaderCodeLibraryPakFileMountedCallback: pending pak file info (ChunkID:-1 Root:root:/ File:D:/Program Files/UE_4.27/FeaturePacks/TP_Flying.upack)
[2022.02.25-06.24.55:664][  0]LogPakFile: OnPakFileMounted2Time == 0.000032
[2022.02.25-06.24.55:665][  0]LogPakFile: PakFile PrimaryIndexSize=184
[2022.02.25-06.24.55:665][  0]LogPakFile: PakFile PathHashIndexSize=101
[2022.02.25-06.24.55:665][  0]LogPakFile: PakFile FullDirectoryIndexSize=142
[2022.02.25-06.24.55:665][  0]LogShaderLibrary: Display: ShaderCodeLibraryPakFileMountedCallback: PakFile 'D:/Program Files/UE_4.27/FeaturePacks/TP_FlyingBP.upack' (chunk index -1, root 'root:/') mounted
[2022.02.25-06.24.55:665][  0]LogShaderLibrary: Display: ShaderCodeLibraryPakFileMountedCallback: pending pak file info (ChunkID:-1 Root:root:/ File:D:/Program Files/UE_4.27/FeaturePacks/TP_FlyingBP.upack)
[2022.02.25-06.24.55:665][  0]LogPakFile: OnPakFileMounted2Time == 0.000033
[2022.02.25-06.24.55:666][  0]LogPakFile: PakFile PrimaryIndexSize=188
[2022.02.25-06.24.55:666][  0]LogPakFile: PakFile PathHashIndexSize=101
[2022.02.25-06.24.55:666][  0]LogPakFile: PakFile FullDirectoryIndexSize=150
[2022.02.25-06.24.55:666][  0]LogShaderLibrary: Display: ShaderCodeLibraryPakFileMountedCallback: PakFile 'D:/Program Files/UE_4.27/FeaturePacks/TP_HandheldARBP.upack' (chunk index -1, root 'root:/') mounted
[2022.02.25-06.24.55:666][  0]LogShaderLibrary: Display: ShaderCodeLibraryPakFileMountedCallback: pending pak file info (ChunkID:-1 Root:root:/ File:D:/Program Files/UE_4.27/FeaturePacks/TP_HandheldARBP.upack)
[2022.02.25-06.24.55:666][  0]LogPakFile: OnPakFileMounted2Time == 0.000032
[2022.02.25-06.24.55:667][  0]LogPakFile: PakFile PrimaryIndexSize=182
[2022.02.25-06.24.55:667][  0]LogPakFile: PakFile PathHashIndexSize=101
[2022.02.25-06.24.55:667][  0]LogPakFile: PakFile FullDirectoryIndexSize=138
[2022.02.25-06.24.55:667][  0]LogShaderLibrary: Display: ShaderCodeLibraryPakFileMountedCallback: PakFile 'D:/Program Files/UE_4.27/FeaturePacks/TP_Puzzle.upack' (chunk index -1, root 'root:/') mounted
[2022.02.25-06.24.55:667][  0]LogShaderLibrary: Display: ShaderCodeLibraryPakFileMountedCallback: pending pak file info (ChunkID:-1 Root:root:/ File:D:/Program Files/UE_4.27/FeaturePacks/TP_Puzzle.upack)
[2022.02.25-06.24.55:667][  0]LogPakFile: OnPakFileMounted2Time == 0.000032
[2022.02.25-06.24.55:668][  0]LogPakFile: PakFile PrimaryIndexSize=184
[2022.02.25-06.24.55:668][  0]LogPakFile: PakFile PathHashIndexSize=101
[2022.02.25-06.24.55:668][  0]LogPakFile: PakFile FullDirectoryIndexSize=142
[2022.02.25-06.24.55:668][  0]LogShaderLibrary: Display: ShaderCodeLibraryPakFileMountedCallback: PakFile 'D:/Program Files/UE_4.27/FeaturePacks/TP_PuzzleBP.upack' (chunk index -1, root 'root:/') mounted
[2022.02.25-06.24.55:668][  0]LogShaderLibrary: Display: ShaderCodeLibraryPakFileMountedCallback: pending pak file info (ChunkID:-1 Root:root:/ File:D:/Program Files/UE_4.27/FeaturePacks/TP_PuzzleBP.upack)
[2022.02.25-06.24.55:668][  0]LogPakFile: OnPakFileMounted2Time == 0.000032
[2022.02.25-06.24.55:668][  0]LogPakFile: PakFile PrimaryIndexSize=183
[2022.02.25-06.24.55:668][  0]LogPakFile: PakFile PathHashIndexSize=101
[2022.02.25-06.24.55:668][  0]LogPakFile: PakFile FullDirectoryIndexSize=140
[2022.02.25-06.24.55:668][  0]LogShaderLibrary: Display: ShaderCodeLibraryPakFileMountedCallback: PakFile 'D:/Program Files/UE_4.27/FeaturePacks/TP_Rolling.upack' (chunk index -1, root 'root:/') mounted
[2022.02.25-06.24.55:668][  0]LogShaderLibrary: Display: ShaderCodeLibraryPakFileMountedCallback: pending pak file info (ChunkID:-1 Root:root:/ File:D:/Program Files/UE_4.27/FeaturePacks/TP_Rolling.upack)
[2022.02.25-06.24.55:668][  0]LogPakFile: OnPakFileMounted2Time == 0.000032
[2022.02.25-06.24.55:669][  0]LogPakFile: PakFile PrimaryIndexSize=185
[2022.02.25-06.24.55:669][  0]LogPakFile: PakFile PathHashIndexSize=101
[2022.02.25-06.24.55:669][  0]LogPakFile: PakFile FullDirectoryIndexSize=144
[2022.02.25-06.24.55:669][  0]LogShaderLibrary: Display: ShaderCodeLibraryPakFileMountedCallback: PakFile 'D:/Program Files/UE_4.27/FeaturePacks/TP_RollingBP.upack' (chunk index -1, root 'root:/') mounted
[2022.02.25-06.24.55:669][  0]LogShaderLibrary: Display: ShaderCodeLibraryPakFileMountedCallback: pending pak file info (ChunkID:-1 Root:root:/ File:D:/Program Files/UE_4.27/FeaturePacks/TP_RollingBP.upack)
[2022.02.25-06.24.55:669][  0]LogPakFile: OnPakFileMounted2Time == 0.000032
[2022.02.25-06.24.55:670][  0]LogPakFile: PakFile PrimaryIndexSize=188
[2022.02.25-06.24.55:670][  0]LogPakFile: PakFile PathHashIndexSize=101
[2022.02.25-06.24.55:670][  0]LogPakFile: PakFile FullDirectoryIndexSize=150
[2022.02.25-06.24.55:670][  0]LogShaderLibrary: Display: ShaderCodeLibraryPakFileMountedCallback: PakFile 'D:/Program Files/UE_4.27/FeaturePacks/TP_SideScroller.upack' (chunk index -1, root 'root:/') mounted
[2022.02.25-06.24.55:670][  0]LogShaderLibrary: Display: ShaderCodeLibraryPakFileMountedCallback: pending pak file info (ChunkID:-1 Root:root:/ File:D:/Program Files/UE_4.27/FeaturePacks/TP_SideScroller.upack)
[2022.02.25-06.24.55:670][  0]LogPakFile: OnPakFileMounted2Time == 0.000032
[2022.02.25-06.24.55:671][  0]LogPakFile: PakFile PrimaryIndexSize=190
[2022.02.25-06.24.55:671][  0]LogPakFile: PakFile PathHashIndexSize=101
[2022.02.25-06.24.55:671][  0]LogPakFile: PakFile FullDirectoryIndexSize=154
[2022.02.25-06.24.55:671][  0]LogShaderLibrary: Display: ShaderCodeLibraryPakFileMountedCallback: PakFile 'D:/Program Files/UE_4.27/FeaturePacks/TP_SideScrollerBP.upack' (chunk index -1, root 'root:/') mounted
[2022.02.25-06.24.55:671][  0]LogShaderLibrary: Display: ShaderCodeLibraryPakFileMountedCallback: pending pak file info (ChunkID:-1 Root:root:/ File:D:/Program Files/UE_4.27/FeaturePacks/TP_SideScrollerBP.upack)
[2022.02.25-06.24.55:671][  0]LogPakFile: OnPakFileMounted2Time == 0.000035
[2022.02.25-06.24.55:672][  0]LogPakFile: PakFile PrimaryIndexSize=187
[2022.02.25-06.24.55:672][  0]LogPakFile: PakFile PathHashIndexSize=101
[2022.02.25-06.24.55:672][  0]LogPakFile: PakFile FullDirectoryIndexSize=148
[2022.02.25-06.24.55:672][  0]LogShaderLibrary: Display: ShaderCodeLibraryPakFileMountedCallback: PakFile 'D:/Program Files/UE_4.27/FeaturePacks/TP_ThirdPerson.upack' (chunk index -1, root 'root:/') mounted
[2022.02.25-06.24.55:672][  0]LogShaderLibrary: Display: ShaderCodeLibraryPakFileMountedCallback: pending pak file info (ChunkID:-1 Root:root:/ File:D:/Program Files/UE_4.27/FeaturePacks/TP_ThirdPerson.upack)
[2022.02.25-06.24.55:672][  0]LogPakFile: OnPakFileMounted2Time == 0.000035
[2022.02.25-06.24.55:672][  0]LogPakFile: PakFile PrimaryIndexSize=189
[2022.02.25-06.24.55:672][  0]LogPakFile: PakFile PathHashIndexSize=101
[2022.02.25-06.24.55:672][  0]LogPakFile: PakFile FullDirectoryIndexSize=152
[2022.02.25-06.24.55:672][  0]LogShaderLibrary: Display: ShaderCodeLibraryPakFileMountedCallback: PakFile 'D:/Program Files/UE_4.27/FeaturePacks/TP_ThirdPersonBP.upack' (chunk index -1, root 'root:/') mounted
[2022.02.25-06.24.55:672][  0]LogShaderLibrary: Display: ShaderCodeLibraryPakFileMountedCallback: pending pak file info (ChunkID:-1 Root:root:/ File:D:/Program Files/UE_4.27/FeaturePacks/TP_ThirdPersonBP.upack)
[2022.02.25-06.24.55:672][  0]LogPakFile: OnPakFileMounted2Time == 0.000033
[2022.02.25-06.24.55:673][  0]LogPakFile: PakFile PrimaryIndexSize=183
[2022.02.25-06.24.55:673][  0]LogPakFile: PakFile PathHashIndexSize=101
[2022.02.25-06.24.55:673][  0]LogPakFile: PakFile FullDirectoryIndexSize=140
[2022.02.25-06.24.55:673][  0]LogShaderLibrary: Display: ShaderCodeLibraryPakFileMountedCallback: PakFile 'D:/Program Files/UE_4.27/FeaturePacks/TP_TopDown.upack' (chunk index -1, root 'root:/') mounted
[2022.02.25-06.24.55:673][  0]LogShaderLibrary: Display: ShaderCodeLibraryPakFileMountedCallback: pending pak file info (ChunkID:-1 Root:root:/ File:D:/Program Files/UE_4.27/FeaturePacks/TP_TopDown.upack)
[2022.02.25-06.24.55:673][  0]LogPakFile: OnPakFileMounted2Time == 0.000038
[2022.02.25-06.24.55:674][  0]LogPakFile: PakFile PrimaryIndexSize=185
[2022.02.25-06.24.55:674][  0]LogPakFile: PakFile PathHashIndexSize=101
[2022.02.25-06.24.55:674][  0]LogPakFile: PakFile FullDirectoryIndexSize=144
[2022.02.25-06.24.55:674][  0]LogShaderLibrary: Display: ShaderCodeLibraryPakFileMountedCallback: PakFile 'D:/Program Files/UE_4.27/FeaturePacks/TP_TopDownBP.upack' (chunk index -1, root 'root:/') mounted
[2022.02.25-06.24.55:674][  0]LogShaderLibrary: Display: ShaderCodeLibraryPakFileMountedCallback: pending pak file info (ChunkID:-1 Root:root:/ File:D:/Program Files/UE_4.27/FeaturePacks/TP_TopDownBP.upack)
[2022.02.25-06.24.55:674][  0]LogPakFile: OnPakFileMounted2Time == 0.000035
[2022.02.25-06.24.55:675][  0]LogPakFile: PakFile PrimaryIndexSize=185
[2022.02.25-06.24.55:675][  0]LogPakFile: PakFile PathHashIndexSize=101
[2022.02.25-06.24.55:675][  0]LogPakFile: PakFile FullDirectoryIndexSize=144
[2022.02.25-06.24.55:675][  0]LogShaderLibrary: Display: ShaderCodeLibraryPakFileMountedCallback: PakFile 'D:/Program Files/UE_4.27/FeaturePacks/TP_TwinStick.upack' (chunk index -1, root 'root:/') mounted
[2022.02.25-06.24.55:675][  0]LogShaderLibrary: Display: ShaderCodeLibraryPakFileMountedCallback: pending pak file info (ChunkID:-1 Root:root:/ File:D:/Program Files/UE_4.27/FeaturePacks/TP_TwinStick.upack)
[2022.02.25-06.24.55:675][  0]LogPakFile: OnPakFileMounted2Time == 0.000032
[2022.02.25-06.24.55:675][  0]LogPakFile: PakFile PrimaryIndexSize=187
[2022.02.25-06.24.55:675][  0]LogPakFile: PakFile PathHashIndexSize=101
[2022.02.25-06.24.55:675][  0]LogPakFile: PakFile FullDirectoryIndexSize=148
[2022.02.25-06.24.55:675][  0]LogShaderLibrary: Display: ShaderCodeLibraryPakFileMountedCallback: PakFile 'D:/Program Files/UE_4.27/FeaturePacks/TP_TwinStickBP.upack' (chunk index -1, root 'root:/') mounted
[2022.02.25-06.24.55:675][  0]LogShaderLibrary: Display: ShaderCodeLibraryPakFileMountedCallback: pending pak file info (ChunkID:-1 Root:root:/ File:D:/Program Files/UE_4.27/FeaturePacks/TP_TwinStickBP.upack)
[2022.02.25-06.24.55:676][  0]LogPakFile: OnPakFileMounted2Time == 0.000028
[2022.02.25-06.24.55:676][  0]LogPakFile: PakFile PrimaryIndexSize=183
[2022.02.25-06.24.55:676][  0]LogPakFile: PakFile PathHashIndexSize=101
[2022.02.25-06.24.55:676][  0]LogPakFile: PakFile FullDirectoryIndexSize=140
[2022.02.25-06.24.55:676][  0]LogShaderLibrary: Display: ShaderCodeLibraryPakFileMountedCallback: PakFile 'D:/Program Files/UE_4.27/FeaturePacks/TP_Vehicle.upack' (chunk index -1, root 'root:/') mounted
[2022.02.25-06.24.55:676][  0]LogShaderLibrary: Display: ShaderCodeLibraryPakFileMountedCallback: pending pak file info (ChunkID:-1 Root:root:/ File:D:/Program Files/UE_4.27/FeaturePacks/TP_Vehicle.upack)
[2022.02.25-06.24.55:676][  0]LogPakFile: OnPakFileMounted2Time == 0.000026
[2022.02.25-06.24.55:677][  0]LogPakFile: PakFile PrimaryIndexSize=186
[2022.02.25-06.24.55:677][  0]LogPakFile: PakFile PathHashIndexSize=101
[2022.02.25-06.24.55:677][  0]LogPakFile: PakFile FullDirectoryIndexSize=146
[2022.02.25-06.24.55:677][  0]LogShaderLibrary: Display: ShaderCodeLibraryPakFileMountedCallback: PakFile 'D:/Program Files/UE_4.27/FeaturePacks/TP_VehicleAdv.upack' (chunk index -1, root 'root:/') mounted
[2022.02.25-06.24.55:677][  0]LogShaderLibrary: Display: ShaderCodeLibraryPakFileMountedCallback: pending pak file info (ChunkID:-1 Root:root:/ File:D:/Program Files/UE_4.27/FeaturePacks/TP_VehicleAdv.upack)
[2022.02.25-06.24.55:677][  0]LogPakFile: OnPakFileMounted2Time == 0.000027
[2022.02.25-06.24.55:677][  0]LogPakFile: PakFile PrimaryIndexSize=188
[2022.02.25-06.24.55:677][  0]LogPakFile: PakFile PathHashIndexSize=101
[2022.02.25-06.24.55:678][  0]LogPakFile: PakFile FullDirectoryIndexSize=150
[2022.02.25-06.24.55:678][  0]LogShaderLibrary: Display: ShaderCodeLibraryPakFileMountedCallback: PakFile 'D:/Program Files/UE_4.27/FeaturePacks/TP_VehicleAdvBP.upack' (chunk index -1, root 'root:/') mounted
[2022.02.25-06.24.55:678][  0]LogShaderLibrary: Display: ShaderCodeLibraryPakFileMountedCallback: pending pak file info (ChunkID:-1 Root:root:/ File:D:/Program Files/UE_4.27/FeaturePacks/TP_VehicleAdvBP.upack)
[2022.02.25-06.24.55:678][  0]LogPakFile: OnPakFileMounted2Time == 0.000027
[2022.02.25-06.24.55:678][  0]LogPakFile: PakFile PrimaryIndexSize=185
[2022.02.25-06.24.55:678][  0]LogPakFile: PakFile PathHashIndexSize=101
[2022.02.25-06.24.55:678][  0]LogPakFile: PakFile FullDirectoryIndexSize=144
[2022.02.25-06.24.55:678][  0]LogShaderLibrary: Display: ShaderCodeLibraryPakFileMountedCallback: PakFile 'D:/Program Files/UE_4.27/FeaturePacks/TP_VehicleBP.upack' (chunk index -1, root 'root:/') mounted
[2022.02.25-06.24.55:678][  0]LogShaderLibrary: Display: ShaderCodeLibraryPakFileMountedCallback: pending pak file info (ChunkID:-1 Root:root:/ File:D:/Program Files/UE_4.27/FeaturePacks/TP_VehicleBP.upack)
[2022.02.25-06.24.55:678][  0]LogPakFile: OnPakFileMounted2Time == 0.000026
[2022.02.25-06.24.55:679][  0]LogPakFile: PakFile PrimaryIndexSize=192
[2022.02.25-06.24.55:679][  0]LogPakFile: PakFile PathHashIndexSize=101
[2022.02.25-06.24.55:679][  0]LogPakFile: PakFile FullDirectoryIndexSize=158
[2022.02.25-06.24.55:679][  0]LogShaderLibrary: Display: ShaderCodeLibraryPakFileMountedCallback: PakFile 'D:/Program Files/UE_4.27/FeaturePacks/TP_VirtualRealityBP.upack' (chunk index -1, root 'root:/') mounted
[2022.02.25-06.24.55:679][  0]LogShaderLibrary: Display: ShaderCodeLibraryPakFileMountedCallback: pending pak file info (ChunkID:-1 Root:root:/ File:D:/Program Files/UE_4.27/FeaturePacks/TP_VirtualRealityBP.upack)
[2022.02.25-06.24.55:679][  0]LogPakFile: OnPakFileMounted2Time == 0.000026
[2022.02.25-06.24.55:733][  0]LogNativeClassHierarchy: Verbose: Native class hierarchy updated for 'AddContentDialog' in 0.0003 seconds. Added 0 classes and 0 folders.
[2022.02.25-06.24.55:734][  0]LogNativeClassHierarchy: Verbose: Native class hierarchy updated for 'SceneOutliner' in 0.0002 seconds. Added 2 classes and 0 folders.
[2022.02.25-06.24.55:808][  0]LogSlate: Took 0.000251 seconds to synchronously load lazily loaded font '../../../Engine/Content/Slate/Fonts/Roboto-Regular.ttf' (155K)
[2022.02.25-06.24.55:809][  0]LogSlate: Took 0.000145 seconds to synchronously load lazily loaded font '../../../Engine/Content/Editor/Slate/Fonts/FontAwesome.ttf' (139K)
[2022.02.25-06.24.55:810][  0]LogSlate: Took 0.000141 seconds to synchronously load lazily loaded font '../../../Engine/Content/Slate/Fonts/Roboto-Bold.ttf' (160K)
[2022.02.25-06.24.55:893][  0]LogRenderer: Reallocating scene render targets to support 1460x808 Format 10 NumSamples 1 (Frame:1).
[2022.02.25-06.24.56:364][  0]LogNativeClassHierarchy: Verbose: Native class hierarchy updated for 'HierarchicalLODOutliner' in 0.0003 seconds. Added 0 classes and 0 folders.
[2022.02.25-06.24.56:364][  0]LogInput: Warning: Action Jump uses invalid key OculusGo_Left_Trigger_Click.
[2022.02.25-06.24.56:364][  0]LogInput: Warning: Action ResetVR uses invalid key OculusGo_Left_Trackpad_Click.
[2022.02.25-06.24.56:364][  0]LogInput: Warning: Use -RemoveInvalidKeys to remove instances of these keys from the action mapping.
[2022.02.25-06.24.56:364][  0]LogLoad: (Engine Initialization) Total time: 7.05 seconds
[2022.02.25-06.24.56:364][  0]LogLoad: (Engine Initialization) Total Blueprint compile time: 0.00 seconds
[2022.02.25-06.24.56:413][  0]LogAssetRegistry: Asset discovery search completed in 4.2127 seconds
[2022.02.25-06.24.56:419][  0]LogCollectionManager: Fixed up redirectors for 0 collections in 0.000003 seconds (updated 0 objects)
[2022.02.25-06.24.56:419][  0]LogContentStreaming: Texture pool size now 1000 MB
[2022.02.25-06.25.14:758][ 73]LogWindows: Warning: CreateProc failed: The system cannot find the file specified. (0x00000002)
[2022.02.25-06.25.14:758][ 73]LogWindows: Warning: URL: C:/Program Files/Git/bin/git.exe version
[2022.02.25-06.25.14:758][ 73]LogWindows: Warning: CreateProc failed: The system cannot find the file specified. (0x00000002)
[2022.02.25-06.25.14:758][ 73]LogWindows: Warning: URL: C:/Program Files (x86)/Git/bin/git.exe version
[2022.02.25-06.25.14:759][ 73]LogWindows: Warning: CreateProc failed: The system cannot find the file specified. (0x00000002)
[2022.02.25-06.25.14:759][ 73]LogWindows: Warning: URL: C:\Users\Lachlan Phillips\AppData\Local/Programs/Git/cmd/git.exe version
[2022.02.25-06.25.14:759][ 73]LogWindows: Warning: CreateProc failed: The system cannot find the file specified. (0x00000002)
[2022.02.25-06.25.14:759][ 73]LogWindows: Warning: URL: C:/Program Files (x86)/SmartGit/git/bin/git.exe version
[2022.02.25-06.25.14:759][ 73]LogWindows: Warning: CreateProc failed: The system cannot find the file specified. (0x00000002)
[2022.02.25-06.25.14:759][ 73]LogWindows: Warning: URL: C:/Program Files (x86)/SmartGit/bin/git.exe version
[2022.02.25-06.25.14:759][ 73]LogWindows: Warning: CreateProc failed: The system cannot find the file specified. (0x00000002)
[2022.02.25-06.25.14:759][ 73]LogWindows: Warning: URL: C:\Users\Lachlan Phillips\AppData\Local/Atlassian/SourceTree/git_local/bin/git.exe version
[2022.02.25-06.25.14:759][ 73]LogWindows: Warning: CreateProc failed: The system cannot find the file specified. (0x00000002)
[2022.02.25-06.25.14:759][ 73]LogWindows: Warning: URL: C:/Program Files (x86)/fournova/Tower/vendor/Git/bin/git.exe version
[2022.02.25-06.27.10:046][334]LogSlate: Took 0.039953 seconds to synchronously load lazily loaded font '../../../Engine/Content/Slate/Fonts/DroidSansMono.ttf' (77K)
[2022.02.25-06.27.15:759][950]LogUObjectHash: Compacting FUObjectHashTables data took   0.71ms
[2022.02.25-06.29.30:922][193]LogSlate: Window 'Source Control Login' being destroyed
